U-Boot 2017.09-g40801113c5-211215 #wxt (Jan 20 2022 - 15:30:45 +0800)

Model: Rockchip RK3588 Evaluation Board
PreSerial: 2, raw, 0xfeb50000
DRAM:  7.7 GiB
Sysmem: init
Relocation Offset: edb71000
Relocation fdt: eb9fa010 - eb9fecf0
CR: M/C/I
Using default environment

mmc@fe2c0000: 1, mmc@fe2e0000: 0
Bootdev(atags): mmc 0
MMC0: HS400, 200Mhz
PartType: EFI
DM: v2
boot mode: None
FIT: no signed, no conf required
DTB: rk-kernel.dtb
HASH(c): OK
I2c0 speed: 100000Hz
vsel-gpios- not found! Error: -2
en-gpios- not found! Error: -2
vdd_cpu_big0_s0 1343750 uV
vsel-gpios- not found! Error: -2
en-gpios- not found! Error: -2
vdd_cpu_big1_s0 1343750 uV
I2c2 speed: 100000Hz
vsel-gpios- not found! Error: -2
en-gpios- not found! Error: -2
vdd_npu_s0 800000 uV
spi2: RK806: 2
vdd_gpu_s0 750000 uV
vdd_cpu_lit_s0 750000 uV
vdd_log_s0 750000 uV
vdd_vdenc_s0 init 750000 uV
vdd_ddr_s0 850000 uV
Warn: can't find connect driver
Warn: can't find connect driver
Warn: can't find connect driver
Warn: can't find connect driver
Warn: can't find connect driver
Warn: can't find connect driver
Model: Rockchip RK3588 NVR DEMO1 LP4 V21 Board
CLK: (uboot. arm: enter 1200000 KHz, init 1200000 KHz, kernel 0N/A)
  b0pll 1200000 KHz
  b1pll 1200000 KHz
  lpll 1200000 KHz
  v0pll 24000 KHz
  aupll 786215 KHz
  cpll 1500000 KHz
  gpll 1188000 KHz
  npll 850000 KHz
  ppll 1100000 KHz
  aclk_center_root 702000 KHz
  pclk_center_root 200000 KHz
  hclk_center_root 396000 KHz
  aclk_center_low_root 500000 KHz
  aclk_top_root 750000 KHz
  pclk_top_root 100000 KHz
  aclk_low_top_root 396000 KHz
Net:   eth1: ethernet@fe1c0000, eth0: ethernet@fe1b0000
Hit key to stop autoboot('CTRL+C'):  0
ANDROID: reboot reason: "(none)"
optee api revision: 2.0
TEEC: Waring: Could not find security partition
Not AVB images, AVB skip
No valid android hdr
Android image load failed
Android boot failed, error -1.
## Booting FIT Image at 0xe9bf1600 with size 0x01c07a00
Fdt Ramdisk skip relocation
## Loading kernel from FIT Image at e9bf1600 ...
   Using 'conf' configuration
## Verified-boot: 0
   Trying 'kernel' kernel subimage
     Description:  unavailable
     Type:         Kernel Image
     Compression:  uncompressed
     Data Start:   0xe9c2de00
     Data Size:    29143552 Bytes = 27.8 MiB
     Architecture: AArch64
     OS:           Linux
     Load Address: 0x00400000
     Entry Point:  0x00400000
     Hash algo:    sha256
     Hash value:   538954ad9ae11af21a3d5af1a0bbeab493ddc07377f689a8a92db182e5fa6039
   Verifying Hash Integrity ... sha256+ OK
## Loading fdt from FIT Image at e9bf1600 ...
   Using 'conf' configuration
   Trying 'fdt' fdt subimage
     Description:  unavailable
     Type:         Flat Device Tree
     Compression:  uncompressed
     Data Start:   0xe9bf1e00
     Data Size:    245279 Bytes = 239.5 KiB
     Architecture: AArch64
     Load Address: 0x0a100000
     Hash algo:    sha256
     Hash value:   5117a9ecde6a1ec968ae7e75382937102cea51da462d74eeb4e6fd42c1221584
   Verifying Hash Integrity ... sha256+ OK
   Loading fdt from 0x0a100000 to 0x0a100000
   Booting using the fdt blob at 0x0a100000
   Loading Kernel Image from 0xe9c2de00 to 0x00400000 ... OK
   kernel loaded at 0x00400000, end = 0x01fcb200
   Using Device Tree in place at 000000000a100000, end 000000000a13ee1e
Adding bank: 0x00200000 - 0x08400000 (size: 0x08200000)
Adding bank: 0x09400000 - 0xf0000000 (size: 0xe6c00000)
Adding bank: 0x100000000 - 0x200000000 (size: 0x100000000)
Total: 1628.225 ms

Starting kernel ...

[    1.742687] Booting Linux on physical CPU 0x0000000000 [0x412fd050]
[    1.742714] Linux version 5.10.66-g877905a95767-dirty (d@d) (aarch64-none-linux-gnu-gcc (GNU Toolchain for the A-profile Architecture 10.3-2021.07 (arm-10.29)) 10.3.1 20210621, GNU ld (GNU Toolchain for the A-profile Architecture 10.3-2021.07 (arm-10.29)) 2.36.1.20210621) #1 SMP Mon Jun 20 11:19:05 CST 2022
[    1.757486] Machine model: Rockchip RK3588 NVR DEMO1 LP4 V21 Board
[    1.757560] earlycon: uart8250 at MMIO32 0x00000000feb50000 (options '')
[    1.761801] printk: bootconsole [uart8250] enabled
[    1.765360] efi: UEFI not found.
[    1.773298] OF: fdt: Reserved memory: failed to reserve memory for node 'drm-logo@00000000': base 0x0000000000000000, size 0 MiB
[    1.774373] OF: fdt: Reserved memory: failed to reserve memory for node 'drm-cubic-lut@00000000': base 0x0000000000000000, size 0 MiB
[    1.775698] Reserved memory: created CMA memory pool at 0x00000001ff800000, size 8 MiB
[    1.776426] OF: reserved mem: initialized node cma, compatible id shared-dma-pool
[    1.932108] Zone ranges:
[    1.932356]   DMA      [mem 0x0000000000200000-0x00000000ffffffff]
[    1.932930]   DMA32    empty
[    1.933199]   Normal   [mem 0x0000000100000000-0x00000001ffffffff]
[    1.933771] Movable zone start for each node
[    1.934164] Early memory node ranges
[    1.934496]   node   0: [mem 0x0000000000200000-0x00000000083fffff]
[    1.935073]   node   0: [mem 0x0000000009400000-0x00000000efffffff]
[    1.935652]   node   0: [mem 0x0000000100000000-0x00000001ffffffff]
[    1.936231] Initmem setup node 0 [mem 0x0000000000200000-0x00000001ffffffff]
[    1.979947] psci: probing for conduit method from DT.
[    1.980423] psci: PSCIv1.1 detected in firmware.
[    1.980851] psci: Using standard PSCI v0.2 function IDs
[    1.981335] psci: Trusted OS migration not required
[    1.981786] psci: SMC Calling Convention v1.2
[    1.982607] percpu: Embedded 30 pages/cpu s84648 r8192 d30040 u122880
[    1.983423] Detected VIPT I-cache on CPU0
[    1.983838] CPU features: detected: GIC system register CPU interface
[    1.984432] CPU features: detected: Virtualization Host Extensions
[    1.985006] CPU features: detected: ARM errata 1165522, 1319367, or 1530923
[    1.985652] alternatives: patching kernel code
[    1.986357] Built 1 zonelists, mobility grouping on.  Total pages: 1995336
[    1.986995] Kernel command line: storagemedia=emmc androidboot.storagemedia=emmc androidboot.mode=normal  androidboot.verifiedbootstate=orange rw rootwait earlycon=uart8250,mmio32,0xfeb50000 console=ttyFIQ0 irqchip.gicv3_pseudo_nmi=0 root=PARTUUID=614e0000-0000
[    1.990357] Dentry cache hash table entries: 1048576 (order: 11, 8388608 bytes, linear)
[    1.991549] Inode-cache hash table entries: 524288 (order: 10, 4194304 bytes, linear)
[    1.992271] mem auto-init: stack:off, heap alloc:off, heap free:off
[    2.000182] software IO TLB: mapped [mem 0x00000000ec000000-0x00000000f0000000] (64MB)
[    2.081054] Memory: 7847456K/8108032K available (13824K kernel code, 3052K rwdata, 5524K rodata, 5952K init, 510K bss, 252384K reserved, 8192K cma-reserved)
[    2.082496] SLUB: HWalign=64, Order=0-3, MinObjects=0, CPUs=8, Nodes=1
[    2.083131] ftrace: allocating 53903 entries in 211 pages
[    2.178784] ftrace: allocated 211 pages with 5 groups
[    2.179567] rcu: Hierarchical RCU implementation.
[    2.180006] rcu:     RCU event tracing is enabled.
[    2.180425]  Rude variant of Tasks RCU enabled.
[    2.180843] rcu: RCU calculated value of scheduler-enlistment delay is 30 jiffies.
[    2.186483] NR_IRQS: 64, nr_irqs: 64, preallocated irqs: 0
[    2.189969] GICv3: GIC: Using split EOI/Deactivate mode
[    2.190454] GICv3: 480 SPIs implemented
[    2.190808] GICv3: 0 Extended SPIs implemented
[    2.191247] GICv3: Distributor has no Range Selector support
[    2.191774] GICv3: 16 PPIs implemented
[    2.192163] GICv3: CPU0: found redistributor 0 region 0:0x00000000fe680000
[    2.192925] ITS [mem 0xfe640000-0xfe65ffff]
[    2.193370] ITS@0x00000000fe640000: allocated 8192 Devices @1001d0000 (indirect, esz 8, psz 64K, shr 0)
[    2.194258] ITS@0x00000000fe640000: allocated 32768 Interrupt Collections @1001e0000 (flat, esz 2, psz 64K, shr 0)
[    2.195213] ITS: using cache flushing for cmd queue
[    2.195698] ITS [mem 0xfe660000-0xfe67ffff]
[    2.196133] ITS@0x00000000fe660000: allocated 8192 Devices @100200000 (indirect, esz 8, psz 64K, shr 0)
[    2.197020] ITS@0x00000000fe660000: allocated 32768 Interrupt Collections @100210000 (flat, esz 2, psz 64K, shr 0)
[    2.197973] ITS: using cache flushing for cmd queue
[    2.198698] GICv3: using LPI property table @0x0000000100220000
[    2.199390] GIC: using cache flushing for LPI property table
[    2.199916] GICv3: CPU0: using allocated LPI pending table @0x0000000100230000
[    2.200755] random: get_random_bytes called from start_kernel+0x3dc/0x5d0 with crng_init=0
[    2.344750] arch_timer: cp15 timer(s) running at 24.00MHz (phys).
[    2.346071] clocksource: arch_sys_counter: mask: 0xffffffffffffff max_cycles: 0x588fe9dc0, max_idle_ns: 440795202592 ns
[    2.347065] sched_clock: 56 bits at 24MHz, resolution 41ns, wraps every 4398046511097ns
[    2.349302] Console: colour dummy device 80x25
[    2.349742] Calibrating delay loop (skipped), value calculated using timer frequency.. 48.00 BogoMIPS (lpj=80000)
[    2.350691] pid_max: default: 32768 minimum: 301
[    2.351271] Mount-cache hash table entries: 16384 (order: 5, 131072 bytes, linear)
[    2.351984] Mountpoint-cache hash table entries: 16384 (order: 5, 131072 bytes, linear)
[    2.354644] rcu: Hierarchical SRCU implementation.
[    2.355911] Platform MSI: msi-controller@fe640000 domain created
[    2.356503] Platform MSI: msi-controller@fe660000 domain created
[    2.357470] PCI/MSI: /interrupt-controller@fe600000/msi-controller@fe640000 domain created
[    2.358246] PCI/MSI: /interrupt-controller@fe600000/msi-controller@fe660000 domain created
[    2.359238] EFI services will not be available.
[    2.360038] smp: Bringing up secondary CPUs ...
I/TC: Secondary CPU 4 initializing
I/TC: Secondary CPU 4 switching to normal world boot
I/TC: Secondary CPU 5 initializing
I/TC: Secondary CPU 5 switching to normal world boot
I/TC: Secondary CPU 6 initializing
I/TC: Secondary CPU 6 switching to normal world boot
I/TC: Secondary CPU 7 initializing
I/TC: Secondary CPU 7 switching to normal world boot
I/TC: Secondary CPU 1 initializing
I/TC: Secondary CPU 1 switching to normal world boot
I/TC: Secondary CPU 2 initializing
I/TC: Secondary CPU 2 switching to normal world boot
I/TC: Secondary CPU 3 initializing
I/TC: Secondary CPU 3 switching to normal world boot
[    2.361698] CPU features: detected: Spectre-v4
[    2.361703] Detected PIPT I-cache on CPU1
[    2.361722] GICv3: CPU1: found redistributor 400 region 0:0x00000000fe700000
[    2.361733] GICv3: CPU1: using allocated LPI pending table @0x0000000100240000
[    2.361761] CPU1: Booted secondary processor 0x0000000400 [0x414fd0b0]
[    2.363040] Detected PIPT I-cache on CPU2
[    2.363056] GICv3: CPU2: found redistributor 500 region 0:0x00000000fe720000
[    2.363067] GICv3: CPU2: using allocated LPI pending table @0x0000000100250000
[    2.363094] CPU2: Booted secondary processor 0x0000000500 [0x414fd0b0]
[    2.364392] Detected PIPT I-cache on CPU3
[    2.364406] GICv3: CPU3: found redistributor 600 region 0:0x00000000fe740000
[    2.364416] GICv3: CPU3: using allocated LPI pending table @0x0000000100260000
[    2.364442] CPU3: Booted secondary processor 0x0000000600 [0x414fd0b0]
[    2.365715] Detected PIPT I-cache on CPU4
[    2.365729] GICv3: CPU4: found redistributor 700 region 0:0x00000000fe760000
[    2.365739] GICv3: CPU4: using allocated LPI pending table @0x0000000100270000
[    2.365764] CPU4: Booted secondary processor 0x0000000700 [0x414fd0b0]
[    2.367017] Detected VIPT I-cache on CPU5
[    2.367046] GICv3: CPU5: found redistributor 100 region 0:0x00000000fe6a0000
[    2.367064] GICv3: CPU5: using allocated LPI pending table @0x0000000100280000
[    2.367106] CPU5: Booted secondary processor 0x0000000100 [0x412fd050]
[    2.368439] Detected VIPT I-cache on CPU6
[    2.368469] GICv3: CPU6: found redistributor 200 region 0:0x00000000fe6c0000
[    2.368487] GICv3: CPU6: using allocated LPI pending table @0x0000000100290000
[    2.368525] CPU6: Booted secondary processor 0x0000000200 [0x412fd050]
[    2.369831] Detected VIPT I-cache on CPU7
[    2.369860] GICv3: CPU7: found redistributor 300 region 0:0x00000000fe6e0000
[    2.369879] GICv3: CPU7: using allocated LPI pending table @0x00000001002a0000
[    2.369918] CPU7: Booted secondary processor 0x0000000300 [0x412fd050]
[    2.370035] smp: Brought up 1 node, 8 CPUs
[    2.386720] SMP: Total of 8 processors activated.
[    2.387155] CPU features: detected: Privileged Access Never
[    2.387667] CPU features: detected: User Access Override
[    2.388155] CPU features: detected: 32-bit EL0 Support
[    2.388636] CPU features: detected: Common not Private translations
[    2.389215] CPU features: detected: RAS Extension Support
[    2.389713] CPU features: detected: Data cache clean to the PoU not required for I/D coherence
[    2.390504] CPU features: detected: CRC32 instructions
[    2.390976] CPU features: detected: Speculative Store Bypassing Safe (SSBS)
[    2.391614] CPU features: detected: RCpc load-acquire (LDAPR)
[    2.392246] CPU: All CPU(s) started at EL2
[    2.394069] devtmpfs: initialized
[    2.405915] Registered cp15_barrier emulation handler
[    2.406383] Registered setend emulation handler
[    2.406867] clocksource: jiffies: mask: 0xffffffff max_cycles: 0xffffffff, max_idle_ns: 6370867519511994 ns
[    2.407753] futex hash table entries: 2048 (order: 5, 131072 bytes, linear)
[    2.408543] pinctrl core: initialized pinctrl subsystem
[    2.409274] DMI not present or invalid.
[    2.409736] NET: Registered protocol family 16
[    2.411060] DMA: preallocated 1024 KiB GFP_KERNEL pool for atomic allocations
[    2.411771] DMA: preallocated 1024 KiB GFP_KERNEL|GFP_DMA pool for atomic allocations
[    2.412977] thermal_sys: Registered thermal governor 'fair_share'
[    2.412979] thermal_sys: Registered thermal governor 'step_wise'
[    2.413535] thermal_sys: Registered thermal governor 'user_space'
[    2.414082] thermal_sys: Registered thermal governor 'power_allocator'
[    2.414748] thermal thermal_zone1: power_allocator: sustainable_power will be estimated
[    2.416099] thermal thermal_zone2: power_allocator: sustainable_power will be estimated
[    2.416849] thermal thermal_zone3: power_allocator: sustainable_power will be estimated
[    2.417596] thermal thermal_zone4: power_allocator: sustainable_power will be estimated
[    2.418340] thermal thermal_zone5: power_allocator: sustainable_power will be estimated
[    2.419087] thermal thermal_zone6: power_allocator: sustainable_power will be estimated
[    2.419835] cpuidle: using governor menu
[    2.420198] Registered FIQ tty driver
[    2.420663] hw-breakpoint: found 6 breakpoint and 4 watchpoint registers.
[    2.421398] ASID allocator initialised with 65536 entries
[    2.423573] printk: console [ramoops-1] enabled
[    2.423985] pstore: Registered ramoops as persistent store backend
[    2.424545] ramoops: using 0xf0000@0x110000, ecc: 0
[    2.462797] rockchip-gpio fd8a0000.gpio: probed /pinctrl/gpio@fd8a0000
[    2.463596] rockchip-gpio fec20000.gpio: probed /pinctrl/gpio@fec20000
[    2.464351] rockchip-gpio fec30000.gpio: probed /pinctrl/gpio@fec30000
[    2.465101] rockchip-gpio fec40000.gpio: probed /pinctrl/gpio@fec40000
[    2.465888] rockchip-gpio fec50000.gpio: probed /pinctrl/gpio@fec50000
[    2.466521] rockchip-pinctrl pinctrl: probed pinctrl
[    2.477867] fiq_debugger fiq_debugger.0: IRQ fiq not found
[    2.478375] fiq_debugger fiq_debugger.0: IRQ wakeup not found
[    2.478898] fiq_debugger_probe: could not install nmi irq handler
[[    2.479497] printk: console [ttyFIQ0] enabled
    2.479497] printk: console [ttyFIQ0] enabled
[    2.480273] printk: bootconsole [uart8250] disabled
[    2.480273] printk: bootconsole [uart8250] disabled
[    2.480790] Registered fiq debugger ttyFIQ0
[    2.481142] vcc3v3_pcie30: supplied by vcc12v_dcin
[    2.481213] vcc5v0_sys: supplied by vcc12v_dcin
[    2.481364] vcc5v0_host: supplied by vcc5v0_sys
[    2.481558] vcc5v0_otg: supplied by vcc5v0_sys
[    2.481631] vcc_1v1_nldo_s3: supplied by vcc5v0_sys
[    2.482008] iommu: Default domain type: Translated
[    2.482078] rk_iommu fdab9000.iommu: version = 2
[    2.482396] rk_iommu fdb50800.iommu: version = 2
[    2.482601] rk_iommu fdb60f00.iommu: version = 2
[    2.482762] rk_iommu fdb70f00.iommu: version = 2
[    2.482901] rk_iommu fdb90480.iommu: version = 2
[    2.483054] rk_iommu fdba0800.iommu: version = 2
[    2.483210] rk_iommu fdba4800.iommu: version = 2
[    2.483367] rk_iommu fdba8800.iommu: version = 2
[    2.483524] rk_iommu fdbac800.iommu: version = 2
[    2.483679] rk_iommu fdbb0800.iommu: version = 2
[    2.483829] rk_iommu fdbdf000.iommu: version = 2
[    2.484028] rk_iommu fdbef000.iommu: version = 2
[    2.484270] rk_iommu fdc38700.iommu: version = 2
[    2.484498] rk_iommu fdc48700.iommu: version = 2
[    2.484624] rk_iommu fdd97e00.iommu: version = 2
[    2.484902] SCSI subsystem initialized
[    2.484973] usbcore: registered new interface driver usbfs
[    2.484990] usbcore: registered new interface driver hub
[    2.485003] usbcore: registered new device driver usb
[    2.485036] mc: Linux media interface: v0.10
[    2.485045] videodev: Linux video capture interface: v2.00
[    2.485070] pps_core: LinuxPPS API ver. 1 registered
[    2.485074] pps_core: Software ver. 5.3.6 - Copyright 2005-2007 Rodolfo Giometti <giometti@linux.it>
[    2.485079] PTP clock support registered
[    2.485317] arm-scmi firmware:scmi: SCMI Notifications - Core Enabled.
[    2.485355] arm-scmi firmware:scmi: SCMI Protocol v2.0 'rockchip:' Firmware version 0x0
[    2.486304] Advanced Linux Sound Architecture Driver Initialized.
[    2.487777] rockchip-cpuinfo cpuinfo: SoC            : 35880000
[    2.487784] rockchip-cpuinfo cpuinfo: Serial         : 593e8ba3fe8b481f
[    2.488099] clocksource: Switched to clocksource arch_sys_counter
[    2.793212] VFS: Disk quotas dquot_6.6.0
[    2.793252] VFS: Dquot-cache hash table entries: 512 (order 0, 4096 bytes)
[    2.796337] NET: Registered protocol family 2
[    2.796501] IP idents hash table entries: 131072 (order: 8, 1048576 bytes, linear)
[    2.798041] tcp_listen_portaddr_hash hash table entries: 4096 (order: 5, 163840 bytes, linear)
[    2.798142] TCP established hash table entries: 65536 (order: 7, 524288 bytes, linear)
[    2.798410] TCP bind hash table entries: 65536 (order: 9, 2097152 bytes, linear)
[    2.799083] TCP: Hash tables configured (established 65536 bind 65536)
[    2.799141] UDP hash table entries: 4096 (order: 6, 393216 bytes, linear)
[    2.799278] UDP-Lite hash table entries: 4096 (order: 6, 393216 bytes, linear)
[    2.799477] NET: Registered protocol family 1
[    2.799685] RPC: Registered named UNIX socket transport module.
[    2.799690] RPC: Registered udp transport module.
[    2.799693] RPC: Registered tcp transport module.
[    2.799696] RPC: Registered tcp NFSv4.1 backchannel transport module.
[    2.800082] PCI: CLS 0 bytes, default 64
[    2.801095] hw perfevents: enabled with armv8_pmuv3 PMU driver, 7 counters available
[    2.803175] Initialise system trusted keyrings
[    2.803241] workingset: timestamp_bits=46 max_order=21 bucket_order=0
[    2.805366] NFS: Registering the id_resolver key type
[    2.805377] Key type id_resolver registered
[    2.805380] Key type id_legacy registered
[    2.805410] nfs4filelayout_init: NFSv4 File Layout Driver Registering...
[    2.805414] nfs4flexfilelayout_init: NFSv4 Flexfile Layout Driver Registering...
[    2.805425] ntfs: driver 2.1.32 [Flags: R/W].
[    2.805846] NET: Registered protocol family 38
[    2.805855] Key type asymmetric registered
[    2.805860] Asymmetric key parser 'x509' registered
[    2.805874] Block layer SCSI generic (bsg) driver version 0.4 loaded (major 242)
[    2.805878] io scheduler mq-deadline registered
[    2.805884] io scheduler kyber registered
[    2.813826] rockchip-hdptx-phy-hdmi fed60000.hdmiphy: hdptx phy init success
[    2.814505] rockchip-hdptx-phy-hdmi fed70000.hdmiphy: hdptx phy init success
[    2.816638] rk-pcie fe150000.pcie: invalid prsnt-gpios property in node
[    2.816698] mpp_service mpp-srv: 877905a95 author: Stephen 2022-06-17 arm64: dts: rockchip: overlay: add rk3588 i2c pwm uart
[    2.816704] mpp_service mpp-srv: probe start
[    2.817978] mpp_vdpu2 fdb50400.vdpu: Adding to iommu group 1
[    2.818207] mpp_vdpu2 fdb50400.vdpu: probe device
[    2.818305] mpp_vdpu2 fdb50400.vdpu: reset group is empty!
[    2.818308] vdpu_init:501: No aclk reset resource define
[    2.818312] mpp_vdpu2 fdb50400.vdpu: reset group is empty!
[    2.818316] vdpu_init:504: No hclk reset resource define
[    2.818487] mpp_vdpu2 fdb50400.vdpu: probing finish
[    2.818686] mpp_vepu2 jpege-ccu: probing start
[    2.818691] mpp_vepu2 jpege-ccu: probing finish
[    2.818805] mpp_vepu2 fdba0000.jpege-core: Adding to iommu group 5
[    2.818936] mpp_vepu2 fdba0000.jpege-core: probing start
[    2.819037] mpp_vepu2 fdba0000.jpege-core: attach ccu success
[    2.819166] mpp_vepu2 fdba0000.jpege-core: probing finish
[    2.819259] mpp_vepu2 fdba4000.jpege-core: Adding to iommu group 6
[    2.819384] mpp_vepu2 fdba4000.jpege-core: probing start
[    2.819471] mpp_vepu2 fdba4000.jpege-core: attach ccu success
[    2.819590] mpp_vepu2 fdba4000.jpege-core: probing finish
[    2.819689] mpp_vepu2 fdba8000.jpege-core: Adding to iommu group 7
[    2.819835] mpp_vepu2 fdba8000.jpege-core: probing start
[    2.819922] mpp_vepu2 fdba8000.jpege-core: attach ccu success
[    2.820042] mpp_vepu2 fdba8000.jpege-core: probing finish
[    2.820144] mpp_vepu2 fdbac000.jpege-core: Adding to iommu group 8
[    2.820273] mpp_vepu2 fdbac000.jpege-core: probing start
[    2.820361] mpp_vepu2 fdbac000.jpege-core: attach ccu success
[    2.820482] mpp_vepu2 fdbac000.jpege-core: probing finish
[    2.820744] mpp-iep2 fdbb0000.iep: Adding to iommu group 9
[    2.820872] mpp-iep2 fdbb0000.iep: probe device
[    2.820984] mpp-iep2 fdbb0000.iep: allocate roi buffer failed
[    2.821094] mpp-iep2 fdbb0000.iep: probing finish
[    2.821301] mpp_jpgdec fdb90000.jpegd: Adding to iommu group 4
[    2.821503] mpp_jpgdec fdb90000.jpegd: probe device
[    2.821724] mpp_jpgdec fdb90000.jpegd: probing finish
[    2.822021] mpp_rkvdec2 fdc30000.rkvdec-ccu: rkvdec-ccu, probing start
[    2.822071] mpp_rkvdec2 fdc30000.rkvdec-ccu: probing finish
[    2.822155] mpp_rkvdec2 fdc38100.rkvdec-core: Adding to iommu group 12
[    2.822363] mpp_rkvdec2 fdc38100.rkvdec-core: rkvdec-core, probing start
[    2.822460] mpp_rkvdec2 fdc38100.rkvdec-core: shared_niu_a is not found!
[    2.822464] rkvdec2_init:697: No niu aclk reset resource define
[    2.822468] mpp_rkvdec2 fdc38100.rkvdec-core: shared_niu_h is not found!
[    2.822472] rkvdec2_init:700: No niu hclk reset resource define
[    2.822530] mpp_rkvdec2 fdc38100.rkvdec-core: core_mask=00010001
[    2.822533] mpp_rkvdec2 fdc38100.rkvdec-core: attach ccu as core 0
[    2.822715] mpp_rkvdec2 fdc38100.rkvdec-core: sram_start 0x00000000fd601000
[    2.822719] mpp_rkvdec2 fdc38100.rkvdec-core: rcb_iova 0x0000000010000000
[    2.822723] mpp_rkvdec2 fdc38100.rkvdec-core: sram_size 491520
[    2.822726] mpp_rkvdec2 fdc38100.rkvdec-core: rcb_size 1048576
[    2.822731] mpp_rkvdec2 fdc38100.rkvdec-core: min_width 512
[    2.822757] mpp_rkvdec2 fdc38100.rkvdec-core: probing finish
[    2.822826] mpp_rkvdec2 fdc48100.rkvdec-core: Adding to iommu group 13
[    2.823010] mpp_rkvdec2 fdc48100.rkvdec-core: rkvdec-core, probing start
[    2.823106] mpp_rkvdec2 fdc48100.rkvdec-core: shared_niu_a is not found!
[    2.823110] rkvdec2_init:697: No niu aclk reset resource define
[    2.823114] mpp_rkvdec2 fdc48100.rkvdec-core: shared_niu_h is not found!
[    2.823117] rkvdec2_init:700: No niu hclk reset resource define
[    2.823162] mpp_rkvdec2 fdc48100.rkvdec-core: core_mask=00020002
[    2.823179] mpp_rkvdec2 fdc48100.rkvdec-core: attach ccu as core 1
[    2.823400] mpp_rkvdec2 fdc48100.rkvdec-core: sram_start 0x00000000fd679000
[    2.823404] mpp_rkvdec2 fdc48100.rkvdec-core: rcb_iova 0x0000000010100000
[    2.823408] mpp_rkvdec2 fdc48100.rkvdec-core: sram_size 487424
[    2.823412] mpp_rkvdec2 fdc48100.rkvdec-core: rcb_size 1048576
[    2.823416] mpp_rkvdec2 fdc48100.rkvdec-core: min_width 512
[    2.823443] mpp_rkvdec2 fdc48100.rkvdec-core: probing finish
[    2.823605] mpp_rkvenc2 rkvenc-ccu: probing start
[    2.823611] mpp_rkvenc2 rkvenc-ccu: probing finish
[    2.823714] mpp_rkvenc2 fdbd0000.rkvenc-core: Adding to iommu group 10
[    2.823867] mpp_rkvenc2 fdbd0000.rkvenc-core: probing start
[    2.823881] mpp_rkvenc2 fdbd0000.rkvenc-core: link mode task capacity 8
[    2.824017] mpp_rkvenc2 fdbd0000.rkvenc-core: attach ccu as core 0
[    2.824143] mpp_rkvenc2 fdbd0000.rkvenc-core: probing finish
[    2.824197] mpp_rkvenc2 fdbe0000.rkvenc-core: Adding to iommu group 11
[    2.824380] mpp_rkvenc2 fdbe0000.rkvenc-core: probing start
[    2.824395] mpp_rkvenc2 fdbe0000.rkvenc-core: link mode task capacity 8
[    2.824783] mpp_rkvenc2 fdbe0000.rkvenc-core: attach ccu as core 1
[    2.824902] mpp_rkvenc2 fdbe0000.rkvenc-core: probing finish
[    2.825373] mpp_av1dec: Adding child /av1d@fdc70000
[    2.825573] mpp_av1dec: register device av1d-master
[    2.825589] mpp_av1dec av1d-master: av1_iommu_of_xlate,784
[    2.825608] av1_iommu_probe_device,736, consumer : av1d-master, supplier : fdca0000.iommu
[    2.825615] mpp_av1dec av1d-master: Adding to iommu group 15
[    2.825809] mpp_av1dec av1d-master: probing start
[    2.826051] mpp_av1dec av1d-master: probing finish
[    2.826084] mpp_service mpp-srv: probe success
[    2.832484] dma-pl330 fea10000.dma-controller: Loaded driver for PL330 DMAC-241330
[    2.832492] dma-pl330 fea10000.dma-controller:       DBUFF-128x8bytes Num_Chans-8 Num_Peri-32 Num_Events-16
[    2.833252] dma-pl330 fea30000.dma-controller: Loaded driver for PL330 DMAC-241330
[    2.833259] dma-pl330 fea30000.dma-controller:       DBUFF-128x8bytes Num_Chans-8 Num_Peri-32 Num_Events-16
[    2.834009] dma-pl330 fed10000.dma-controller: Loaded driver for PL330 DMAC-241330
[    2.834016] dma-pl330 fed10000.dma-controller:       DBUFF-128x8bytes Num_Chans-8 Num_Peri-32 Num_Events-16
[    2.834377] rockchip-pvtm fda40000.pvtm: pvtm@0 probed
[    2.834432] rockchip-pvtm fda50000.pvtm: pvtm@1 probed
[    2.834478] rockchip-pvtm fda60000.pvtm: pvtm@2 probed
[    2.834524] rockchip-pvtm fdaf0000.pvtm: pvtm@3 probed
[    2.834566] rockchip-pvtm fdb30000.pvtm: pvtm@4 probed
[    2.835053] rockchip-system-monitor rockchip-system-monitor: system monitor probe
[    2.835730] Serial: 8250/16550 driver, 10 ports, IRQ sharing disabled
[    2.836003] rk-pcie fe150000.pcie: missing legacy IRQ resource
[    2.836037] rk-pcie fe150000.pcie: IRQ msi not found
[    2.836050] rk-pcie fe150000.pcie: use outband MSI support
[    2.836064] rk-pcie fe150000.pcie: Missing *config* reg space
[    2.836103] rk-pcie fe150000.pcie: host bridge /pcie@fe150000 ranges:
[    2.836184] rk-pcie fe150000.pcie:      err 0x00f0000000..0x00f00fffff -> 0x00f0000000
[    2.836243] rk-pcie fe150000.pcie:       IO 0x00f0100000..0x00f01fffff -> 0x00f0100000
[    2.836299] rk-pcie fe150000.pcie:      MEM 0x00f0200000..0x00f0ffffff -> 0x00f0200000
[    2.836343] rk-pcie fe150000.pcie:      MEM 0x0900000000..0x093fffffff -> 0x0900000000
[    2.836398] rk-pcie fe150000.pcie: Missing *config* reg space
[    2.836447] rk-pcie fe150000.pcie: invalid resource
[    2.836938] random: fast init done
[    2.837043] random: crng init done
[    2.837523] rockchip-vop2 fdd90000.vop: Adding to iommu group 14
[    2.839782] dw-mipi-dsi2 fde30000.dsi: [drm:dw_mipi_dsi2_probe] *ERROR* failed to get mipi dcphy: -517
[    2.849481] brd: module loaded
[    2.852088] loop: module loaded
[    2.852242] zram: Added device: zram0
[    2.852362] lkdtm: No crash points registered, enable through debugfs
[    2.852514] system_heap: orders[0] = 6
[    2.852519] system_heap: orders[1] = 4
[    2.852523] system_heap: orders[2] = 0
[    2.853608] ahci fe210000.sata: supply ahci not found, using dummy regulator
[    2.853677] ahci fe210000.sata: supply phy not found, using dummy regulator
[    2.853739] ahci fe210000.sata: supply target not found, using dummy regulator
[    2.853800] ahci fe210000.sata: forcing port_map 0x0 -> 0x1
[    2.853820] ahci fe210000.sata: AHCI 0001.0300 32 slots 1 ports 6 Gbps 0x1 impl platform mode
[    2.853827] ahci fe210000.sata: flags: ncq sntf pm led clo only pmp fbs pio slum part ccc apst
[    2.853836] ahci fe210000.sata: port 0 can do FBS, forcing FBSCP
[    2.854793] scsi host0: ahci
[    2.854911] ata1: SATA max UDMA/133 mmio [mem 0xfe210000-0xfe210fff] port 0x100 irq 70
[    2.855047] ahci fe220000.sata: supply ahci not found, using dummy regulator
[    2.855104] ahci fe220000.sata: supply phy not found, using dummy regulator
[    2.855268] ahci fe220000.sata: supply target not found, using dummy regulator
[    2.855319] ahci fe220000.sata: forcing port_map 0x0 -> 0x1
[    2.855339] ahci fe220000.sata: AHCI 0001.0300 32 slots 1 ports 6 Gbps 0x1 impl platform mode
[    2.855345] ahci fe220000.sata: flags: ncq sntf pm led clo only pmp fbs pio slum part ccc apst
[    2.855351] ahci fe220000.sata: port 0 can do FBS, forcing FBSCP
[    2.855999] scsi host1: ahci
[    2.856079] ata2: SATA max UDMA/133 mmio [mem 0xfe220000-0xfe220fff] port 0x100 irq 108
[    2.856985] rockchip-spi feb20000.spi: no high_speed pinctrl state
[    2.858047] rk806 spi2.0: chip id: RK806,ver:0x2, 0x1
[    2.858205] rk806 spi2.0: ON: 0x40 OFF:0x0
[    2.859710] vdd_gpu_s0: supplied by vcc5v0_sys
[    2.860755] vdd_cpu_lit_s0: supplied by vcc5v0_sys
[    2.861366] vdd_log_s0: supplied by vcc5v0_sys
[    2.861956] vdd_vdenc_s0: supplied by vcc5v0_sys
[    2.862612] vdd_ddr_s0: supplied by vcc5v0_sys
[    2.862998] vdd2_ddr_s3: supplied by vcc5v0_sys
[    2.863632] vdd_2v0_pldo_s3: supplied by vcc5v0_sys
[    2.864219] vcc_3v3_s3: supplied by vcc5v0_sys
[    2.864738] vddq_ddr_s0: supplied by vcc5v0_sys
[    2.865386] vcc_1v8_s3: supplied by vcc5v0_sys
[    2.865972] vdd_0v75_s3: supplied by vcc_1v1_nldo_s3
[    2.866564] vdd_ddr_pll_s0: supplied by vcc_1v1_nldo_s3
[    2.867074] avdd_0v75_s0: supplied by vcc_1v1_nldo_s3
[    2.867592] vdd_0v85_s0: supplied by vcc_1v1_nldo_s3
[    2.868120] vdd_0v75_s0: supplied by vcc_1v1_nldo_s3
[    2.868746] avcc_1v8_s0: supplied by vdd_2v0_pldo_s3
[    2.869400] vcc_1v8_s0: supplied by vdd_2v0_pldo_s3
[    2.869989] avdd_1v2_s0: supplied by vdd_2v0_pldo_s3
[    2.870567] vcc_3v3_s0: supplied by vcc5v0_sys
[    2.871090] vccio_sd_s0: supplied by vcc5v0_sys
[    2.871620] pldo6_s3: supplied by vcc5v0_sys
[    2.872103] rk806 spi2.0: no sleep-setting state
[    2.872109] rk806 spi2.0: no reset-setting pinctrl state
[    2.872113] rk806 spi2.0: no dvs-setting pinctrl state
[    2.874383] libphy: Fixed MDIO Bus: probed
[    2.875020] rk_gmac-dwmac fe1c0000.ethernet: IRQ eth_lpi not found
[    2.875149] rk_gmac-dwmac fe1c0000.ethernet: no regulator found
[    2.875155] rk_gmac-dwmac fe1c0000.ethernet: clock input or output? (output).
[    2.875160] rk_gmac-dwmac fe1c0000.ethernet: TX delay(0x42).
[    2.875164] rk_gmac-dwmac fe1c0000.ethernet: Can not read property: rx_delay.
[    2.875169] rk_gmac-dwmac fe1c0000.ethernet: set rx_delay to 0xffffffff
[    2.875183] rk_gmac-dwmac fe1c0000.ethernet: integrated PHY? (no).
[    2.875188] rk_gmac-dwmac fe1c0000.ethernet: cannot get clock mac_clk_rx
[    2.875193] rk_gmac-dwmac fe1c0000.ethernet: cannot get clock mac_clk_tx
[    2.875205] rk_gmac-dwmac fe1c0000.ethernet: cannot get clock clk_mac_speed
[    2.875418] rk_gmac-dwmac fe1c0000.ethernet: init for RGMII_RXID
[    2.875495] rk_gmac-dwmac fe1c0000.ethernet: User ID: 0x30, Synopsys ID: 0x51
[    2.875500] rk_gmac-dwmac fe1c0000.ethernet:         DWMAC4/5
[    2.875506] rk_gmac-dwmac fe1c0000.ethernet: DMA HW capability register supported
[    2.875510] rk_gmac-dwmac fe1c0000.ethernet: RX Checksum Offload Engine supported
[    2.875514] rk_gmac-dwmac fe1c0000.ethernet: TX Checksum insertion supported
[    2.875519] rk_gmac-dwmac fe1c0000.ethernet: Wake-Up On Lan supported
[    2.875545] rk_gmac-dwmac fe1c0000.ethernet: TSO supported
[    2.875550] rk_gmac-dwmac fe1c0000.ethernet: Enable RX Mitigation via HW Watchdog Timer
[    2.875555] rk_gmac-dwmac fe1c0000.ethernet: Enabled Flow TC (entries=2)
[    2.875559] rk_gmac-dwmac fe1c0000.ethernet: TSO feature enabled
[    2.875563] rk_gmac-dwmac fe1c0000.ethernet: Using 32 bits DMA width
[    3.008100] libphy: stmmac: probed
[    3.009870] rk_gmac-dwmac fe1b0000.ethernet: IRQ eth_lpi not found
[    3.010081] rk_gmac-dwmac fe1b0000.ethernet: no regulator found
[    3.010087] rk_gmac-dwmac fe1b0000.ethernet: clock input or output? (output).
[    3.010092] rk_gmac-dwmac fe1b0000.ethernet: TX delay(0x44).
[    3.010096] rk_gmac-dwmac fe1b0000.ethernet: Can not read property: rx_delay.
[    3.010101] rk_gmac-dwmac fe1b0000.ethernet: set rx_delay to 0xffffffff
[    3.010108] rk_gmac-dwmac fe1b0000.ethernet: integrated PHY? (no).
[    3.010114] rk_gmac-dwmac fe1b0000.ethernet: cannot get clock mac_clk_rx
[    3.010119] rk_gmac-dwmac fe1b0000.ethernet: cannot get clock mac_clk_tx
[    3.010131] rk_gmac-dwmac fe1b0000.ethernet: cannot get clock clk_mac_speed
[    3.010348] rk_gmac-dwmac fe1b0000.ethernet: init for RGMII_RXID
[    3.010474] rk_gmac-dwmac fe1b0000.ethernet: User ID: 0x30, Synopsys ID: 0x51
[    3.010479] rk_gmac-dwmac fe1b0000.ethernet:         DWMAC4/5
[    3.010485] rk_gmac-dwmac fe1b0000.ethernet: DMA HW capability register supported
[    3.010489] rk_gmac-dwmac fe1b0000.ethernet: RX Checksum Offload Engine supported
[    3.010493] rk_gmac-dwmac fe1b0000.ethernet: TX Checksum insertion supported
[    3.010497] rk_gmac-dwmac fe1b0000.ethernet: Wake-Up On Lan supported
[    3.010524] rk_gmac-dwmac fe1b0000.ethernet: TSO supported
[    3.010529] rk_gmac-dwmac fe1b0000.ethernet: Enable RX Mitigation via HW Watchdog Timer
[    3.010533] rk_gmac-dwmac fe1b0000.ethernet: Enabled Flow TC (entries=2)
[    3.010538] rk_gmac-dwmac fe1b0000.ethernet: TSO feature enabled
[    3.010542] rk_gmac-dwmac fe1b0000.ethernet: Using 32 bits DMA width
[    3.042597] rk-pcie fe150000.pcie: PCIe Linking... LTSSM is 0x0
[    3.068140] rk-pcie fe150000.pcie: PCIe Linking... LTSSM is 0x1
[    3.094803] rk-pcie fe150000.pcie: PCIe Linking... LTSSM is 0x1
[    3.121468] rk-pcie fe150000.pcie: PCIe Linking... LTSSM is 0x0
[    3.141434] libphy: stmmac: probed
[    3.143007] usbcore: registered new interface driver rndis_wlan
[    3.143027] usbcore: registered new interface driver asix
[    3.143045] usbcore: registered new interface driver cdc_ether
[    3.143058] usbcore: registered new interface driver rndis_host
[    3.143077] usbcore: registered new interface driver cdc_ncm
[    3.148135] rk-pcie fe150000.pcie: PCIe Linking... LTSSM is 0x0
[    3.168135] ata2: SATA link down (SStatus 0 SControl 300)
[    3.174794] rk-pcie fe150000.pcie: PCIe Linking... LTSSM is 0x0
[    3.201467] rk-pcie fe150000.pcie: PCIe Linking... LTSSM is 0x0
[    3.228138] rk-pcie fe150000.pcie: PCIe Linking... LTSSM is 0x0
[    3.254803] rk-pcie fe150000.pcie: PCIe Linking... LTSSM is 0x0
[    3.281466] rk-pcie fe150000.pcie: PCIe Linking... LTSSM is 0x0
[    3.384118] ehci_hcd: USB 2.0 'Enhanced' Host Controller (EHCI) Driver
[    3.384140] ehci-pci: EHCI PCI platform driver
[    3.384166] ehci-platform: EHCI generic platform driver
[    3.386542] ehci-platform fc800000.usb: EHCI Host Controller
[    3.386556] ehci-platform fc800000.usb: new USB bus registered, assigned bus number 1
[    3.386615] ehci-platform fc800000.usb: irq 19, io mem 0xfc800000
[    3.398107] ehci-platform fc800000.usb: USB 2.0 started, EHCI 1.00
[    3.398191] usb usb1: New USB device found, idVendor=1d6b, idProduct=0002, bcdDevice= 5.10
[    3.398197] usb usb1: New USB device strings: Mfr=3, Product=2, SerialNumber=1
[    3.398202] usb usb1: Product: EHCI Host Controller
[    3.398206] usb usb1: Manufacturer: Linux 5.10.66-g877905a95767-dirty ehci_hcd
[    3.398211] usb usb1: SerialNumber: fc800000.usb
[    3.398409] hub 1-0:1.0: USB hub found
[    3.398424] hub 1-0:1.0: 1 port detected
[    3.400911] ehci-platform fc880000.usb: EHCI Host Controller
[    3.400922] ehci-platform fc880000.usb: new USB bus registered, assigned bus number 2
[    3.400969] ehci-platform fc880000.usb: irq 21, io mem 0xfc880000
[    3.411441] ehci-platform fc880000.usb: USB 2.0 started, EHCI 1.00
[    3.411515] usb usb2: New USB device found, idVendor=1d6b, idProduct=0002, bcdDevice= 5.10
[    3.411521] usb usb2: New USB device strings: Mfr=3, Product=2, SerialNumber=1
[    3.411525] usb usb2: Product: EHCI Host Controller
[    3.411530] usb usb2: Manufacturer: Linux 5.10.66-g877905a95767-dirty ehci_hcd
[    3.411534] usb usb2: SerialNumber: fc880000.usb
[    3.411693] hub 2-0:1.0: USB hub found
[    3.411706] hub 2-0:1.0: 1 port detected
[    3.411990] ohci_hcd: USB 1.1 'Open' Host Controller (OHCI) Driver
[    3.412000] ohci-platform: OHCI generic platform driver
[    3.412133] ohci-platform fc840000.usb: Generic Platform OHCI controller
[    3.412143] ohci-platform fc840000.usb: new USB bus registered, assigned bus number 3
[    3.412182] ohci-platform fc840000.usb: irq 20, io mem 0xfc840000
[    3.472168] usb usb3: New USB device found, idVendor=1d6b, idProduct=0001, bcdDevice= 5.10
[    3.472175] usb usb3: New USB device strings: Mfr=3, Product=2, SerialNumber=1
[    3.472180] usb usb3: Product: Generic Platform OHCI controller
[    3.472185] usb usb3: Manufacturer: Linux 5.10.66-g877905a95767-dirty ohci_hcd
[    3.472189] usb usb3: SerialNumber: fc840000.usb
[    3.472350] hub 3-0:1.0: USB hub found
[    3.472365] hub 3-0:1.0: 1 port detected
[    3.472579] ohci-platform fc8c0000.usb: Generic Platform OHCI controller
[    3.472590] ohci-platform fc8c0000.usb: new USB bus registered, assigned bus number 4
[    3.472632] ohci-platform fc8c0000.usb: irq 22, io mem 0xfc8c0000
[    3.532169] usb usb4: New USB device found, idVendor=1d6b, idProduct=0001, bcdDevice= 5.10
[    3.532179] usb usb4: New USB device strings: Mfr=3, Product=2, SerialNumber=1
[    3.532183] usb usb4: Product: Generic Platform OHCI controller
[    3.532188] usb usb4: Manufacturer: Linux 5.10.66-g877905a95767-dirty ohci_hcd
[    3.532192] usb usb4: SerialNumber: fc8c0000.usb
[    3.532350] hub 4-0:1.0: USB hub found
[    3.532364] hub 4-0:1.0: 1 port detected
[    3.532837] xhci-hcd xhci-hcd.5.auto: xHCI Host Controller
[    3.532848] xhci-hcd xhci-hcd.5.auto: new USB bus registered, assigned bus number 5
[    3.532919] xhci-hcd xhci-hcd.5.auto: hcc params 0x0220fe64 hci version 0x110 quirks 0x0000000002010010
[    3.532943] xhci-hcd xhci-hcd.5.auto: irq 119, io mem 0xfcd00000
[    3.533056] usb usb5: New USB device found, idVendor=1d6b, idProduct=0002, bcdDevice= 5.10
[    3.533062] usb usb5: New USB device strings: Mfr=3, Product=2, SerialNumber=1
[    3.533066] usb usb5: Product: xHCI Host Controller
[    3.533071] usb usb5: Manufacturer: Linux 5.10.66-g877905a95767-dirty xhci-hcd
[    3.533075] usb usb5: SerialNumber: xhci-hcd.5.auto
[    3.533245] hub 5-0:1.0: USB hub found
[    3.533259] hub 5-0:1.0: 1 port detected
[    3.533375] xhci-hcd xhci-hcd.5.auto: xHCI Host Controller
[    3.533383] xhci-hcd xhci-hcd.5.auto: new USB bus registered, assigned bus number 6
[    3.533390] xhci-hcd xhci-hcd.5.auto: Host supports USB 3.0 SuperSpeed
[    3.533415] usb usb6: We don't know the algorithms for LPM for this host, disabling LPM.
[    3.533457] usb usb6: New USB device found, idVendor=1d6b, idProduct=0003, bcdDevice= 5.10
[    3.533463] usb usb6: New USB device strings: Mfr=3, Product=2, SerialNumber=1
[    3.533467] usb usb6: Product: xHCI Host Controller
[    3.533472] usb usb6: Manufacturer: Linux 5.10.66-g877905a95767-dirty xhci-hcd
[    3.533475] usb usb6: SerialNumber: xhci-hcd.5.auto
[    3.533631] hub 6-0:1.0: USB hub found
[    3.533644] hub 6-0:1.0: 1 port detected
[    3.533832] phy phy-fd5d4000.syscon:usb2-phy@4000.3: illegal mode
[    3.533841] xhci-hcd xhci-hcd.6.auto: xHCI Host Controller
[    3.533848] xhci-hcd xhci-hcd.6.auto: new USB bus registered, assigned bus number 7
[    3.533926] xhci-hcd xhci-hcd.6.auto: hcc params 0x0220fe64 hci version 0x110 quirks 0x0000000002010010
[    3.533945] xhci-hcd xhci-hcd.6.auto: irq 120, io mem 0xfc400000
[    3.534058] usb usb7: New USB device found, idVendor=1d6b, idProduct=0002, bcdDevice= 5.10
[    3.534064] usb usb7: New USB device strings: Mfr=3, Product=2, SerialNumber=1
[    3.534068] usb usb7: Product: xHCI Host Controller
[    3.534072] usb usb7: Manufacturer: Linux 5.10.66-g877905a95767-dirty xhci-hcd
[    3.534076] usb usb7: SerialNumber: xhci-hcd.6.auto
[    3.534232] hub 7-0:1.0: USB hub found
[    3.534247] hub 7-0:1.0: 1 port detected
[    3.534358] xhci-hcd xhci-hcd.6.auto: xHCI Host Controller
[    3.534367] xhci-hcd xhci-hcd.6.auto: new USB bus registered, assigned bus number 8
[    3.534374] xhci-hcd xhci-hcd.6.auto: Host supports USB 3.0 SuperSpeed
[    3.534399] usb usb8: We don't know the algorithms for LPM for this host, disabling LPM.
[    3.534440] usb usb8: New USB device found, idVendor=1d6b, idProduct=0003, bcdDevice= 5.10
[    3.534445] usb usb8: New USB device strings: Mfr=3, Product=2, SerialNumber=1
[    3.534450] usb usb8: Product: xHCI Host Controller
[    3.534454] usb usb8: Manufacturer: Linux 5.10.66-g877905a95767-dirty xhci-hcd
[    3.534458] usb usb8: SerialNumber: xhci-hcd.6.auto
[    3.534608] hub 8-0:1.0: USB hub found
[    3.534622] hub 8-0:1.0: config failed, hub doesn't have any ports! (err -19)
[    3.534739] usbcore: registered new interface driver cdc_acm
[    3.534743] cdc_acm: USB Abstract Control Model driver for USB modems and ISDN adapters
[    3.534892] usbcore: registered new interface driver uas
[    3.534949] usbcore: registered new interface driver usb-storage
[    3.535376] usbcore: registered new interface driver usbtouchscreen
[    3.535473] .. rk pwm remotectl v2.0 init
[    3.535575] input: fd8b0030.pwm as /devices/platform/fd8b0030.pwm/input/input0
[    3.535703] remotectl-pwm fd8b0030.pwm: pwm version is 0x2130000
[    3.535728] remotectl-pwm fd8b0030.pwm: Controller support pwrkey capture
[    3.536849] input: rk805 pwrkey as /devices/platform/feb20000.spi/spi_master/spi2/spi2.0/rk805-pwrkey.3.auto/input/input1
[    3.537040] i2c /dev entries driver
[    3.648103] usb 1-1: new high-speed USB device number 2 using ehci-platform
[    3.661433] usb 2-1: new high-speed USB device number 2 using ehci-platform
[    3.800522] usb 1-1: New USB device found, idVendor=05e3, idProduct=0610, bcdDevice= 5.11
[    3.800529] usb 1-1: New USB device strings: Mfr=1, Product=2, SerialNumber=0
[    3.800534] usb 1-1: Product: USB2.0 Hub
[    3.800538] usb 1-1: Manufacturer: GenesysLogic
[    3.801069] hub 1-1:1.0: USB hub found
[    3.801771] hub 1-1:1.0: 4 ports detected
[    3.808751] usb 2-1: New USB device found, idVendor=1a40, idProduct=0201, bcdDevice= 1.00
[    3.808759] usb 2-1: New USB device strings: Mfr=0, Product=1, SerialNumber=0
[    3.808763] usb 2-1: Product: USB 2.0 Hub [MTT]
[    3.809043] hub 2-1:1.0: USB hub found
[    3.809124] hub 2-1:1.0: 7 ports detected
[    3.871593] usb 6-1: new SuperSpeed Gen 1 USB device number 2 using xhci-hcd
[    3.891254] usb 6-1: New USB device found, idVendor=05e3, idProduct=0620, bcdDevice= 5.11
[    3.891284] usb 6-1: New USB device strings: Mfr=1, Product=2, SerialNumber=0
[    3.891299] usb 6-1: Product: USB3.0 Hub
[    3.891312] usb 6-1: Manufacturer: GenesysLogic
[    3.918168] hub 6-1:1.0: USB hub found
[    3.918523] hub 6-1:1.0: 4 ports detected
[    4.561435] rk3x-i2c fd880000.i2c: timeout, ipd: 0x80, state: 3
[    4.561447] rk860-regulator 0-0042: Failed to get chip ID!
[    4.561484] rk860-regulator: probe of 0-0042 failed with error -110
[    5.574768] rk3x-i2c fd880000.i2c: timeout, ipd: 0x80, state: 3
[    5.574778] rk860-regulator 0-0043: Failed to get chip ID!
[    5.574803] rk860-regulator: probe of 0-0043 failed with error -110
[    5.578388] vdd_npu_s0: supplied by vcc5v0_sys
[    5.590204] rtc-hym8563 6-0051: could not init device, -6
[    5.602974] usbcore: registered new interface driver uvcvideo
[    5.603003] USB Video Class driver (1.1.1)
[    5.607049] rockchip-thermal fec00000.tsadc: Missing rockchip,grf property
[    5.608161] rockchip-thermal fec00000.tsadc: tsadc is probed successfully!
[    5.608700] cpu cpu0: leakage=11
[    5.610205] cpu cpu0: pvtm=3
[    5.610298] cpu cpu0: pvtm-volt-sel=0
[    5.610782] cpu cpu1: leakage=10
[    5.610815] cpu cpu1: Failed to get reg
[    5.610844] Failed to initialize dvfs info cpu1
[    5.611390] sdhci: Secure Digital Host Controller Interface driver
[    5.611395] sdhci: Copyright(c) Pierre Ossman
[    5.611399] Synopsys Designware Multimedia Card Interface Driver
[    5.611728] sdhci-pltfm: SDHCI platform and OF driver helper
[    5.613044] ledtrig-cpu: registered to indicate activity on CPUs
[    5.613064] arm-scmi firmware:scmi: Failed. SCMI protocol 17 not active.
[    5.613091] SMCCC: SOC_ID: ARCH_SOC_ID not implemented, skipping ....
[    5.613543] cryptodev: driver 1.12 loaded.
[    5.613566] hid: raw HID events driver (C) Jiri Kosina
[    5.613673] usbcore: registered new interface driver usbhid
[    5.613677] usbhid: USB HID core driver
[    5.615831] optee: probing for conduit method.
[    5.615849] optee: revision 3.13 (3f0f0b05)
[    5.616023] optee: initialized driver
[    5.616334] usbcore: registered new interface driver snd-usb-audio
[    5.617048] es8311 3-0018: Don't need spk-ctl gpio
[    5.621097] Initializing XFRM netlink socket
[    5.621112] NET: Registered protocol family 17
[    5.621146] [BT_RFKILL]: Enter rfkill_rk_init
[    5.621150] [WLAN_RFKILL]: Enter rfkill_wlan_init
[    5.621365] Key type dns_resolver registered
[    5.622009] registered taskstats version 1
[    5.622015] Loading compiled-in X.509 certificates
[    5.622133] pstore: Using crash dump compression: deflate
[    5.622274] rga3_core0 fdb60000.rga: Adding to iommu group 2
[    5.622448] rga: rga3_core0_irq, irq = 34, match scheduler
[    5.622707] rga: rga3_core0 driver loaded successfully ver:3.0.76831
[    5.622721] rga: rga3_core0 probe successfully
[    5.622977] rga3_core1 fdb70000.rga: Adding to iommu group 3
[    5.623095] rga: rga3_core1_irq, irq = 35, match scheduler
[    5.623296] rga: rga3_core1 driver loaded successfully ver:3.0.76831
[    5.623308] rga: rga3_core1 probe successfully
[    5.623580] rga: rga2_irq, irq = 36, match scheduler
[    5.623771] rga: rga2 driver loaded successfully ver:3.2.63318
[    5.623813] rga: rga2 probe successfully
[    5.624007] rga: Module initialized. v1.2.14
[    5.643946] mmc1: SDHCI controller on fe2e0000.mmc [fe2e0000.mmc] using ADMA
[    5.644376] pcie30_avdd0v75: supplied by vdd_0v75_s0
[    5.644403] mali fb000000.gpu: Kernel DDK version g11p0-01eac0
[    5.644874] mali fb000000.gpu: leakage=15
[    5.645190] pcie30_avdd1v8: supplied by avcc_1v8_s0
[    5.646229] mali fb000000.gpu: pvtm=835
[    5.646262] mali fb000000.gpu: pvtm-volt-sel=1
[    5.646623] mali fb000000.gpu: avs=0
[    5.646936] dw-mipi-dsi2 fde30000.dsi: [drm:dw_mipi_dsi2_probe] *ERROR* failed to get mipi dcphy: -517
[    5.647741] W : [File] : drivers/gpu/arm/bifrost/platform/rk/mali_kbase_config_rk.c; [Line] : 136; [Func] : kbase_platform_rk_init(); power-off-delay-ms not available.
[    5.648038] mali fb000000.gpu: r0p0 status 5 is unknown; treating as r0p0 status 0
[    5.648045] mali fb000000.gpu: GPU identified as 0x7 arch 10.8.6 r0p0 status 0
[    5.648105] mali fb000000.gpu: No priority control manager is configured
[    5.648111] mali fb000000.gpu: No memory group manager is configured
[    5.648126] mali fb000000.gpu: Protected memory allocator not available
[    5.648219] input: adc-keys as /devices/platform/adc-keys/input/input2
[    5.648636] mali fb000000.gpu: l=10000 h=85000 hyst=5000 l_limit=0 h_limit=800000000 h_table=0
[    5.649193] mali fb000000.gpu: Probed as mali0
[    5.651348] es8311 3-0018: ASoC: error at soc_component_write_no_lock on es8311.3-0018: -6
[    5.674973] es8311 3-0018: ASoC: error at soc_component_write_no_lock on es8311.3-0018: -6
[    5.675172] es8311 3-0018: ASoC: error at soc_component_write_no_lock on es8311.3-0018: -6
[    5.675364] es8311 3-0018: ASoC: error at soc_component_write_no_lock on es8311.3-0018: -6
[    5.675548] es8311 3-0018: ASoC: error at soc_component_write_no_lock on es8311.3-0018: -6
[    5.675729] es8311 3-0018: ASoC: error at soc_component_write_no_lock on es8311.3-0018: -6
[    5.675911] es8311 3-0018: ASoC: error at soc_component_write_no_lock on es8311.3-0018: -6
[    5.676091] es8311 3-0018: ASoC: error at soc_component_write_no_lock on es8311.3-0018: -6
[    5.676272] es8311 3-0018: ASoC: error at soc_component_write_no_lock on es8311.3-0018: -6
[    5.676453] es8311 3-0018: ASoC: error at soc_component_write_no_lock on es8311.3-0018: -6
[    5.676634] es8311 3-0018: ASoC: error at soc_component_write_no_lock on es8311.3-0018: -6
[    5.676815] es8311 3-0018: ASoC: error at soc_component_write_no_lock on es8311.3-0018: -6
[    5.676997] es8311 3-0018: ASoC: error at soc_component_write_no_lock on es8311.3-0018: -6
[    5.677178] es8311 3-0018: ASoC: error at soc_component_write_no_lock on es8311.3-0018: -6
[    5.678349] mmc1: new HS400 Enhanced strobe MMC card at address 0001
[    5.678638] mmcblk1: mmc1:0001 BJTD4R 29.1 GiB
[    5.678759] mmcblk1boot0: mmc1:0001 BJTD4R partition 1 4.00 MiB
[    5.678873] mmcblk1boot1: mmc1:0001 BJTD4R partition 2 4.00 MiB
[    5.678958] mmcblk1rpmb: mmc1:0001 BJTD4R partition 3 4.00 MiB, chardev (237:0)
[    5.681136]  mmcblk1: p1 p2 p3 p4 p5 p6 p7 p8
[    5.701646] es8311 3-0018: ASoC: error at soc_component_write_no_lock on es8311.3-0018: -6
[    5.701844] es8311 3-0018: ASoC: error at soc_component_write_no_lock on es8311.3-0018: -6
[    5.702027] es8311 3-0018: ASoC: error at soc_component_write_no_lock on es8311.3-0018: -6
[    5.702210] es8311 3-0018: ASoC: error at snd_soc_component_update_bits on es8311.3-0018: -6
[    5.702390] es8311 3-0018: ASoC: error at snd_soc_component_update_bits on es8311.3-0018: -6
[    5.702572] es8311 3-0018: ASoC: error at soc_component_write_no_lock on es8311.3-0018: -6
[    5.702754] es8311 3-0018: ASoC: error at soc_component_write_no_lock on es8311.3-0018: -6
[    5.703072] es8311 3-0018: ASoC: error at soc_component_read_no_lock on es8311.3-0018: -6
[    5.703259] es8311 3-0018: ASoC: error at soc_component_read_no_lock on es8311.3-0018: -6
[    5.703444] es8311 3-0018: ASoC: error at soc_component_read_no_lock on es8311.3-0018: -6
[    5.703629] es8311 3-0018: ASoC: error at soc_component_read_no_lock on es8311.3-0018: -6
[    5.703815] es8311 3-0018: ASoC: error at soc_component_read_no_lock on es8311.3-0018: -6
[    5.704000] es8311 3-0018: ASoC: error at soc_component_read_no_lock on es8311.3-0018: -6
[    5.704235] es8311 3-0018: ASoC: error at soc_component_read_no_lock on es8311.3-0018: -6
[    5.704415] es8311 3-0018: ASoC: error at soc_component_read_no_lock on es8311.3-0018: -6
[    5.704604] es8311 3-0018: ASoC: error at soc_component_read_no_lock on es8311.3-0018: -6
[    5.704793] es8311 3-0018: ASoC: error at soc_component_write_no_lock on es8311.3-0018: -6
[    5.704981] es8311 3-0018: ASoC: error at soc_component_read_no_lock on es8311.3-0018: -6
[    5.705170] es8311 3-0018: ASoC: error at soc_component_write_no_lock on es8311.3-0018: -6
[    5.705360] es8311 3-0018: ASoC: error at soc_component_write_no_lock on es8311.3-0018: -6
[    5.705549] es8311 3-0018: ASoC: error at soc_component_write_no_lock on es8311.3-0018: -6
[    5.707504] es8311 3-0018: ASoC: error at soc_component_read_no_lock on es8311.3-0018: -6
[    5.707701] es8311 3-0018: ASoC: error at soc_component_read_no_lock on es8311.3-0018: -6
[    5.708100] rk-pcie fe150000.pcie: PCIe Link Fail
[    5.708109] rk-pcie fe150000.pcie: failed to initialize host
[    5.709385] dw-mipi-dsi2 fde30000.dsi: [drm:dw_mipi_dsi2_probe] *ERROR* failed to get mipi dcphy: -517
[    5.711672] dw-mipi-dsi2 fde30000.dsi: [drm:dw_mipi_dsi2_probe] *ERROR* failed to get mipi dcphy: -517
[    5.714812] RKNPU fdab0000.npu: Adding to iommu group 0
[    5.714922] RKNPU fdab0000.npu: RKNPU: rknpu iommu is enabled, using iommu mode
[    5.716001] RKNPU fdab0000.npu: can't request region for resource [mem 0xfdab0000-0xfdabffff]
[    5.716016] RKNPU fdab0000.npu: can't request region for resource [mem 0xfdac0000-0xfdacffff]
[    5.716029] RKNPU fdab0000.npu: can't request region for resource [mem 0xfdad0000-0xfdadffff]
[    5.716305] [drm] Initialized rknpu 0.7.2 20220428 for fdab0000.npu on minor 0
[    5.717861] RKNPU fdab0000.npu: leakage=8
[    5.724395] RKNPU fdab0000.npu: pvtm=845
[    5.728343] RKNPU fdab0000.npu: pvtm-volt-sel=2
[    5.728763] RKNPU fdab0000.npu: avs=0
[    5.728851] RKNPU fdab0000.npu: l=10000 h=85000 hyst=5000 l_limit=0 h_limit=800000000 h_table=0
[    5.737718] RKNPU fdab0000.npu: failed to find power_model node
[    5.737726] RKNPU fdab0000.npu: RKNPU: failed to initialize power model
[    5.737731] RKNPU fdab0000.npu: RKNPU: failed to get dynamic-coefficient
[    5.738212] cfg80211: Loading compiled-in X.509 certificates for regulatory database
[    5.738662] dw-mipi-dsi2 fde30000.dsi: [drm:dw_mipi_dsi2_probe] *ERROR* failed to get mipi dcphy: -517
[    5.739378] cfg80211: Loaded X.509 cert 'sforshee: 00b28ddf47aef9cea7'
[    5.740144] rockchip-pm rockchip-suspend: not set pwm-regulator-config
[    5.740785] I : [File] : drivers/gpu/arm/mali400/mali/linux/mali_kernel_linux.c; [Line] : 405; [Func] : mali_module_init(); svn_rev_string_from_arm of this mali_ko is '', rk_ko_ver is '5', built at '11:21:43', on 'Jun 20 2022'.
[    5.741108] Mali:
[    5.741110] Mali device driver loaded
[    5.741117] ALSA device list:
[    5.741121]   #0: rockchip,es8311
[    5.741208] platform regulatory.0: Direct firmware load for regulatory.db failed with error -2
[    5.741227] dw-mipi-dsi2 fde30000.dsi: [drm:dw_mipi_dsi2_probe] *ERROR* failed to get mipi dcphy: -517
[    5.741229] cfg80211: failed to load regulatory.db
[    5.747537] vendor storage:20190527 ret = 0
[    8.371438] ata1: SATA link up 6.0 Gbps (SStatus 133 SControl 300)
[    8.371662] ata1.15: Port Multiplier 1.2, 0x197b:0x5755 r0, 5 ports, feat 0x5/0xf
[    8.372779] ahci fe210000.sata: FBS is enabled
[    8.372954] ata1.00: hard resetting link
[    8.685219] ata1.00: SATA link down (SStatus 0 SControl 330)
[    8.685288] ata1.01: hard resetting link
[    8.998519] ata1.01: SATA link down (SStatus 0 SControl 330)
[    8.998575] ata1.02: hard resetting link
[    9.311872] ata1.02: SATA link down (SStatus 0 SControl 330)
[    9.311930] ata1.03: hard resetting link
[    9.625185] ata1.03: SATA link down (SStatus 0 SControl 330)
[    9.625250] ata1.04: hard resetting link
[    9.938545] ata1.04: SATA link down (SStatus 0 SControl 330)
[    9.938662] ata1: EH complete
[    9.946586] EXT4-fs (mmcblk1p6): mounted filesystem with ordered data mode. Opts: (null)
[    9.946611] VFS: Mounted root (ext4 filesystem) on device 179:6.
[    9.948074] devtmpfs: mounted
[    9.950798] Freeing unused kernel memory: 5952K
[    9.964810] Run /sbin/init as init process
[   10.003172] EXT4-fs (mmcblk1p6): re-mounted. Opts: (null)
Starting syslogd: OK
Starting klogd: OK
Running sysctl: OK
/usr/bin/modetest
drmModeGetResources failed: Operation not supported
Populating /dev using udev: [   10.101376] udevd[242]: starting version 3.2.7
[   10.106938] udevd[242]: specified group 'kvm' unknown
[   10.127127] udevd[243]: starting eudev-3.2.7
done
Initializing random number generator... done.
Will now mount all partitions in /etc/fstab
Note: Will skip fsck, remove /.skip_fsck to enable
Handling rootfs: /dev/mmcblk1p6 / ext2 rw,noauto 1
Handling misc: /dev/mmcblk1p2 /misc emmc defaults 0
Unsupported file system emmc for /dev/mmcblHandling oem: /dev/mmcblk1p7 /oem ext2 defaults 2
Wrong fs type(ext2) for /dev/mmcblk1p7
Handling userdata: /dev/mmcblk1p8 /userdata ext2 defaults 2
Wrong fs type(ext2) for /dev/mmcblk1p8
Log saved to /tmp/mountall.log
Starting system message bus: done
/etc/init.d/S36load_wifi_modules: line 6: can't create /sys/class/rfkill/rfkill1/state: nonexistent directory
[   10.933690] bcmdhd: module_layout: kernel tainted.
[   10.933728] Disabling lock debugging due to kernel taint
[   10.933757] bcmdhd: version magic '5.10.66 SMP mod_unload aarch64' should be '5.10.66-g877905a95767-dirty SMP mod_unload modversions aarch64'
[   10.942863] bcmdhd: version magic '5.10.66 SMP mod_unload aarch64' should be '5.10.66-g877905a95767-dirty SMP mod_unload modversions aarch64'
insmod: can't insert '/system/lib/modules/bcmdhd.ko': invalid module format
Starting network: OK
Starting dhcpcd...
dev: loaded udev
all: IPv6 kernel autoconf disabled
all: IPv6 kernel autoconf disabled
no interfaces have a carrier
forked to background, child pid 613
Starting ntpd: [   11.091582] rk_gmac-dwmac fe1c0000.ethernet eth0: PHY [stmmac-1:01] driver [RTL8211F Gigabit Ethernet] (irq=POLL)
[   11.094795] dwmac4: Master AXI performs any burst length
[   11.094827] rk_gmac-dwmac fe1c0000.ethernet eth0: No Safety Features support found
[   11.094846] rk_gmac-dwmac fe1c0000.ethernet eth0: IEEE 1588-2008 Advanced Timestamp supported
[   11.095030] rk_gmac-dwmac fe1c0000.ethernet eth0: registered PTP clock
[  OK
 11.095230] rk_gmac-dwmac fe1c0000.ethernet eth0: configuring for phy/rgmii-rxid link mode
Starting dropbear sshd: [   11.158162] rk_gmac-dwmac fe1b0000.ethernet eth1: PHY [stmmac-0:01] driver [RTL8211F Gigabit Ethernet] (irq=POLL)
[   11.163130] dwmac4: Master AXI performs any burst length
[   11.163179] rk_gmac-dwmac fe1b0000.ethernet eth1: No Safety Features support found
[   11.163208] rk_gmac-dwmac fe1b0000.ethernet eth1: IEEE 1588-2008 Advanced Timestamp supported
[   11.163507] rk_gmac-dwmac fe1b0000.ethernet eth1: registered PTP clock
[   11.164132] rk_gmac-dwmac fe1b0000.ethernet eth1: configuring for phy/rgmii-rxid link mode
OK
Starting launcher: Starting pulseaudio: W: [pulseaudio] main.c: This program is not intended to be run as root (unless --system is specified).
[   11.307511] es8311 3-0018: ASoC: error at soc_component_read_no_lock on es8311.3-0018: -6
[   11.307728] es8311 3-0018: ASoC: error at soc_component_write_no_lock on es8311.3-0018: -6
[   11.327655] es8311 3-0018: ASoC: error at soc_component_read_no_lock on es8311.3-0018: -6
[   11.327891] es8311 3-0018: ASoC: error at soc_component_read_no_lock on es8311.3-0018: -6
[   11.328143] es8311 3-0018: ASoC: error at soc_component_read_no_lock on es8311.3-0018: -6
[   11.328379] es8311 3-0018: ASoC: error at soc_component_read_no_lock on es8311.3-0018: -6
[   11.328571] es8311 3-0018: ASoC: error at soc_component_rDate: 1970-01-01 UTC
[00:00:e08.979] weston 9.0.91
    ad           https://wayland.freedesktop.org
            _   Bug reports to: https://gitlab.freedesktop.org/wayland/weston/issues/
           n    Build: 9.0.91
[00:00:08.980] Command line: weston --tty=2 --idle-time=0
[00:00:o08.981] OS: Linux, 5.10.66-g_877905a95767-dirty, #1 SMP loMon Jun 20 11:19:05 CST 2022, aarch64
[00:00:08.981] Flcight recorder: enabled
[00:k00:08.982] warning: XDG_RUNTIME_DIR "/var/run" is not co nfigured
correctly.  Unix oaccess mode must be 0700 (curnrent mode is 0755),
and mu st be owned by the user UID 0 (current owner is UID 0).
eRefer to your distribution on how to get it, or
http://swww.freedesktop.org/wiki/Specifications/basedir-spec
on 8how to implement it.
311.3-0018: -6
[   11.328779] es8311 3-0018: ASoC: error at soc_component_read_no_lock on es8311.[00:00:08.985] Using config 3file '/etc/xdg/weston/weston-.ini'
0018: -6
[   11.328989][ 0e0s:80301:10 83.-908061]8 Output repaint window is -1  ms maximum.
ASoC: error at soc_component_read_no_lock on es[00:00:08.987] Loadi8n3g1 1m.dule '/usr/lib/libweston-10/3drm-backend.so'
-0018: -6
[   11.329177] es8311 3-0018: ASoC: error at soc_component_read_no_lock on es8311.3-0018: -6
[   11.329402] es8311 3-0018: ASoC: error at soc_component_r[00:00:08.988] initializing edrm backend
[00:00:08.989] Entering mirror mode.
[00:00a:08.989] Trying weston_laund_h launcher...
[00:00:08.98n9] could not get launcher fd from env
[00:00:08.990] Tryoing direct launcher...
_lock on es8311.3-0018: -6
[   11.[00:00:08.991] no drm device3 found
[00:00:08.991] fata29l: failed to create composit5or backend
92] es8311 3-0018: ASoC: error at soc_component_read_no_lock on es8311.3-0018: -6
[   11.329801] es8311 3-00Internal warning: debug scop1e 'drm-backend' has not been8 destroyed.
: ASoC: error at soc_component_read_no_lock on es8311.3-0018: -6
[   11.330010] es8311 3-0018: ASoC: error at soc_component_read_no_lock on es8311.3-0018: -6
[   11.330238] es8311 3-0018: ASoC: error at soc_component_read_no_lock on es8311.3-0018: -6
[   11.330429] es8311 3-0018: ASoC: error at soc_component_read_no_lock on es8311.3-0018: -6
[   11.330668] es8311 3-0018: ASoC: error at soc_component_read_no_lock on es8311.3-0018: -6
[   11.330915] es8311 3-0018: ASoC: error at soc_component_read_no_lock on es8311.3-0018: -6
[   11.331102] es8311 3-0018: ASoC: error at soc_component_read_no_lock on es8311.3-0018: -6
[   11.331321] es8311 3-0018: ASoC: error at soc_component_read_no_lock on es8311.3-0018: -6
[   11.331533] es8311 3-0018: ASoC: error at soc_component_read_no_lock on es8311.3-0018: -6
[   11.331729] es8311 3-0018: ASoC: error at soc_component_read_no_lock on es8311.3-0018: -6
[   11.331962] es8311 3-0018: ASoC: error at soc_component_read_no_lock on es8311.3-0018: -6
[   11.332154] es8311 3-0018: ASoC: error at soc_component_read_no_lock on es8311.3-0018: -6
[   11.332363] es8311 3-0018: ASoC: error at soc_component_read_no_lock on es8311.3-0018: -6
[   11.332592] es8311 3-0018: ASoC: error at soc_component_read_no_lock on es8311.3-0018: -6
[   11.332782] es8311 3-0018: ASoC: error at soc_component_read_no_lock on es8311.3-0018: -6
[   11.332992] es8311 3-0018: ASoC: error at soc_component_read_no_lock on es8311.3-0018: -6
[   11.333182] es8311 3-0018: ASoC: error at soc_component_read_no_lock on es8311.3-0018: -6
[   11.333393] es8311 3-0018: ASoC: error at soc_component_read_no_lock on es8311.3-0018: -6
[   11.333594] es8311 3-0018: ASoC: error at soc_component_read_no_lock on es8311.3-0018: -6
[   11.333822] es8311 3-0018: ASoC: error at soc_component_read_no_lock on es8311.3-0018: -6
[   11.334034] es8311 3-0018: ASoC: error at soc_component_read_no_lock on es8311.3-0018: -6
[   11.334247] es8311 3-0018: ASoC: error at soc_component_read_no_lock on es8311.3-0018: -6
[   11.334483] es8311 3-0018: ASoC: error at soc_component_read_no_lock on es8311.3-0018: -6
[   11.334700] es8311 3-0018: ASoC: error at soc_component_read_no_lock on es8311.3-0018: -6
[   11.334890] es8311 3-0018: ASoC: error at soc_component_read_no_lock on es8311.3-0018: -6
[   11.335107] es8311 3-0018: ASoC: error at soc_component_read_no_lock on es8311.3-0018: -6
[   11.335312] es8311 3-0018: ASoC: error at soc_component_read_no_lock on es8311.3-0018: -6
[   11.335540] es8311 3-0018: ASoC: error at soc_component_read_no_lock on es8311.3-0018: -6
[   11.335756] es8311 3-0018: ASoC: error at soc_component_read_no_lock on es8311.3-0018: -6
[   11.335947] es8311 3-0018: ASoC: error at soc_component_read_no_lock on es8311.3-0018: -6
[   11.336174] es8311 3-0018: ASoC: error at soc_component_read_no_lock on es8311.3-0018: -6
[   11.336396] es8311 3-0018: ASoC: error at soc_component_read_no_lock on es8311.3-0018: -6
[   11.336608] es8311 3-0018: ASoC: error at soc_component_read_no_lock on es8311.3-0018: -6
[   11.336797] es8311 3-0018: ASoC: error at soc_component_read_no_lock on es8311.3-0018: -6
[   11.337025] es8311 3-0018: ASoC: error at soc_component_read_no_lock on es8311.3-0018: -6
[   11.337239] es8311 3-0018: ASoC: error at soc_component_read_no_lock on es8311.3-0018: -6
[   11.337459] es8311 3-0018: ASoC: error at soc_component_read_no_lock on es8311.3-0018: -6
[   11.337694] es8311 3-0018: ASoC: error at soc_component_read_no_lock on es8311.3-0018: -6
[   11.337887] es8311 3-0018: ASoC: error at soc_component_read_no_lock on es8311.3-0018: -6
[   11.338131] es8311 3-0018: ASoC: error at soc_component_read_no_lock on es8311.3-0018: -6
[   11.338334] es8311 3-0018: ASoC: error at soc_component_read_no_lock on es8311.3-0018: -6
[   11.338564] es8311 3-0018: ASoC: error at soc_component_read_no_lock on es8311.3-0018: -6
[   11.338764] es8311 3-0018: ASoC: error at soc_component_read_no_lock on es8311.3-0018: -6
[   11.338981] es8311 3-0018: ASoC: error at soc_component_read_no_lock on es8311.3-0018: -6
[   11.339196] es8311 3-0018: ASoC: error at soc_component_read_no_lock on es8311.3-0018: -6
[   11.339425] es8311 3-0018: ASoC: error at soc_component_read_no_lock on es8311.3-0018: -6
[   11.339624] es8311 3-0018: ASoC: error at soc_component_read_no_lock on es8311.3-0018: -6
[   11.339844] es8311 3-0018: ASoC: error at soc_component_read_no_lock on es8311.3-0018: -6
[   11.346165] es8311 3-0018: ASoC: error at soc_component_read_no_lock on es8311.3-0018: -6
[   11.346357] es8311 3-0018: ASoC: error at soc_component_write_no_lock on es8311.3-0018: -6
[   11.348699] es8311 3-0018: ASoC: error at soc_component_read_no_lock on es8311.3-0018: -6
[   11.348888] es8311 3-0018: ASoC: error at soc_component_write_no_lock on es8311.3-0018: -6
[   11.349671] es8311 3-0018: ASoC: error at snd_soc_component_update_bits on es8311.3-0018: -6
[   11.349866] es8311 3-0018: ASoC: error at soc_component_write_no_lock on es8311.3-0018: -6
[   11.357436] es8311 3-0018: ASoC: error at soc_component_write_no_lock on es8311.3-0018: -6
[   11.357623] es8311 3-0018: ASoC: error at snd_soc_component_update_bits on es8311.3-0018: -6
[   11.361655] es8311 3-0018: ASoC: error at soc_component_read_no_lock on es8311.3-0018: -6
[   11.361852] es8311 3-0018: ASoC: error at soc_component_write_no_lock on es8311.3-0018: -6
[   11.362531] es8311 3-0018: ASoC: error at snd_soc_component_update_bits on es8311.3-0018: -6
[   11.362719] es8311 3-0018: ASoC: error at soc_component_write_no_lock on es8311.3-0018: -6
[   11.363070] es8311 3-0018: ASoC: error at soc_component_write_no_lock on es8311.3-0018: -6
[   11.363256] es8311 3-0018: ASoC: error at snd_soc_component_update_bits on es8311.3-0018: -6
[   11.364101] es8311 3-0018: ASoC: error at soc_component_read_no_lock on es8311.3-0018: -6
[   11.364288] es8311 3-0018: ASoC: error at soc_component_write_no_lock on es8311.3-0018: -6
[   11.364904] es8311 3-0018: ASoC: error at snd_soc_component_update_bits on es8311.3-0018: -6
[   11.365090] es8311 3-0018: ASoC: error at soc_component_write_no_lock on es8311.3-0018: -6
[   11.365877] es8311 3-0018: ASoC: error at soc_component_read_no_lock on es8311.3-0018: -6
[   11.366061] es8311 3-0018: ASoC: error at soc_component_write_no_lock on es8311.3-0018: -6
[   11.367330] es8311 3-0018: ASoC: error at soc_component_read_no_lock on es8311.3-0018: -6
[   11.367515] es8311 3-0018: ASoC: error at soc_component_write_no_lock on es8311.3-0018: -6
[   11.368157] es8311 3-0018: ASoC: error at soc_component_write_no_lock on es8311.3-0018: -6
[   11.368344] es8311 3-0018: ASoC: error at snd_soc_component_update_bits on es8311.3-0018: -6
[   11.369238] es8311 3-0018: ASoC: error at soc_component_read_no_lock on es8311.3-0018: -6
[   11.369423] es8311 3-0018: ASoC: error at soc_component_write_no_lock on es8311.3-0018: -6
[   11.370033] es8311 3-0018: ASoC: error at snd_soc_component_update_bits on es8311.3-0018: -6
[   11.370218] es8311 3-0018: ASoC: error at soc_component_write_no_lock on es8311.3-0018: -6
[   11.370997] es8311 3-0018: ASoC: error at soc_component_read_no_lock on es8311.3-0018: -6
[   11.371187] es8311 3-0018: ASoC: error at soc_component_write_no_lock on es8311.3-0018: -6
[   11.372504] es8311 3-0018: ASoC: error at soc_component_read_no_lock on es8311.3-0018: -6
[   11.372691] es8311 3-0018: ASoC: error at soc_component_write_no_lock on es8311.3-0018: -6
[   11.373317] es8311 3-0018: ASoC: error at soc_component_write_no_lock on es8311.3-0018: -6
[   11.373499] es8311 3-0018: ASoC: error at snd_soc_component_update_bits on es8311.3-0018: -6
[   11.378721] es8311 3-0018: ASoC: error at soc_component_read_no_lock on es8311.3-0018: -6
[   11.378910] es8311 3-0018: ASoC: error at soc_component_write_no_lock on es8311.3-0018: -6
[   11.379626] es8311 3-0018: ASoC: error at snd_soc_component_update_bits on es8311.3-0018: -6
[   11.379810] es8311 3-0018: ASoC: error at soc_component_write_no_lock on es8311.3-0018: -6
[   11.381101] es8311 3-0018: ASoC: error at soc_component_read_no_lock on es8311.3-0018: -6
[   11.381324] es8311 3-0018: ASoC: error at soc_component_read_no_lock on es8311.3-0018: -6
[   11.381541] es8311 3-0018: ASoC: error at soc_component_read_no_lock on es8311.3-0018: -6
[   11.381759] es8311 3-0018: ASoC: error at soc_component_read_no_lock on es8311.3-0018: -6
[   11.381953] es8311 3-0018: ASoC: error at soc_component_read_no_lock on es8311.3-0018: -6
[   11.382168] es8311 3-0018: ASoC: error at soc_component_read_no_lock on es8311.3-0018: -6
[   11.382375] es8311 3-0018: ASoC: error at soc_component_read_no_lock on es8311.3-0018: -6
[   11.382562] es8311 3-0018: ASoC: error at soc_component_read_no_lock on es8311.3-0018: -6
[   11.382769] es8311 3-0018: ASoC: error at soc_component_read_no_lock on es8311.3-0018: -6
[   11.382956] es8311 3-0018: ASoC: error at soc_component_read_no_lock on es8311.3-0018: -6
[   11.383174] es8311 3-0018: ASoC: error at soc_component_read_no_lock on es8311.3-0018: -6
[   11.383384] es8311 3-0018: ASoC: error at soc_component_read_no_lock on es8311.3-0018: -6
[   11.383595] es8311 3-0018: ASoC: error at soc_component_read_no_lock on es8311.3-0018: -6
[   11.383785] es8311 3-0018: ASoC: error at soc_component_read_no_lock on es8311.3-0018: -6
[   11.384023] es8311 3-0018: ASoC: error at soc_component_read_no_lock on es8311.3-0018: -6
[   11.384235] es8311 3-0018: ASoC: error at soc_component_read_no_lock on es8311.3-0018: -6
[   11.384426] es8311 3-0018: ASoC: error at soc_component_read_no_lock on es8311.3-0018: -6
[   11.384637] es8311 3-0018: ASoC: error at soc_component_read_no_lock on es8311.3-0018: -6
[   11.384858] es8311 3-0018: ASoC: error at soc_component_read_no_lock on es8311.3-0018: -6
[   11.385050] es8311 3-0018: ASoC: error at soc_component_read_no_lock on es8311.3-0018: -6
[   11.385263] es8311 3-0018: ASoC: error at soc_component_read_no_lock on es8311.3-0018: -6
[   11.385455] es8311 3-0018: ASoC: error at soc_component_read_no_lock on es8311.3-0018: -6
[   11.385666] es8311 3-0018: ASoC: error at soc_component_read_no_lock on es8311.3-0018: -6
[   11.385876] es8311 3-0018: ASoC: error at soc_component_read_no_lock on es8311.3-0018: -6
[   11.386063] es8311 3-0018: ASoC: error at soc_component_read_no_lock on es8311.3-0018: -6
[   11.386274] es8311 3-0018: ASoC: error at soc_component_read_no_lock on es8311.3-0018: -6
[   11.386461] es8311 3-0018: ASoC: error at soc_component_read_no_lock on es8311.3-0018: -6
[   11.386678] es8311 3-0018: ASoC: error at soc_component_read_no_lock on es8311.3-0018: -6
[   11.386870] es8311 3-0018: ASoC: error at soc_component_read_no_lock on es8311.3-0018: -6
[   11.387083] es8311 3-0018: ASoC: error at soc_component_read_no_lock on es8311.3-0018: -6
[   11.387297] es8311 3-0018: ASoC: error at soc_component_read_no_lock on es8311.3-0018: -6
[   11.387509] es8311 3-0018: ASoC: error at soc_component_read_no_lock on es8311.3-0018: -6
[   11.387722] es8311 3-0018: ASoC: error at soc_component_read_no_lock on es8311.3-0018: -6
[   11.387937] es8311 3-0018: ASoC: error at soc_component_read_no_lock on es8311.3-0018: -6
[   11.388146] es8311 3-0018: ASoC: error at soc_component_read_no_lock on es8311.3-0018: -6
[   11.388384] es8311 3-0018: ASoC: error at soc_component_read_no_lock on es8311.3-0018: -6
[   11.388575] es8311 3-0018: ASoC: error at soc_component_read_no_lock on es8311.3-0018: -6
[   11.388791] es8311 3-0018: ASoC: error at soc_component_read_no_lock on es8311.3-0018: -6
[   11.389008] es8311 3-0018: ASoC: error at soc_component_read_no_lock on es8311.3-0018: -6
[   11.389210] es8311 3-0018: ASoC: error at soc_component_read_no_lock on es8311.3-0018: -6
[   11.389429] es8311 3-0018: ASoC: error at soc_component_read_no_lock on es8311.3-0018: -6
[   11.389645] es8311 3-0018: ASoC: error at soc_component_read_no_lock on es8311.3-0018: -6
[   11.389859] es8311 3-0018: ASoC: error at soc_component_read_no_lock on es8311.3-0018: -6
[   11.390051] es8311 3-0018: ASoC: error at soc_component_read_no_lock on es8311.3-0018: -6
[   11.390266] es8311 3-0018: ASoC: error at soc_component_read_no_lock on es8311.3-0018: -6
[   11.390479] es8311 3-0018: ASoC: error at soc_component_read_no_lock on es8311.3-0018: -6
[   11.390692] es8311 3-0018: ASoC: error at soc_component_read_no_lock on es8311.3-0018: -6
[   11.390907] es8311 3-0018: ASoC: error at soc_component_read_no_lock on es8311.3-0018: -6
[   11.391100] es8311 3-0018: ASoC: error at soc_component_read_no_lock on es8311.3-0018: -6
[   11.391313] es8311 3-0018: ASoC: error at soc_component_read_no_lock on es8311.3-0018: -6
[   11.391509] es8311 3-0018: ASoC: error at soc_component_read_no_lock on es8311.3-0018: -6
[   11.391728] es8311 3-0018: ASoC: error at soc_component_read_no_lock on es8311.3-0018: -6
[   11.391924] es8311 3-0018: ASoC: error at soc_component_read_no_lock on es8311.3-0018: -6
[   11.392145] es8311 3-0018: ASoC: error at soc_component_read_no_lock on es8311.3-0018: -6
[   11.392359] es8311 3-0018: ASoC: error at soc_component_read_no_lock on es8311.3-0018: -6
[   11.392574] es8311 3-0018: ASoC: error at soc_component_read_no_lock on es8311.3-0018: -6
[   11.392767] es8311 3-0018: ASoC: error at soc_component_read_no_lock on es8311.3-0018: -6
[   11.392984] es8311 3-0018: ASoC: error at soc_component_read_no_lock on es8311.3-0018: -6
[   11.395659] es8311 3-0018: ASoC: error at soc_component_read_no_lock on es8311.3-0018: -6
[   11.395849] es8311 3-0018: ASoC: error at soc_component_write_no_lock on es8311.3-0018: -6
[   11.397603] es8311 3-0018: ASoC: error at soc_component_read_no_lock on es8311.3-0018: -6
[   11.397821] es8311 3-0018: ASoC: error at soc_component_read_no_lock on es8311.3-0018: -6
[   11.398033] es8311 3-0018: ASoC: error at soc_component_read_no_lock on es8311.3-0018: -6
[   11.398245] es8311 3-0018: ASoC: error at soc_component_read_no_lock on es8311.3-0018: -6
[   11.398441] es8311 3-0018: ASoC: error at soc_component_read_no_lock on es8311.3-0018: -6
[   11.398661] es8311 3-0018: ASoC: error at soc_component_read_no_lock on es8311.3-0018: -6
[   11.398878] es8311 3-0018: ASoC: error at soc_component_read_no_lock on es8311.3-0018: -6
[   11.399069] es8311 3-0018: ASoC: error at soc_component_read_no_lock on es8311.3-0018: -6
[   11.399280] es8311 3-0018: ASoC: error at soc_component_read_no_lock on es8311.3-0018: -6
[   11.399469] es8311 3-0018: ASoC: error at soc_component_read_no_lock on es8311.3-0018: -6
[   11.399694] es8311 3-0018: ASoC: error at soc_component_read_no_lock on es8311.3-0018: -6
[   11.399911] es8311 3-0018: ASoC: error at soc_component_read_no_lock on es8311.3-0018: -6
[   11.400128] es8311 3-0018: ASoC: error at soc_component_read_no_lock on es8311.3-0018: -6
[   11.400319] es8311 3-0018: ASoC: error at soc_component_read_no_lock on es8311.3-0018: -6
[   11.400557] es8311 3-0018: ASoC: error at soc_component_read_no_lock on es8311.3-0018: -6
[   11.400769] es8311 3-0018: ASoC: error at soc_component_read_no_lock on es8311.3-0018: -6
[   11.400960] es8311 3-0018: ASoC: error at soc_component_read_no_lock on es8311.3-0018: -6
[   11.401175] es8311 3-0018: ASoC: error at soc_component_read_no_lock on es8311.3-0018: -6
[   11.401390] es8311 3-0018: ASoC: error at soc_component_read_no_lock on es8311.3-0018: -6
[   11.401581] es8311 3-0018: ASoC: error at soc_component_read_no_lock on es8311.3-0018: -6
[   11.401799] es8311 3-0018: ASoC: error at soc_component_read_no_lock on es8311.3-0018: -6
[   11.401988] es8311 3-0018: ASoC: error at soc_component_read_no_lock on es8311.3-0018: -6
[   11.402203] es8311 3-0018: ASoC: error at soc_component_read_no_lock on es8311.3-0018: -6
[   11.402417] es8311 3-0018: ASoC: error at soc_component_read_no_lock on es8311.3-0018: -6
[   11.402607] es8311 3-0018: ASoC: error at soc_component_read_no_lock on es8311.3-0018: -6
[   11.402830] es8311 3-0018: ASoC: error at soc_component_read_no_lock on es8311.3-0018: -6
[   11.403020] es8311 3-0018: ASoC: error at soc_component_read_no_lock on es8311.3-0018: -6
[   11.403239] es8311 3-0018: ASoC: error at soc_component_read_no_lock on es8311.3-0018: -6
[   11.403427] es8311 3-0018: ASoC: error at soc_component_read_no_lock on es8311.3-0018: -6
[   11.403645] es8311 3-0018: ASoC: error at soc_component_read_no_lock on es8311.3-0018: -6
[   11.403859] es8311 3-0018: ASoC: error at soc_component_read_no_lock on es8311.3-0018: -6
[   11.404074] es8311 3-0018: ASoC: error at soc_component_read_no_lock on es8311.3-0018: -6
[   11.404288] es8311 3-0018: ASoC: error at soc_component_read_no_lock on es8311.3-0018: -6
[   11.404502] es8311 3-0018: ASoC: error at soc_component_read_no_lock on es8311.3-0018: -6
[   11.404691] es8311 3-0018: ASoC: error at soc_component_read_no_lock on es8311.3-0018: -6
[   11.404908] es8311 3-0018: ASoC: error at soc_component_read_no_lock on es8311.3-0018: -6
[   11.405101] es8311 3-0018: ASoC: error at soc_component_read_no_lock on es8311.3-0018: -6
[   11.405319] es8311 3-0018: ASoC: error at soc_component_read_no_lock on es8311.3-0018: -6
[   11.405534] es8311 3-0018: ASoC: error at soc_component_read_no_lock on es8311.3-0018: -6
[   11.405726] es8311 3-0018: ASoC: error at soc_component_read_no_lock on es8311.3-0018: -6
[   11.405941] es8311 3-0018: ASoC: error at soc_component_read_no_lock on es8311.3-0018: -6
[   11.406157] es8311 3-0018: ASoC: error at soc_component_read_no_lock on es8311.3-0018: -6
[   11.406371] es8311 3-0018: ASoC: error at soc_component_read_no_lock on es8311.3-0018: -6
[   11.406561] es8311 3-0018: ASoC: error at soc_component_read_no_lock on es8311.3-0018: -6
[   11.406776] es8311 3-0018: ASoC: error at soc_component_read_no_lock on es8311.3-0018: -6
[   11.406992] es8311 3-0018: ASoC: error at soc_component_read_no_lock on es8311.3-0018: -6
[   11.407209] es8311 3-0018: ASoC: error at soc_component_read_no_lock on es8311.3-0018: -6
[   11.407427] es8311 3-0018: ASoC: error at soc_component_read_no_lock on es8311.3-0018: -6
[   11.407621] es8311 3-0018: ASoC: error at soc_component_read_no_lock on es8311.3-0018: -6
[   11.407833] es8311 3-0018: ASoC: error at soc_component_read_no_lock on es8311.3-0018: -6
[   11.408022] es8311 3-0018: ASoC: error at soc_component_read_no_lock on es8311.3-0018: -6
[   11.408236] es8311 3-0018: ASoC: error at soc_component_read_no_lock on es8311.3-0018: -6
[   11.408431] es8311 3-0018: ASoC: error at soc_component_read_no_lock on es8311.3-0018: -6
[   11.408659] es8311 3-0018: ASoC: error at soc_component_read_no_lock on es8311.3-0018: -6
[   11.408881] es8311 3-0018: ASoC: error at soc_component_read_no_lock on es8311.3-0018: -6
[   11.409096] es8311 3-0018: ASoC: error at soc_component_read_no_lock on es8311.3-0018: -6
[   11.409286] es8311 3-0018: ASoC: error at soc_component_read_no_lock on es8311.3-0018: -6
[   11.409504] es8311 3-0018: ASoC: error at soc_component_read_no_lock on es8311.3-0018: -6
OK
Debug: configfs_init
mkdir: cannot create directory '/sys/kernel/config/usb_gadget/rockchip/functions/uac1.gs0': No such file or directory
mkdir: cannot create directory '/sys/kernel/config/usb_gadget/rockchip/functions/uac2.gs0': No such file or directory
[   11.573080] file system registered
mkdir: cannot create directory '/sys/kernel/config/usb_gadget/rockchip/functions/mtp.gs0': No such file or directory
mkdir: cannot create directory '/sys/kernel/config/usb_gadget/rockchip/functions/rndis.gs0': No such file or directory
[   11.602891] Mass Storage Function, version: 2009/09/11
[   11.602929] LUN: removable file: (no medium)
mkdir: cannot create directory '/sys/kernel/config/usb_gadget/rockchip/functions/hid.usb0': No such file or directory
[   11.651891] read descriptors
[   11.651932] read strings
Starting linuxptp daemon: OK
Starting linuxptp system clock synchronization: OK
Starting dnsmasq: OK
Trying to reconnect Wifi
Starting input-event-daemon: input-event-daemon: Start parsing /etc/input-event-daemon.conf...
input-event-daemon: Adding device: /dev/input/event0...
input-event-daemon: Adding device: /dev/input/event1...
input-event-daemon: Adding device: /dev/input/event2...
input-event-daemon: Start listening on 3 devices...
done
[root@RK3588:/]# [   12.788142] android_work: did not send uevent (0 0 0000000000000000)
[   16.504239] es8311 3-0018: ASoC: error at soc_component_write_no_lock on es8311.3-0018: -6
[   16.504398] es8311 3-0018: ASoC: error at snd_soc_component_update_bits on es8311.3-0018: -6
[   36.108113] vcc3v3_pcie30: disabling
[   36.108129] vcc5v0_otg: disabling
