U-Boot 2017.09-g40801113c5-211215 #wxt (Jan 20 2022 - 15:30:45 +0800)

Model: Rockchip RK3588 Evaluation Board
PreSerial: 2, raw, 0xfeb50000
DRAM:  7.7 GiB
Sysmem: init
Relocation Offset: edb71000
Relocation fdt: eb9fa010 - eb9fecf0
CR: M/C/I
Using default environment

mmc@fe2c0000: 1, mmc@fe2e0000: 0
Bootdev(atags): mmc 0
MMC0: HS400, 200Mhz
PartType: EFI
DM: v2
boot mode: None
FIT: no signed, no conf required
DTB: rk-kernel.dtb
HASH(c): OK
I2c0 speed: 100000Hz
vsel-gpios- not found! Error: -2
en-gpios- not found! Error: -2
vdd_cpu_big0_s0 1343750 uV
vsel-gpios- not found! Error: -2
en-gpios- not found! Error: -2
vdd_cpu_big1_s0 1343750 uV
I2c2 speed: 100000Hz
vsel-gpios- not found! Error: -2
en-gpios- not found! Error: -2
vdd_npu_s0 800000 uV
spi2: RK806: 2
vdd_gpu_s0 750000 uV
vdd_cpu_lit_s0 750000 uV
vdd_log_s0 750000 uV
vdd_vdenc_s0 init 750000 uV
vdd_ddr_s0 850000 uV
Warn: can't find connect driver
Warn: can't find connect driver
Warn: can't find connect driver
Warn: can't find connect driver
Warn: can't find connect driver
Warn: can't find connect driver
Model: Rockchip RK3588 NVR DEMO1 LP4 V21 Board
CLK: (uboot. arm: enter 1200000 KHz, init 1200000 KHz, kernel 0N/A)
  b0pll 1200000 KHz
  b1pll 1200000 KHz
  lpll 1200000 KHz
  v0pll 24000 KHz
  aupll 786215 KHz
  cpll 1500000 KHz
  gpll 1188000 KHz
  npll 850000 KHz
  ppll 1100000 KHz
  aclk_center_root 702000 KHz
  pclk_center_root 200000 KHz
  hclk_center_root 396000 KHz
  aclk_center_low_root 500000 KHz
  aclk_top_root 750000 KHz
  pclk_top_root 100000 KHz
  aclk_low_top_root 396000 KHz
Net:   eth1: ethernet@fe1c0000, eth0: ethernet@fe1b0000
Hit key to stop autoboot('CTRL+C'):  0
ANDROID: reboot reason: "(none)"
optee api revision: 2.0
TEEC: Waring: Could not find security partition
Not AVB images, AVB skip
No valid android hdr
Android image load failed
Android boot failed, error -1.
## Booting FIT Image at 0xe9bf1600 with size 0x01c07a00
Fdt Ramdisk skip relocation
## Loading kernel from FIT Image at e9bf1600 ...
   Using 'conf' configuration
## Verified-boot: 0
   Trying 'kernel' kernel subimage
     Description:  unavailable
     Type:         Kernel Image
     Compression:  uncompressed
     Data Start:   0xe9c2de00
     Data Size:    29143552 Bytes = 27.8 MiB
     Architecture: AArch64
     OS:           Linux
     Load Address: 0x00400000
     Entry Point:  0x00400000
     Hash algo:    sha256
     Hash value:   1f885f614eb0918bf93e00d4fbbeb3cf554441e94ab13178877ea3ab6b051a85
   Verifying Hash Integrity ... sha256+ OK
## Loading fdt from FIT Image at e9bf1600 ...
   Using 'conf' configuration
   Trying 'fdt' fdt subimage
     Description:  unavailable
     Type:         Flat Device Tree
     Compression:  uncompressed
     Data Start:   0xe9bf1e00
     Data Size:    245275 Bytes = 239.5 KiB
     Architecture: AArch64
     Load Address: 0x0a100000
     Hash algo:    sha256
     Hash value:   165d2ff49efcf827edd2e24eb9e72107d7eb657fee312f7185ba8e8ecaa3bcd5
   Verifying Hash Integrity ... sha256+ OK
   Loading fdt from 0x0a100000 to 0x0a100000
   Booting using the fdt blob at 0x0a100000
   Loading Kernel Image from 0xe9c2de00 to 0x00400000 ... OK
   kernel loaded at 0x00400000, end = 0x01fcb200
   Using Device Tree in place at 000000000a100000, end 000000000a13ee1a
Adding bank: 0x00200000 - 0x08400000 (size: 0x08200000)
Adding bank: 0x09400000 - 0xf0000000 (size: 0xe6c00000)
Adding bank: 0x100000000 - 0x200000000 (size: 0x100000000)
Total: 1628.72 ms

Starting kernel ...

[    1.743252] Booting Linux on physical CPU 0x0000000000 [0x412fd050]
[    1.743277] Linux version 5.10.66-g877905a95767 (d@d) (aarch64-none-linux-gnu-gcc (GNU Toolchain for the A-profile Architecture 10.3-2021.07 (arm-10.29)) 10.3.1 20210621, GNU ld (GNU Toolchain for the A-profile Architecture 10.3-2021.07 (arm-10.29)) 2.36.1.20210621) #1 SMP Mon Jun 20 10:45:43 CST 2022
[    1.758043] Machine model: Rockchip RK3588 NVR DEMO1 LP4 V21 Board
[    1.758116] earlycon: uart8250 at MMIO32 0x00000000feb50000 (options '')
[    1.762309] printk: bootconsole [uart8250] enabled
[    1.765868] efi: UEFI not found.
[    1.773806] OF: fdt: Reserved memory: failed to reserve memory for node 'drm-logo@00000000': base 0x0000000000000000, size 0 MiB
[    1.774881] OF: fdt: Reserved memory: failed to reserve memory for node 'drm-cubic-lut@00000000': base 0x0000000000000000, size 0 MiB
[    1.776206] Reserved memory: created CMA memory pool at 0x00000001ff800000, size 8 MiB
[    1.776934] OF: reserved mem: initialized node cma, compatible id shared-dma-pool
[    1.932631] Zone ranges:
[    1.932877]   DMA      [mem 0x0000000000200000-0x00000000ffffffff]
[    1.933453]   DMA32    empty
[    1.933722]   Normal   [mem 0x0000000100000000-0x00000001ffffffff]
[    1.934293] Movable zone start for each node
[    1.934686] Early memory node ranges
[    1.935017]   node   0: [mem 0x0000000000200000-0x00000000083fffff]
[    1.935595]   node   0: [mem 0x0000000009400000-0x00000000efffffff]
[    1.936173]   node   0: [mem 0x0000000100000000-0x00000001ffffffff]
[    1.936752] Initmem setup node 0 [mem 0x0000000000200000-0x00000001ffffffff]
[    1.980468] psci: probing for conduit method from DT.
[    1.980944] psci: PSCIv1.1 detected in firmware.
[    1.981371] psci: Using standard PSCI v0.2 function IDs
[    1.981855] psci: Trusted OS migration not required
[    1.982307] psci: SMC Calling Convention v1.2
[    1.983126] percpu: Embedded 30 pages/cpu s84648 r8192 d30040 u122880
[    1.983940] Detected VIPT I-cache on CPU0
[    1.984357] CPU features: detected: GIC system register CPU interface
[    1.984950] CPU features: detected: Virtualization Host Extensions
[    1.985524] CPU features: detected: ARM errata 1165522, 1319367, or 1530923
[    1.986169] alternatives: patching kernel code
[    1.986869] Built 1 zonelists, mobility grouping on.  Total pages: 1995336
[    1.987507] Kernel command line: storagemedia=emmc androidboot.storagemedia=emmc androidboot.mode=normal  androidboot.verifiedbootstate=orange rw rootwait earlycon=uart8250,mmio32,0xfeb50000 console=ttyFIQ0 irqchip.gicv3_pseudo_nmi=0 root=PARTUUID=614e0000-0000
[    1.990868] Dentry cache hash table entries: 1048576 (order: 11, 8388608 bytes, linear)
[    1.992060] Inode-cache hash table entries: 524288 (order: 10, 4194304 bytes, linear)
[    1.992783] mem auto-init: stack:off, heap alloc:off, heap free:off
[    2.000690] software IO TLB: mapped [mem 0x00000000ec000000-0x00000000f0000000] (64MB)
[    2.078971] Memory: 7847456K/8108032K available (13824K kernel code, 3052K rwdata, 5524K rodata, 5952K init, 510K bss, 252384K reserved, 8192K cma-reserved)
[    2.080410] SLUB: HWalign=64, Order=0-3, MinObjects=0, CPUs=8, Nodes=1
[    2.081043] ftrace: allocating 53903 entries in 211 pages
[    2.176740] ftrace: allocated 211 pages with 5 groups
[    2.177516] rcu: Hierarchical RCU implementation.
[    2.177955] rcu:     RCU event tracing is enabled.
[    2.178373]  Rude variant of Tasks RCU enabled.
[    2.178792] rcu: RCU calculated value of scheduler-enlistment delay is 30 jiffies.
[    2.184411] NR_IRQS: 64, nr_irqs: 64, preallocated irqs: 0
[    2.187892] GICv3: GIC: Using split EOI/Deactivate mode
[    2.188377] GICv3: 480 SPIs implemented
[    2.188732] GICv3: 0 Extended SPIs implemented
[    2.189171] GICv3: Distributor has no Range Selector support
[    2.189697] GICv3: 16 PPIs implemented
[    2.190086] GICv3: CPU0: found redistributor 0 region 0:0x00000000fe680000
[    2.190850] ITS [mem 0xfe640000-0xfe65ffff]
[    2.191294] ITS@0x00000000fe640000: allocated 8192 Devices @1001d0000 (indirect, esz 8, psz 64K, shr 0)
[    2.192181] ITS@0x00000000fe640000: allocated 32768 Interrupt Collections @1001e0000 (flat, esz 2, psz 64K, shr 0)
[    2.193135] ITS: using cache flushing for cmd queue
[    2.193618] ITS [mem 0xfe660000-0xfe67ffff]
[    2.194053] ITS@0x00000000fe660000: allocated 8192 Devices @100200000 (indirect, esz 8, psz 64K, shr 0)
[    2.194939] ITS@0x00000000fe660000: allocated 32768 Interrupt Collections @100210000 (flat, esz 2, psz 64K, shr 0)
[    2.195892] ITS: using cache flushing for cmd queue
[    2.196611] GICv3: using LPI property table @0x0000000100220000
[    2.197302] GIC: using cache flushing for LPI property table
[    2.197829] GICv3: CPU0: using allocated LPI pending table @0x0000000100230000
[    2.198668] random: get_random_bytes called from start_kernel+0x3dc/0x5d0 with crng_init=0
[    2.342796] arch_timer: cp15 timer(s) running at 24.00MHz (phys).
[    2.344119] clocksource: arch_sys_counter: mask: 0xffffffffffffff max_cycles: 0x588fe9dc0, max_idle_ns: 440795202592 ns
[    2.345115] sched_clock: 56 bits at 24MHz, resolution 41ns, wraps every 4398046511097ns
[    2.347330] Console: colour dummy device 80x25
[    2.347773] Calibrating delay loop (skipped), value calculated using timer frequency.. 48.00 BogoMIPS (lpj=80000)
[    2.348721] pid_max: default: 32768 minimum: 301
[    2.349303] Mount-cache hash table entries: 16384 (order: 5, 131072 bytes, linear)
[    2.350014] Mountpoint-cache hash table entries: 16384 (order: 5, 131072 bytes, linear)
[    2.352672] rcu: Hierarchical SRCU implementation.
[    2.353930] Platform MSI: msi-controller@fe640000 domain created
[    2.354520] Platform MSI: msi-controller@fe660000 domain created
[    2.355481] PCI/MSI: /interrupt-controller@fe600000/msi-controller@fe640000 domain created
[    2.356260] PCI/MSI: /interrupt-controller@fe600000/msi-controller@fe660000 domain created
[    2.357245] EFI services will not be available.
[    2.358043] smp: Bringing up secondary CPUs ...
I/TC: Secondary CPU 4 initializing
I/TC: Secondary CPU 4 switching to normal world boot
I/TC: Secondary CPU 5 initializing
I/TC: Secondary CPU 5 switching to normal world boot
I/TC: Secondary CPU 6 initializing
I/TC: Secondary CPU 6 switching to normal world boot
I/TC: Secondary CPU 7 initializing
I/TC: Secondary CPU 7 switching to normal world boot
I/TC: Secondary CPU 1 initializing
I/TC: Secondary CPU 1 switching to normal world boot
I/TC: Secondary CPU 2 initializing
I/TC: Secondary CPU 2 switching to normal world boot
I/TC: Secondary CPU 3 initializing
I/TC: Secondary CPU 3 switching to normal world boot
[    2.359705] CPU features: detected: Spectre-v4
[    2.359709] Detected PIPT I-cache on CPU1
[    2.359728] GICv3: CPU1: found redistributor 400 region 0:0x00000000fe700000
[    2.359739] GICv3: CPU1: using allocated LPI pending table @0x0000000100240000
[    2.359766] CPU1: Booted secondary processor 0x0000000400 [0x414fd0b0]
[    2.361044] Detected PIPT I-cache on CPU2
[    2.361061] GICv3: CPU2: found redistributor 500 region 0:0x00000000fe720000
[    2.361071] GICv3: CPU2: using allocated LPI pending table @0x0000000100250000
[    2.361099] CPU2: Booted secondary processor 0x0000000500 [0x414fd0b0]
[    2.362393] Detected PIPT I-cache on CPU3
[    2.362407] GICv3: CPU3: found redistributor 600 region 0:0x00000000fe740000
[    2.362417] GICv3: CPU3: using allocated LPI pending table @0x0000000100260000
[    2.362442] CPU3: Booted secondary processor 0x0000000600 [0x414fd0b0]
[    2.363711] Detected PIPT I-cache on CPU4
[    2.363726] GICv3: CPU4: found redistributor 700 region 0:0x00000000fe760000
[    2.363735] GICv3: CPU4: using allocated LPI pending table @0x0000000100270000
[    2.363761] CPU4: Booted secondary processor 0x0000000700 [0x414fd0b0]
[    2.365019] Detected VIPT I-cache on CPU5
[    2.365048] GICv3: CPU5: found redistributor 100 region 0:0x00000000fe6a0000
[    2.365066] GICv3: CPU5: using allocated LPI pending table @0x0000000100280000
[    2.365106] CPU5: Booted secondary processor 0x0000000100 [0x412fd050]
[    2.366442] Detected VIPT I-cache on CPU6
[    2.366471] GICv3: CPU6: found redistributor 200 region 0:0x00000000fe6c0000
[    2.366489] GICv3: CPU6: using allocated LPI pending table @0x0000000100290000
[    2.366527] CPU6: Booted secondary processor 0x0000000200 [0x412fd050]
[    2.367831] Detected VIPT I-cache on CPU7
[    2.367861] GICv3: CPU7: found redistributor 300 region 0:0x00000000fe6e0000
[    2.367879] GICv3: CPU7: using allocated LPI pending table @0x00000001002a0000
[    2.367920] CPU7: Booted secondary processor 0x0000000300 [0x412fd050]
[    2.368034] smp: Brought up 1 node, 8 CPUs
[    2.384713] SMP: Total of 8 processors activated.
[    2.385149] CPU features: detected: Privileged Access Never
[    2.385662] CPU features: detected: User Access Override
[    2.386152] CPU features: detected: 32-bit EL0 Support
[    2.386634] CPU features: detected: Common not Private translations
[    2.387211] CPU features: detected: RAS Extension Support
[    2.387709] CPU features: detected: Data cache clean to the PoU not required for I/D coherence
[    2.388501] CPU features: detected: CRC32 instructions
[    2.388973] CPU features: detected: Speculative Store Bypassing Safe (SSBS)
[    2.389615] CPU features: detected: RCpc load-acquire (LDAPR)
[    2.390249] CPU: All CPU(s) started at EL2
[    2.392061] devtmpfs: initialized
[    2.403935] Registered cp15_barrier emulation handler
[    2.404402] Registered setend emulation handler
[    2.404888] clocksource: jiffies: mask: 0xffffffff max_cycles: 0xffffffff, max_idle_ns: 6370867519511994 ns
[    2.405778] futex hash table entries: 2048 (order: 5, 131072 bytes, linear)
[    2.406559] pinctrl core: initialized pinctrl subsystem
[    2.407282] DMI not present or invalid.
[    2.407739] NET: Registered protocol family 16
[    2.409064] DMA: preallocated 1024 KiB GFP_KERNEL pool for atomic allocations
[    2.409778] DMA: preallocated 1024 KiB GFP_KERNEL|GFP_DMA pool for atomic allocations
[    2.410964] thermal_sys: Registered thermal governor 'fair_share'
[    2.410966] thermal_sys: Registered thermal governor 'step_wise'
[    2.411522] thermal_sys: Registered thermal governor 'user_space'
[    2.412065] thermal_sys: Registered thermal governor 'power_allocator'
[    2.412729] thermal thermal_zone1: power_allocator: sustainable_power will be estimated
[    2.414078] thermal thermal_zone2: power_allocator: sustainable_power will be estimated
[    2.414827] thermal thermal_zone3: power_allocator: sustainable_power will be estimated
[    2.415572] thermal thermal_zone4: power_allocator: sustainable_power will be estimated
[    2.416317] thermal thermal_zone5: power_allocator: sustainable_power will be estimated
[    2.417066] thermal thermal_zone6: power_allocator: sustainable_power will be estimated
[    2.417812] cpuidle: using governor menu
[    2.418173] Registered FIQ tty driver
[    2.418639] hw-breakpoint: found 6 breakpoint and 4 watchpoint registers.
[    2.419371] ASID allocator initialised with 65536 entries
[    2.422586] printk: console [ramoops-1] enabled
[    2.422997] pstore: Registered ramoops as persistent store backend
[    2.423554] ramoops: using 0xf0000@0x110000, ecc: 0
[    2.461996] rockchip-gpio fd8a0000.gpio: probed /pinctrl/gpio@fd8a0000
[    2.462783] rockchip-gpio fec20000.gpio: probed /pinctrl/gpio@fec20000
[    2.463534] rockchip-gpio fec30000.gpio: probed /pinctrl/gpio@fec30000
[    2.464282] rockchip-gpio fec40000.gpio: probed /pinctrl/gpio@fec40000
[    2.465075] rockchip-gpio fec50000.gpio: probed /pinctrl/gpio@fec50000
[    2.465706] rockchip-pinctrl pinctrl: probed pinctrl
[    2.477043] fiq_debugger fiq_debugger.0: IRQ fiq not found
[    2.477546] fiq_debugger fiq_debugger.0: IRQ wakeup not found
[    2.478072] fiq_debugger_probe: could not install nmi irq handler
[[    2.478676] printk: console [ttyFIQ0] enabled
    2.478676] printk: console [ttyFIQ0] enabled
[    2.479453] printk: bootconsole [uart8250] disabled
[    2.479453] printk: bootconsole [uart8250] disabled
[    2.479959] Registered fiq debugger ttyFIQ0
[    2.480312] vcc3v3_pcie30: supplied by vcc12v_dcin
[    2.480386] vcc5v0_sys: supplied by vcc12v_dcin
[    2.480538] vcc5v0_host: supplied by vcc5v0_sys
[    2.480732] vcc5v0_otg: supplied by vcc5v0_sys
[    2.480804] vcc_1v1_nldo_s3: supplied by vcc5v0_sys
[    2.481179] iommu: Default domain type: Translated
[    2.481246] rk_iommu fdab9000.iommu: version = 2
[    2.481563] rk_iommu fdb50800.iommu: version = 2
[    2.481774] rk_iommu fdb60f00.iommu: version = 2
[    2.481933] rk_iommu fdb70f00.iommu: version = 2
[    2.482084] rk_iommu fdb90480.iommu: version = 2
[    2.482243] rk_iommu fdba0800.iommu: version = 2
[    2.482399] rk_iommu fdba4800.iommu: version = 2
[    2.482559] rk_iommu fdba8800.iommu: version = 2
[    2.482714] rk_iommu fdbac800.iommu: version = 2
[    2.482872] rk_iommu fdbb0800.iommu: version = 2
[    2.483024] rk_iommu fdbdf000.iommu: version = 2
[    2.483222] rk_iommu fdbef000.iommu: version = 2
[    2.483442] rk_iommu fdc38700.iommu: version = 2
[    2.483670] rk_iommu fdc48700.iommu: version = 2
[    2.483794] rk_iommu fdd97e00.iommu: version = 2
[    2.484070] SCSI subsystem initialized
[    2.484141] usbcore: registered new interface driver usbfs
[    2.484154] usbcore: registered new interface driver hub
[    2.484167] usbcore: registered new device driver usb
[    2.484200] mc: Linux media interface: v0.10
[    2.484209] videodev: Linux video capture interface: v2.00
[    2.484233] pps_core: LinuxPPS API ver. 1 registered
[    2.484237] pps_core: Software ver. 5.3.6 - Copyright 2005-2007 Rodolfo Giometti <giometti@linux.it>
[    2.484243] PTP clock support registered
[    2.484478] arm-scmi firmware:scmi: SCMI Notifications - Core Enabled.
[    2.484516] arm-scmi firmware:scmi: SCMI Protocol v2.0 'rockchip:' Firmware version 0x0
[    2.485465] Advanced Linux Sound Architecture Driver Initialized.
[    2.486914] rockchip-cpuinfo cpuinfo: SoC            : 35880000
[    2.486920] rockchip-cpuinfo cpuinfo: Serial         : 593e8ba3fe8b481f
[    2.487228] clocksource: Switched to clocksource arch_sys_counter
[    2.792514] VFS: Disk quotas dquot_6.6.0
[    2.792551] VFS: Dquot-cache hash table entries: 512 (order 0, 4096 bytes)
[    2.795484] NET: Registered protocol family 2
[    2.795646] IP idents hash table entries: 131072 (order: 8, 1048576 bytes, linear)
[    2.797216] tcp_listen_portaddr_hash hash table entries: 4096 (order: 5, 163840 bytes, linear)
[    2.797316] TCP established hash table entries: 65536 (order: 7, 524288 bytes, linear)
[    2.797584] TCP bind hash table entries: 65536 (order: 9, 2097152 bytes, linear)
[    2.798257] TCP: Hash tables configured (established 65536 bind 65536)
[    2.798316] UDP hash table entries: 4096 (order: 6, 393216 bytes, linear)
[    2.798452] UDP-Lite hash table entries: 4096 (order: 6, 393216 bytes, linear)
[    2.798652] NET: Registered protocol family 1
[    2.798853] RPC: Registered named UNIX socket transport module.
[    2.798858] RPC: Registered udp transport module.
[    2.798861] RPC: Registered tcp transport module.
[    2.798864] RPC: Registered tcp NFSv4.1 backchannel transport module.
[    2.799232] PCI: CLS 0 bytes, default 64
[    2.800224] hw perfevents: enabled with armv8_pmuv3 PMU driver, 7 counters available
[    2.802306] Initialise system trusted keyrings
[    2.802368] workingset: timestamp_bits=46 max_order=21 bucket_order=0
[    2.804508] NFS: Registering the id_resolver key type
[    2.804520] Key type id_resolver registered
[    2.804524] Key type id_legacy registered
[    2.804553] nfs4filelayout_init: NFSv4 File Layout Driver Registering...
[    2.804557] nfs4flexfilelayout_init: NFSv4 Flexfile Layout Driver Registering...
[    2.804569] ntfs: driver 2.1.32 [Flags: R/W].
[    2.805009] NET: Registered protocol family 38
[    2.805019] Key type asymmetric registered
[    2.805024] Asymmetric key parser 'x509' registered
[    2.805040] Block layer SCSI generic (bsg) driver version 0.4 loaded (major 242)
[    2.805044] io scheduler mq-deadline registered
[    2.805050] io scheduler kyber registered
[    2.813348] rockchip-hdptx-phy-hdmi fed60000.hdmiphy: hdptx phy init success
[    2.814037] rockchip-hdptx-phy-hdmi fed70000.hdmiphy: hdptx phy init success
[    2.816151] rk-pcie fe150000.pcie: invalid prsnt-gpios property in node
[    2.816194] mpp_service mpp-srv: 877905a95 author: Stephen 2022-06-17 arm64: dts: rockchip: overlay: add rk3588 i2c pwm uart
[    2.816201] mpp_service mpp-srv: probe start
[    2.817327] mpp_vdpu2 fdb50400.vdpu: Adding to iommu group 1
[    2.817527] mpp_vdpu2 fdb50400.vdpu: probe device
[    2.817618] mpp_vdpu2 fdb50400.vdpu: reset group is empty!
[    2.817622] vdpu_init:501: No aclk reset resource define
[    2.817627] mpp_vdpu2 fdb50400.vdpu: reset group is empty!
[    2.817630] vdpu_init:504: No hclk reset resource define
[    2.817721] mpp_vdpu2 fdb50400.vdpu: probing finish
[    2.817911] mpp_vepu2 jpege-ccu: probing start
[    2.817916] mpp_vepu2 jpege-ccu: probing finish
[    2.818028] mpp_vepu2 fdba0000.jpege-core: Adding to iommu group 5
[    2.818155] mpp_vepu2 fdba0000.jpege-core: probing start
[    2.818252] mpp_vepu2 fdba0000.jpege-core: attach ccu success
[    2.818333] mpp_vepu2 fdba0000.jpege-core: probing finish
[    2.818422] mpp_vepu2 fdba4000.jpege-core: Adding to iommu group 6
[    2.818551] mpp_vepu2 fdba4000.jpege-core: probing start
[    2.818636] mpp_vepu2 fdba4000.jpege-core: attach ccu success
[    2.818712] mpp_vepu2 fdba4000.jpege-core: probing finish
[    2.818813] mpp_vepu2 fdba8000.jpege-core: Adding to iommu group 7
[    2.818952] mpp_vepu2 fdba8000.jpege-core: probing start
[    2.819040] mpp_vepu2 fdba8000.jpege-core: attach ccu success
[    2.819120] mpp_vepu2 fdba8000.jpege-core: probing finish
[    2.819220] mpp_vepu2 fdbac000.jpege-core: Adding to iommu group 8
[    2.819343] mpp_vepu2 fdbac000.jpege-core: probing start
[    2.819431] mpp_vepu2 fdbac000.jpege-core: attach ccu success
[    2.819510] mpp_vepu2 fdbac000.jpege-core: probing finish
[    2.819768] mpp-iep2 fdbb0000.iep: Adding to iommu group 9
[    2.819891] mpp-iep2 fdbb0000.iep: probe device
[    2.820005] mpp-iep2 fdbb0000.iep: allocate roi buffer failed
[    2.820068] mpp-iep2 fdbb0000.iep: probing finish
[    2.820270] mpp_jpgdec fdb90000.jpegd: Adding to iommu group 4
[    2.820453] mpp_jpgdec fdb90000.jpegd: probe device
[    2.820643] mpp_jpgdec fdb90000.jpegd: probing finish
[    2.820936] mpp_rkvdec2 fdc30000.rkvdec-ccu: rkvdec-ccu, probing start
[    2.820988] mpp_rkvdec2 fdc30000.rkvdec-ccu: probing finish
[    2.821073] mpp_rkvdec2 fdc38100.rkvdec-core: Adding to iommu group 12
[    2.821280] mpp_rkvdec2 fdc38100.rkvdec-core: rkvdec-core, probing start
[    2.821385] mpp_rkvdec2 fdc38100.rkvdec-core: shared_niu_a is not found!
[    2.821389] rkvdec2_init:697: No niu aclk reset resource define
[    2.821393] mpp_rkvdec2 fdc38100.rkvdec-core: shared_niu_h is not found!
[    2.821397] rkvdec2_init:700: No niu hclk reset resource define
[    2.821456] mpp_rkvdec2 fdc38100.rkvdec-core: core_mask=00010001
[    2.821460] mpp_rkvdec2 fdc38100.rkvdec-core: attach ccu as core 0
[    2.821642] mpp_rkvdec2 fdc38100.rkvdec-core: sram_start 0x00000000fd601000
[    2.821646] mpp_rkvdec2 fdc38100.rkvdec-core: rcb_iova 0x0000000010000000
[    2.821650] mpp_rkvdec2 fdc38100.rkvdec-core: sram_size 491520
[    2.821653] mpp_rkvdec2 fdc38100.rkvdec-core: rcb_size 1048576
[    2.821658] mpp_rkvdec2 fdc38100.rkvdec-core: min_width 512
[    2.821683] mpp_rkvdec2 fdc38100.rkvdec-core: probing finish
[    2.821752] mpp_rkvdec2 fdc48100.rkvdec-core: Adding to iommu group 13
[    2.821933] mpp_rkvdec2 fdc48100.rkvdec-core: rkvdec-core, probing start
[    2.822031] mpp_rkvdec2 fdc48100.rkvdec-core: shared_niu_a is not found!
[    2.822036] rkvdec2_init:697: No niu aclk reset resource define
[    2.822040] mpp_rkvdec2 fdc48100.rkvdec-core: shared_niu_h is not found!
[    2.822043] rkvdec2_init:700: No niu hclk reset resource define
[    2.822088] mpp_rkvdec2 fdc48100.rkvdec-core: core_mask=00020002
[    2.822106] mpp_rkvdec2 fdc48100.rkvdec-core: attach ccu as core 1
[    2.822327] mpp_rkvdec2 fdc48100.rkvdec-core: sram_start 0x00000000fd679000
[    2.822331] mpp_rkvdec2 fdc48100.rkvdec-core: rcb_iova 0x0000000010100000
[    2.822335] mpp_rkvdec2 fdc48100.rkvdec-core: sram_size 487424
[    2.822339] mpp_rkvdec2 fdc48100.rkvdec-core: rcb_size 1048576
[    2.822343] mpp_rkvdec2 fdc48100.rkvdec-core: min_width 512
[    2.822371] mpp_rkvdec2 fdc48100.rkvdec-core: probing finish
[    2.822530] mpp_rkvenc2 rkvenc-ccu: probing start
[    2.822536] mpp_rkvenc2 rkvenc-ccu: probing finish
[    2.822632] mpp_rkvenc2 fdbd0000.rkvenc-core: Adding to iommu group 10
[    2.822779] mpp_rkvenc2 fdbd0000.rkvenc-core: probing start
[    2.822795] mpp_rkvenc2 fdbd0000.rkvenc-core: link mode task capacity 8
[    2.822933] mpp_rkvenc2 fdbd0000.rkvenc-core: attach ccu as core 0
[    2.823014] mpp_rkvenc2 fdbd0000.rkvenc-core: probing finish
[    2.823068] mpp_rkvenc2 fdbe0000.rkvenc-core: Adding to iommu group 11
[    2.823247] mpp_rkvenc2 fdbe0000.rkvenc-core: probing start
[    2.823261] mpp_rkvenc2 fdbe0000.rkvenc-core: link mode task capacity 8
[    2.823414] mpp_rkvenc2 fdbe0000.rkvenc-core: attach ccu as core 1
[    2.823500] mpp_rkvenc2 fdbe0000.rkvenc-core: probing finish
[    2.824188] mpp_av1dec: Adding child /av1d@fdc70000
[    2.824444] mpp_av1dec: register device av1d-master
[    2.824465] mpp_av1dec av1d-master: av1_iommu_of_xlate,784
[    2.824483] av1_iommu_probe_device,736, consumer : av1d-master, supplier : fdca0000.iommu
[    2.824491] mpp_av1dec av1d-master: Adding to iommu group 15
[    2.835480] rk-pcie fe150000.pcie: missing legacy IRQ resource
[    2.835507] rk-pcie fe150000.pcie: IRQ msi not found
[    2.835517] rk-pcie fe150000.pcie: use outband MSI support
[    2.835526] rk-pcie fe150000.pcie: Missing *config* reg space
[    2.835544] rk-pcie fe150000.pcie: host bridge /pcie@fe150000 ranges:
[    2.835572] rk-pcie fe150000.pcie:      err 0x00f0000000..0x00f00fffff -> 0x00f0000000
[    2.835594] rk-pcie fe150000.pcie:       IO 0x00f0100000..0x00f01fffff -> 0x00f0100000
[    2.835607] mpp_av1dec av1d-master: probing start
[    2.835629] rk-pcie fe150000.pcie:      MEM 0x00f0200000..0x00f0ffffff -> 0x00f0200000
[    2.835646] rk-pcie fe150000.pcie:      MEM 0x0900000000..0x093fffffff -> 0x0900000000
[    2.835685] rk-pcie fe150000.pcie: Missing *config* reg space
[    2.835721] rk-pcie fe150000.pcie: invalid resource
[    2.835816] mpp_av1dec av1d-master: probing finish
[    2.835850] mpp_service mpp-srv: probe success
[    2.842202] dma-pl330 fea10000.dma-controller: Loaded driver for PL330 DMAC-241330
[    2.842210] dma-pl330 fea10000.dma-controller:       DBUFF-128x8bytes Num_Chans-8 Num_Peri-32 Num_Events-16
[    2.842967] dma-pl330 fea30000.dma-controller: Loaded driver for PL330 DMAC-241330
[    2.842974] dma-pl330 fea30000.dma-controller:       DBUFF-128x8bytes Num_Chans-8 Num_Peri-32 Num_Events-16
[    2.843722] dma-pl330 fed10000.dma-controller: Loaded driver for PL330 DMAC-241330
[    2.843728] dma-pl330 fed10000.dma-controller:       DBUFF-128x8bytes Num_Chans-8 Num_Peri-32 Num_Events-16
[    2.844095] rockchip-pvtm fda40000.pvtm: pvtm@0 probed
[    2.844149] rockchip-pvtm fda50000.pvtm: pvtm@1 probed
[    2.844196] rockchip-pvtm fda60000.pvtm: pvtm@2 probed
[    2.844240] rockchip-pvtm fdaf0000.pvtm: pvtm@3 probed
[    2.844288] rockchip-pvtm fdb30000.pvtm: pvtm@4 probed
[    2.844750] rockchip-system-monitor rockchip-system-monitor: system monitor probe
[    2.845420] Serial: 8250/16550 driver, 10 ports, IRQ sharing disabled
[    2.846466] random: fast init done
[    2.846570] random: crng init done
[    2.847040] rockchip-vop2 fdd90000.vop: Adding to iommu group 14
[    2.853677] rockchip-vop2 fdd90000.vop: [drm:vop2_bind] vp0 assign plane mask: 0x5, primary plane phy id: 2
[    2.853687] rockchip-vop2 fdd90000.vop: [drm:vop2_bind] vp1 assign plane mask: 0xa, primary plane phy id: 3
[    2.853700] rockchip-vop2 fdd90000.vop: [drm:vop2_bind] vp2 assign plane mask: 0x140, primary plane phy id: 8
[    2.853707] rockchip-vop2 fdd90000.vop: [drm:vop2_bind] vp3 assign plane mask: 0x280, primary plane phy id: 9
[    2.853969] [drm] failed to init overlay plane Cluster0-win1
[    2.853996] [drm] failed to init overlay plane Cluster1-win1
[    2.854022] [drm] failed to init overlay plane Cluster2-win1
[    2.854048] [drm] failed to init overlay plane Cluster3-win1
[    2.862686] rockchip-drm display-subsystem: bound fdd90000.vop (ops 0xffffffc010e83958)
[    2.863216] dwhdmi-rockchip fde80000.hdmi: registered ddc I2C bus driver
[    2.863367] rockchip-drm display-subsystem: bound fde80000.hdmi (ops 0xffffffc010e8b6b8)
[    2.863878] dwhdmi-rockchip fdea0000.hdmi: registered ddc I2C bus driver
[    2.864033] rockchip-drm display-subsystem: bound fdea0000.hdmi (ops 0xffffffc010e8b6b8)
[    2.864076] dw-mipi-dsi2 fde30000.dsi: [drm:dw_mipi_dsi2_bind] *ERROR* Failed to find panel or bridge: -517
[    2.871081] brd: module loaded
[    2.873750] loop: module loaded
[    2.873925] zram: Added device: zram0
[    2.874046] lkdtm: No crash points registered, enable through debugfs
[    2.874218] system_heap: orders[0] = 6
[    2.874222] system_heap: orders[1] = 4
[    2.874226] system_heap: orders[2] = 0
[    2.875289] ahci fe210000.sata: supply ahci not found, using dummy regulator
[    2.875349] ahci fe210000.sata: supply phy not found, using dummy regulator
[    2.875406] ahci fe210000.sata: supply target not found, using dummy regulator
[    2.875470] ahci fe210000.sata: forcing port_map 0x0 -> 0x1
[    2.875490] ahci fe210000.sata: AHCI 0001.0300 32 slots 1 ports 6 Gbps 0x1 impl platform mode
[    2.875497] ahci fe210000.sata: flags: ncq sntf pm led clo only pmp fbs pio slum part ccc apst
[    2.875506] ahci fe210000.sata: port 0 can do FBS, forcing FBSCP
[    2.876400] scsi host0: ahci
[    2.876518] ata1: SATA max UDMA/133 mmio [mem 0xfe210000-0xfe210fff] port 0x100 irq 70
[    2.876670] ahci fe220000.sata: supply ahci not found, using dummy regulator
[    2.876726] ahci fe220000.sata: supply phy not found, using dummy regulator
[    2.876894] ahci fe220000.sata: supply target not found, using dummy regulator
[    2.876957] ahci fe220000.sata: forcing port_map 0x0 -> 0x1
[    2.876979] ahci fe220000.sata: AHCI 0001.0300 32 slots 1 ports 6 Gbps 0x1 impl platform mode
[    2.876986] ahci fe220000.sata: flags: ncq sntf pm led clo only pmp fbs pio slum part ccc apst
[    2.876992] ahci fe220000.sata: port 0 can do FBS, forcing FBSCP
[    2.877648] scsi host1: ahci
[    2.877734] ata2: SATA max UDMA/133 mmio [mem 0xfe220000-0xfe220fff] port 0x100 irq 108
[    2.878627] rockchip-spi feb20000.spi: no high_speed pinctrl state
[    2.879736] rk806 spi2.0: chip id: RK806,ver:0x2, 0x1
[    2.879874] rk806 spi2.0: ON: 0x40 OFF:0x0
[    2.882182] vdd_gpu_s0: supplied by vcc5v0_sys
[    2.883235] vdd_cpu_lit_s0: supplied by vcc5v0_sys
[    2.883840] vdd_log_s0: supplied by vcc5v0_sys
[    2.884422] vdd_vdenc_s0: supplied by vcc5v0_sys
[    2.885072] vdd_ddr_s0: supplied by vcc5v0_sys
[    2.885462] vdd2_ddr_s3: supplied by vcc5v0_sys
[    2.886102] vdd_2v0_pldo_s3: supplied by vcc5v0_sys
[    2.886687] vcc_3v3_s3: supplied by vcc5v0_sys
[    2.887195] vddq_ddr_s0: supplied by vcc5v0_sys
[    2.887878] vcc_1v8_s3: supplied by vcc5v0_sys
[    2.888481] vdd_0v75_s3: supplied by vcc_1v1_nldo_s3
[    2.889079] vdd_ddr_pll_s0: supplied by vcc_1v1_nldo_s3
[    2.889599] avdd_0v75_s0: supplied by vcc_1v1_nldo_s3
[    2.890115] vdd_0v85_s0: supplied by vcc_1v1_nldo_s3
[    2.890641] vdd_0v75_s0: supplied by vcc_1v1_nldo_s3
[    2.891258] avcc_1v8_s0: supplied by vdd_2v0_pldo_s3
[    2.891912] vcc_1v8_s0: supplied by vdd_2v0_pldo_s3
[    2.892508] avdd_1v2_s0: supplied by vdd_2v0_pldo_s3
[    2.893077] vcc_3v3_s0: supplied by vcc5v0_sys
[    2.893576] vccio_sd_s0: supplied by vcc5v0_sys
[    2.894088] pldo6_s3: supplied by vcc5v0_sys
[    2.894571] rk806 spi2.0: no sleep-setting state
[    2.894577] rk806 spi2.0: no reset-setting pinctrl state
[    2.894581] rk806 spi2.0: no dvs-setting pinctrl state
[    2.897022] libphy: Fixed MDIO Bus: probed
[    2.897659] rk_gmac-dwmac fe1c0000.ethernet: IRQ eth_lpi not found
[    2.897788] rk_gmac-dwmac fe1c0000.ethernet: no regulator found
[    2.897794] rk_gmac-dwmac fe1c0000.ethernet: clock input or output? (output).
[    2.897799] rk_gmac-dwmac fe1c0000.ethernet: TX delay(0x42).
[    2.897804] rk_gmac-dwmac fe1c0000.ethernet: Can not read property: rx_delay.
[    2.897808] rk_gmac-dwmac fe1c0000.ethernet: set rx_delay to 0xffffffff
[    2.897820] rk_gmac-dwmac fe1c0000.ethernet: integrated PHY? (no).
[    2.897825] rk_gmac-dwmac fe1c0000.ethernet: cannot get clock mac_clk_rx
[    2.897831] rk_gmac-dwmac fe1c0000.ethernet: cannot get clock mac_clk_tx
[    2.897842] rk_gmac-dwmac fe1c0000.ethernet: cannot get clock clk_mac_speed
[    2.898056] rk_gmac-dwmac fe1c0000.ethernet: init for RGMII_RXID
[    2.898183] rk_gmac-dwmac fe1c0000.ethernet: User ID: 0x30, Synopsys ID: 0x51
[    2.898189] rk_gmac-dwmac fe1c0000.ethernet:         DWMAC4/5
[    2.898195] rk_gmac-dwmac fe1c0000.ethernet: DMA HW capability register supported
[    2.898200] rk_gmac-dwmac fe1c0000.ethernet: RX Checksum Offload Engine supported
[    2.898203] rk_gmac-dwmac fe1c0000.ethernet: TX Checksum insertion supported
[    2.898208] rk_gmac-dwmac fe1c0000.ethernet: Wake-Up On Lan supported
[    2.898236] rk_gmac-dwmac fe1c0000.ethernet: TSO supported
[    2.898240] rk_gmac-dwmac fe1c0000.ethernet: Enable RX Mitigation via HW Watchdog Timer
[    2.898245] rk_gmac-dwmac fe1c0000.ethernet: Enabled Flow TC (entries=2)
[    2.898250] rk_gmac-dwmac fe1c0000.ethernet: TSO feature enabled
[    2.898254] rk_gmac-dwmac fe1c0000.ethernet: Using 32 bits DMA width
[    3.030560] libphy: stmmac: probed
[    3.032475] rk_gmac-dwmac fe1b0000.ethernet: IRQ eth_lpi not found
[    3.032682] rk_gmac-dwmac fe1b0000.ethernet: no regulator found
[    3.032687] rk_gmac-dwmac fe1b0000.ethernet: clock input or output? (output).
[    3.032692] rk_gmac-dwmac fe1b0000.ethernet: TX delay(0x44).
[    3.032697] rk_gmac-dwmac fe1b0000.ethernet: Can not read property: rx_delay.
[    3.032701] rk_gmac-dwmac fe1b0000.ethernet: set rx_delay to 0xffffffff
[    3.032709] rk_gmac-dwmac fe1b0000.ethernet: integrated PHY? (no).
[    3.032715] rk_gmac-dwmac fe1b0000.ethernet: cannot get clock mac_clk_rx
[    3.032720] rk_gmac-dwmac fe1b0000.ethernet: cannot get clock mac_clk_tx
[    3.032732] rk_gmac-dwmac fe1b0000.ethernet: cannot get clock clk_mac_speed
[    3.032949] rk_gmac-dwmac fe1b0000.ethernet: init for RGMII_RXID
[    3.033105] rk_gmac-dwmac fe1b0000.ethernet: User ID: 0x30, Synopsys ID: 0x51
[    3.033110] rk_gmac-dwmac fe1b0000.ethernet:         DWMAC4/5
[    3.033116] rk_gmac-dwmac fe1b0000.ethernet: DMA HW capability register supported
[    3.033120] rk_gmac-dwmac fe1b0000.ethernet: RX Checksum Offload Engine supported
[    3.033124] rk_gmac-dwmac fe1b0000.ethernet: TX Checksum insertion supported
[    3.033128] rk_gmac-dwmac fe1b0000.ethernet: Wake-Up On Lan supported
[    3.033158] rk_gmac-dwmac fe1b0000.ethernet: TSO supported
[    3.033162] rk_gmac-dwmac fe1b0000.ethernet: Enable RX Mitigation via HW Watchdog Timer
[    3.033167] rk_gmac-dwmac fe1b0000.ethernet: Enabled Flow TC (entries=2)
[    3.033171] rk_gmac-dwmac fe1b0000.ethernet: TSO feature enabled
[    3.033175] rk_gmac-dwmac fe1b0000.ethernet: Using 32 bits DMA width
[    3.041731] rk-pcie fe150000.pcie: PCIe Linking... LTSSM is 0x0
[    3.067266] rk-pcie fe150000.pcie: PCIe Linking... LTSSM is 0x1
[    3.093931] rk-pcie fe150000.pcie: PCIe Linking... LTSSM is 0x1
[    3.120595] rk-pcie fe150000.pcie: PCIe Linking... LTSSM is 0x0
[    3.147261] rk-pcie fe150000.pcie: PCIe Linking... LTSSM is 0x0
[    3.163893] libphy: stmmac: probed
[    3.165617] usbcore: registered new interface driver rndis_wlan
[    3.165637] usbcore: registered new interface driver asix
[    3.165657] usbcore: registered new interface driver cdc_ether
[    3.165670] usbcore: registered new interface driver rndis_host
[    3.165689] usbcore: registered new interface driver cdc_ncm
[    3.173930] rk-pcie fe150000.pcie: PCIe Linking... LTSSM is 0x0
[    3.175637] ehci_hcd: USB 2.0 'Enhanced' Host Controller (EHCI) Driver
[    3.175653] ehci-pci: EHCI PCI platform driver
[    3.175676] ehci-platform: EHCI generic platform driver
[    3.178050] ehci-platform fc800000.usb: EHCI Host Controller
[    3.178070] ehci-platform fc800000.usb: new USB bus registered, assigned bus number 1
[    3.178125] ehci-platform fc800000.usb: irq 19, io mem 0xfc800000
[    3.190395] ata2: SATA link down (SStatus 0 SControl 300)
[    3.190568] ehci-platform fc800000.usb: USB 2.0 started, EHCI 1.00
[    3.190648] usb usb1: New USB device found, idVendor=1d6b, idProduct=0002, bcdDevice= 5.10
[    3.190654] usb usb1: New USB device strings: Mfr=3, Product=2, SerialNumber=1
[    3.190658] usb usb1: Product: EHCI Host Controller
[    3.190663] usb usb1: Manufacturer: Linux 5.10.66-g877905a95767 ehci_hcd
[    3.190667] usb usb1: SerialNumber: fc800000.usb
[    3.190880] hub 1-0:1.0: USB hub found
[    3.190897] hub 1-0:1.0: 1 port detected
[    3.193402] ehci-platform fc880000.usb: EHCI Host Controller
[    3.193416] ehci-platform fc880000.usb: new USB bus registered, assigned bus number 2
[    3.193466] ehci-platform fc880000.usb: irq 21, io mem 0xfc880000
[    3.200584] rk-pcie fe150000.pcie: PCIe Linking... LTSSM is 0x0
[    3.203900] ehci-platform fc880000.usb: USB 2.0 started, EHCI 1.00
[    3.203977] usb usb2: New USB device found, idVendor=1d6b, idProduct=0002, bcdDevice= 5.10
[    3.203983] usb usb2: New USB device strings: Mfr=3, Product=2, SerialNumber=1
[    3.203988] usb usb2: Product: EHCI Host Controller
[    3.203992] usb usb2: Manufacturer: Linux 5.10.66-g877905a95767 ehci_hcd
[    3.203996] usb usb2: SerialNumber: fc880000.usb
[    3.204176] hub 2-0:1.0: USB hub found
[    3.204190] hub 2-0:1.0: 1 port detected
[    3.204482] ohci_hcd: USB 1.1 'Open' Host Controller (OHCI) Driver
[    3.204492] ohci-platform: OHCI generic platform driver
[    3.204623] ohci-platform fc840000.usb: Generic Platform OHCI controller
[    3.204633] ohci-platform fc840000.usb: new USB bus registered, assigned bus number 3
[    3.204673] ohci-platform fc840000.usb: irq 20, io mem 0xfc840000
[    3.227254] rk-pcie fe150000.pcie: PCIe Linking... LTSSM is 0x0
[    3.253927] rk-pcie fe150000.pcie: PCIe Linking... LTSSM is 0x0
[    3.264629] usb usb3: New USB device found, idVendor=1d6b, idProduct=0001, bcdDevice= 5.10
[    3.264639] usb usb3: New USB device strings: Mfr=3, Product=2, SerialNumber=1
[    3.264644] usb usb3: Product: Generic Platform OHCI controller
[    3.264648] usb usb3: Manufacturer: Linux 5.10.66-g877905a95767 ohci_hcd
[    3.264652] usb usb3: SerialNumber: fc840000.usb
[    3.264815] hub 3-0:1.0: USB hub found
[    3.264831] hub 3-0:1.0: 1 port detected
[    3.265048] ohci-platform fc8c0000.usb: Generic Platform OHCI controller
[    3.265058] ohci-platform fc8c0000.usb: new USB bus registered, assigned bus number 4
[    3.265098] ohci-platform fc8c0000.usb: irq 22, io mem 0xfc8c0000
[    3.280594] rk-pcie fe150000.pcie: PCIe Linking... LTSSM is 0x0
[    3.324629] usb usb4: New USB device found, idVendor=1d6b, idProduct=0001, bcdDevice= 5.10
[    3.324639] usb usb4: New USB device strings: Mfr=3, Product=2, SerialNumber=1
[    3.324643] usb usb4: Product: Generic Platform OHCI controller
[    3.324648] usb usb4: Manufacturer: Linux 5.10.66-g877905a95767 ohci_hcd
[    3.324651] usb usb4: SerialNumber: fc8c0000.usb
[    3.324811] hub 4-0:1.0: USB hub found
[    3.324825] hub 4-0:1.0: 1 port detected
[    3.325289] xhci-hcd xhci-hcd.5.auto: xHCI Host Controller
[    3.325300] xhci-hcd xhci-hcd.5.auto: new USB bus registered, assigned bus number 5
[    3.325371] xhci-hcd xhci-hcd.5.auto: hcc params 0x0220fe64 hci version 0x110 quirks 0x0000000002010010
[    3.325394] xhci-hcd xhci-hcd.5.auto: irq 119, io mem 0xfcd00000
[    3.325509] usb usb5: New USB device found, idVendor=1d6b, idProduct=0002, bcdDevice= 5.10
[    3.325515] usb usb5: New USB device strings: Mfr=3, Product=2, SerialNumber=1
[    3.325519] usb usb5: Product: xHCI Host Controller
[    3.325523] usb usb5: Manufacturer: Linux 5.10.66-g877905a95767 xhci-hcd
[    3.325527] usb usb5: SerialNumber: xhci-hcd.5.auto
[    3.325688] hub 5-0:1.0: USB hub found
[    3.325703] hub 5-0:1.0: 1 port detected
[    3.325817] xhci-hcd xhci-hcd.5.auto: xHCI Host Controller
[    3.325825] xhci-hcd xhci-hcd.5.auto: new USB bus registered, assigned bus number 6
[    3.325832] xhci-hcd xhci-hcd.5.auto: Host supports USB 3.0 SuperSpeed
[    3.325856] usb usb6: We don't know the algorithms for LPM for this host, disabling LPM.
[    3.325898] usb usb6: New USB device found, idVendor=1d6b, idProduct=0003, bcdDevice= 5.10
[    3.325903] usb usb6: New USB device strings: Mfr=3, Product=2, SerialNumber=1
[    3.325907] usb usb6: Product: xHCI Host Controller
[    3.325911] usb usb6: Manufacturer: Linux 5.10.66-g877905a95767 xhci-hcd
[    3.325915] usb usb6: SerialNumber: xhci-hcd.5.auto
[    3.326070] hub 6-0:1.0: USB hub found
[    3.326083] hub 6-0:1.0: 1 port detected
[    3.326266] phy phy-fd5d4000.syscon:usb2-phy@4000.3: illegal mode
[    3.326274] xhci-hcd xhci-hcd.6.auto: xHCI Host Controller
[    3.326282] xhci-hcd xhci-hcd.6.auto: new USB bus registered, assigned bus number 7
[    3.326361] xhci-hcd xhci-hcd.6.auto: hcc params 0x0220fe64 hci version 0x110 quirks 0x0000000002010010
[    3.326382] xhci-hcd xhci-hcd.6.auto: irq 120, io mem 0xfc400000
[    3.326498] usb usb7: New USB device found, idVendor=1d6b, idProduct=0002, bcdDevice= 5.10
[    3.326504] usb usb7: New USB device strings: Mfr=3, Product=2, SerialNumber=1
[    3.326508] usb usb7: Product: xHCI Host Controller
[    3.326512] usb usb7: Manufacturer: Linux 5.10.66-g877905a95767 xhci-hcd
[    3.326516] usb usb7: SerialNumber: xhci-hcd.6.auto
[    3.326674] hub 7-0:1.0: USB hub found
[    3.326688] hub 7-0:1.0: 1 port detected
[    3.326801] xhci-hcd xhci-hcd.6.auto: xHCI Host Controller
[    3.326809] xhci-hcd xhci-hcd.6.auto: new USB bus registered, assigned bus number 8
[    3.326816] xhci-hcd xhci-hcd.6.auto: Host supports USB 3.0 SuperSpeed
[    3.326840] usb usb8: We don't know the algorithms for LPM for this host, disabling LPM.
[    3.326881] usb usb8: New USB device found, idVendor=1d6b, idProduct=0003, bcdDevice= 5.10
[    3.326887] usb usb8: New USB device strings: Mfr=3, Product=2, SerialNumber=1
[    3.326891] usb usb8: Product: xHCI Host Controller
[    3.326895] usb usb8: Manufacturer: Linux 5.10.66-g877905a95767 xhci-hcd
[    3.326899] usb usb8: SerialNumber: xhci-hcd.6.auto
[    3.327055] hub 8-0:1.0: USB hub found
[    3.327070] hub 8-0:1.0: config failed, hub doesn't have any ports! (err -19)
[    3.327189] usbcore: registered new interface driver cdc_acm
[    3.327193] cdc_acm: USB Abstract Control Model driver for USB modems and ISDN adapters
[    3.327339] usbcore: registered new interface driver uas
[    3.327396] usbcore: registered new interface driver usb-storage
[    3.327813] usbcore: registered new interface driver usbtouchscreen
[    3.327909] .. rk pwm remotectl v2.0 init
[    3.328012] input: fd8b0030.pwm as /devices/platform/fd8b0030.pwm/input/input0
[    3.328140] remotectl-pwm fd8b0030.pwm: pwm version is 0x2130000
[    3.328163] remotectl-pwm fd8b0030.pwm: Controller support pwrkey capture
[    3.329125] input: rk805 pwrkey as /devices/platform/feb20000.spi/spi_master/spi2/spi2.0/rk805-pwrkey.3.auto/input/input1
[    3.329316] i2c /dev entries driver
[    3.440597] usb 1-1: new high-speed USB device number 2 using ehci-platform
[    3.453925] usb 2-1: new high-speed USB device number 2 using ehci-platform
[    3.593306] usb 1-1: New USB device found, idVendor=05e3, idProduct=0610, bcdDevice= 5.11
[    3.593333] usb 1-1: New USB device strings: Mfr=1, Product=2, SerialNumber=0
[    3.593347] usb 1-1: Product: USB2.0 Hub
[    3.593361] usb 1-1: Manufacturer: GenesysLogic
[    3.594478] hub 1-1:1.0: USB hub found
[    3.594928] hub 1-1:1.0: 4 ports detected
[    3.601271] usb 2-1: New USB device found, idVendor=1a40, idProduct=0201, bcdDevice= 1.00
[    3.601297] usb 2-1: New USB device strings: Mfr=0, Product=1, SerialNumber=0
[    3.601312] usb 2-1: Product: USB 2.0 Hub [MTT]
[    3.601942] hub 2-1:1.0: USB hub found
[    3.602142] hub 2-1:1.0: 7 ports detected
[    3.664101] usb 6-1: new SuperSpeed Gen 1 USB device number 2 using xhci-hcd
[    3.683722] usb 6-1: New USB device found, idVendor=05e3, idProduct=0620, bcdDevice= 5.11
[    3.683749] usb 6-1: New USB device strings: Mfr=1, Product=2, SerialNumber=0
[    3.683764] usb 6-1: Product: USB3.0 Hub
[    3.683777] usb 6-1: Manufacturer: GenesysLogic
[    3.710583] hub 6-1:1.0: USB hub found
[    3.710935] hub 6-1:1.0: 4 ports detected
[    4.343895] rk3x-i2c fd880000.i2c: timeout, ipd: 0x80, state: 3
[    4.343907] rk860-regulator 0-0042: Failed to get chip ID!
[    4.343940] rk860-regulator: probe of 0-0042 failed with error -110
[    5.357226] rk3x-i2c fd880000.i2c: timeout, ipd: 0x80, state: 3
[    5.357237] rk860-regulator 0-0043: Failed to get chip ID!
[    5.357263] rk860-regulator: probe of 0-0043 failed with error -110
[    5.360071] vdd_npu_s0: supplied by vcc5v0_sys
[    5.367297] rtc-hym8563 6-0051: could not init device, -6
[    5.371519] usbcore: registered new interface driver uvcvideo
[    5.371529] USB Video Class driver (1.1.1)
[    5.372528] rockchip-thermal fec00000.tsadc: Missing rockchip,grf property
[    5.373031] rockchip-thermal fec00000.tsadc: tsadc is probed successfully!
[    5.373557] cpu cpu0: leakage=11
[    5.375042] cpu cpu0: pvtm=3
[    5.375135] cpu cpu0: pvtm-volt-sel=0
[    5.375619] cpu cpu1: leakage=10
[    5.375651] cpu cpu1: Failed to get reg
[    5.375681] Failed to initialize dvfs info cpu1
[    5.376223] sdhci: Secure Digital Host Controller Interface driver
[    5.376228] sdhci: Copyright(c) Pierre Ossman
[    5.376232] Synopsys Designware Multimedia Card Interface Driver
[    5.376530] sdhci-pltfm: SDHCI platform and OF driver helper
[    5.378016] ledtrig-cpu: registered to indicate activity on CPUs
[    5.378038] arm-scmi firmware:scmi: Failed. SCMI protocol 17 not active.
[    5.378070] SMCCC: SOC_ID: ARCH_SOC_ID not implemented, skipping ....
[    5.378593] cryptodev: driver 1.12 loaded.
[    5.378616] hid: raw HID events driver (C) Jiri Kosina
[    5.378757] usbcore: registered new interface driver usbhid
[    5.378761] usbhid: USB HID core driver
[    5.380894] optee: probing for conduit method.
[    5.380912] optee: revision 3.13 (3f0f0b05)
[    5.381150] optee: initialized driver
[    5.381541] usbcore: registered new interface driver snd-usb-audio
[    5.382250] es8311 3-0018: Don't need spk-ctl gpio
[    5.386232] Initializing XFRM netlink socket
[    5.386248] NET: Registered protocol family 17
[    5.386282] [BT_RFKILL]: Enter rfkill_rk_init
[    5.386286] [WLAN_RFKILL]: Enter rfkill_wlan_init
[    5.386496] Key type dns_resolver registered
[    5.387120] registered taskstats version 1
[    5.387126] Loading compiled-in X.509 certificates
[    5.387253] pstore: Using crash dump compression: deflate
[    5.387399] rga3_core0 fdb60000.rga: Adding to iommu group 2
[    5.387574] rga: rga3_core0_irq, irq = 34, match scheduler
[    5.387842] rga: rga3_core0 driver loaded successfully ver:3.0.76831
[    5.387856] rga: rga3_core0 probe successfully
[    5.388113] rga3_core1 fdb70000.rga: Adding to iommu group 3
[    5.388227] rga: rga3_core1_irq, irq = 35, match scheduler
[    5.388427] rga: rga3_core1 driver loaded successfully ver:3.0.76831
[    5.388440] rga: rga3_core1 probe successfully
[    5.388706] rga: rga2_irq, irq = 36, match scheduler
[    5.388898] rga: rga2 driver loaded successfully ver:3.2.63318
[    5.388941] rga: rga2 probe successfully
[    5.389143] rga: Module initialized. v1.2.14
[    5.408677] mmc1: SDHCI controller on fe2e0000.mmc [fe2e0000.mmc] using ADMA
[    5.409353] mali fb000000.gpu: Kernel DDK version g11p0-01eac0
[    5.409372] pcie30_avdd0v75: supplied by vdd_0v75_s0
[    5.409835] mali fb000000.gpu: leakage=15
[    5.410153] pcie30_avdd1v8: supplied by avcc_1v8_s0
[    5.411188] mali fb000000.gpu: pvtm=835
[    5.411218] mali fb000000.gpu: pvtm-volt-sel=1
[    5.411621] mali fb000000.gpu: avs=0
[    5.412607] W : [File] : drivers/gpu/arm/bifrost/platform/rk/mali_kbase_config_rk.c; [Line] : 136; [Func] : kbase_platform_rk_init(); power-off-delay-ms not available.
[    5.412955] mali fb000000.gpu: r0p0 status 5 is unknown; treating as r0p0 status 0
[    5.412963] mali fb000000.gpu: GPU identified as 0x7 arch 10.8.6 r0p0 status 0
[    5.413009] mali fb000000.gpu: No priority control manager is configured
[    5.413014] mali fb000000.gpu: No memory group manager is configured
[    5.413028] mali fb000000.gpu: Protected memory allocator not available
[    5.413599] mali fb000000.gpu: l=10000 h=85000 hyst=5000 l_limit=0 h_limit=800000000 h_table=0
[    5.414125] mali fb000000.gpu: Probed as mali0
[    5.420673] rockchip-vop2 fdd90000.vop: [drm:vop2_bind] vp0 assign plane mask: 0x5, primary plane phy id: 2
[    5.420718] rockchip-vop2 fdd90000.vop: [drm:vop2_bind] vp1 assign plane mask: 0xa, primary plane phy id: 3
[    5.420760] rockchip-vop2 fdd90000.vop: [drm:vop2_bind] vp2 assign plane mask: 0x140, primary plane phy id: 8
[    5.420784] rockchip-vop2 fdd90000.vop: [drm:vop2_bind] vp3 assign plane mask: 0x280, primary plane phy id: 9
[    5.421717] [drm] failed to init overlay plane Cluster0-win1
[    5.421807] [drm] failed to init overlay plane Cluster1-win1
[    5.421895] [drm] failed to init overlay plane Cluster2-win1
[    5.421980] [drm] failed to init overlay plane Cluster3-win1
[    5.445592] mmc1: new HS400 Enhanced strobe MMC card at address 0001
[    5.445923] mmcblk1: mmc1:0001 BJTD4R 29.1 GiB
[    5.446041] mmcblk1boot0: mmc1:0001 BJTD4R partition 1 4.00 MiB
[    5.446151] mmcblk1boot1: mmc1:0001 BJTD4R partition 2 4.00 MiB
[    5.446212] mmcblk1rpmb: mmc1:0001 BJTD4R partition 3 4.00 MiB, chardev (237:0)
[    5.448579]  mmcblk1: p1 p2 p3 p4 p5 p6 p7 p8
[    5.460067] rockchip-drm display-subsystem: bound fdd90000.vop (ops 0xffffffc010e83958)
[    5.461026] dwhdmi-rockchip fde80000.hdmi: registered ddc I2C bus driver
[    5.461553] rockchip-drm display-subsystem: bound fde80000.hdmi (ops 0xffffffc010e8b6b8)
[    5.462080] dwhdmi-rockchip fdea0000.hdmi: registered ddc I2C bus driver
[    5.462499] rockchip-drm display-subsystem: bound fdea0000.hdmi (ops 0xffffffc010e8b6b8)
[    5.462524] dw-mipi-dsi2 fde30000.dsi: [drm:dw_mipi_dsi2_bind] *ERROR* Failed to find panel or bridge: -517
[    5.466190] input: adc-keys as /devices/platform/adc-keys/input/input2
[    5.467320] es8311 3-0018: ASoC: error at soc_component_write_no_lock on es8311.3-0018: -6
[    5.494039] es8311 3-0018: ASoC: error at soc_component_write_no_lock on es8311.3-0018: -6
[    5.494190] es8311 3-0018: ASoC: error at soc_component_write_no_lock on es8311.3-0018: -6
[    5.494339] es8311 3-0018: ASoC: error at soc_component_write_no_lock on es8311.3-0018: -6
[    5.494485] es8311 3-0018: ASoC: error at soc_component_write_no_lock on es8311.3-0018: -6
[    5.494634] es8311 3-0018: ASoC: error at soc_component_write_no_lock on es8311.3-0018: -6
[    5.494783] es8311 3-0018: ASoC: error at soc_component_write_no_lock on es8311.3-0018: -6
[    5.494934] es8311 3-0018: ASoC: error at soc_component_write_no_lock on es8311.3-0018: -6
[    5.495093] es8311 3-0018: ASoC: error at soc_component_write_no_lock on es8311.3-0018: -6
[    5.495241] es8311 3-0018: ASoC: error at soc_component_write_no_lock on es8311.3-0018: -6
[    5.495388] es8311 3-0018: ASoC: error at soc_component_write_no_lock on es8311.3-0018: -6
[    5.495537] es8311 3-0018: ASoC: error at soc_component_write_no_lock on es8311.3-0018: -6
[    5.495682] es8311 3-0018: ASoC: error at soc_component_write_no_lock on es8311.3-0018: -6
[    5.495831] es8311 3-0018: ASoC: error at soc_component_write_no_lock on es8311.3-0018: -6
[    5.509994] vendor storage:20190527 ret = 0
[    5.520712] es8311 3-0018: ASoC: error at soc_component_write_no_lock on es8311.3-0018: -6
[    5.520867] es8311 3-0018: ASoC: error at soc_component_write_no_lock on es8311.3-0018: -6
[    5.521016] es8311 3-0018: ASoC: error at soc_component_write_no_lock on es8311.3-0018: -6
[    5.521166] es8311 3-0018: ASoC: error at snd_soc_component_update_bits on es8311.3-0018: -6
[    5.521314] es8311 3-0018: ASoC: error at snd_soc_component_update_bits on es8311.3-0018: -6
[    5.521463] es8311 3-0018: ASoC: error at soc_component_write_no_lock on es8311.3-0018: -6
[    5.521611] es8311 3-0018: ASoC: error at soc_component_write_no_lock on es8311.3-0018: -6
[    5.521803] es8311 3-0018: ASoC: error at soc_component_read_no_lock on es8311.3-0018: -6
[    5.521953] es8311 3-0018: ASoC: error at soc_component_read_no_lock on es8311.3-0018: -6
[    5.522103] es8311 3-0018: ASoC: error at soc_component_read_no_lock on es8311.3-0018: -6
[    5.522250] es8311 3-0018: ASoC: error at soc_component_read_no_lock on es8311.3-0018: -6
[    5.522401] es8311 3-0018: ASoC: error at soc_component_read_no_lock on es8311.3-0018: -6
[    5.522550] es8311 3-0018: ASoC: error at soc_component_read_no_lock on es8311.3-0018: -6
[    5.522717] es8311 3-0018: ASoC: error at soc_component_read_no_lock on es8311.3-0018: -6
[    5.522866] es8311 3-0018: ASoC: error at soc_component_read_no_lock on es8311.3-0018: -6
[    5.523014] es8311 3-0018: ASoC: error at soc_component_read_no_lock on es8311.3-0018: -6
[    5.523162] es8311 3-0018: ASoC: error at soc_component_write_no_lock on es8311.3-0018: -6
[    5.523308] es8311 3-0018: ASoC: error at soc_component_read_no_lock on es8311.3-0018: -6
[    5.523455] es8311 3-0018: ASoC: error at soc_component_write_no_lock on es8311.3-0018: -6
[    5.523603] es8311 3-0018: ASoC: error at soc_component_write_no_lock on es8311.3-0018: -6
[    5.523751] es8311 3-0018: ASoC: error at soc_component_write_no_lock on es8311.3-0018: -6
[    5.524808] es8311 3-0018: ASoC: error at soc_component_read_no_lock on es8311.3-0018: -6
[    5.524963] es8311 3-0018: ASoC: error at soc_component_read_no_lock on es8311.3-0018: -6
[    5.528150] rockchip-vop2 fdd90000.vop: [drm:vop2_bind] vp0 assign plane mask: 0x5, primary plane phy id: 2
[    5.528159] rockchip-vop2 fdd90000.vop: [drm:vop2_bind] vp1 assign plane mask: 0xa, primary plane phy id: 3
[    5.528173] rockchip-vop2 fdd90000.vop: [drm:vop2_bind] vp2 assign plane mask: 0x140, primary plane phy id: 8
[    5.528180] rockchip-vop2 fdd90000.vop: [drm:vop2_bind] vp3 assign plane mask: 0x280, primary plane phy id: 9
[    5.528476] [drm] failed to init overlay plane Cluster0-win1
[    5.528503] [drm] failed to init overlay plane Cluster1-win1
[    5.528529] [drm] failed to init overlay plane Cluster2-win1
[    5.528554] [drm] failed to init overlay plane Cluster3-win1
[    5.538192] rockchip-drm display-subsystem: bound fdd90000.vop (ops 0xffffffc010e83958)
[    5.538821] dwhdmi-rockchip fde80000.hdmi: registered ddc I2C bus driver
[    5.539302] rockchip-drm display-subsystem: bound fde80000.hdmi (ops 0xffffffc010e8b6b8)
[    5.539864] dwhdmi-rockchip fdea0000.hdmi: registered ddc I2C bus driver
[    5.540308] rockchip-drm display-subsystem: bound fdea0000.hdmi (ops 0xffffffc010e8b6b8)
[    5.540332] dw-mipi-dsi2 fde30000.dsi: [drm:dw_mipi_dsi2_bind] *ERROR* Failed to find panel or bridge: -517
[    5.547247] rockchip-vop2 fdd90000.vop: [drm:vop2_bind] vp0 assign plane mask: 0x5, primary plane phy id: 2
[    5.547261] rockchip-vop2 fdd90000.vop: [drm:vop2_bind] vp1 assign plane mask: 0xa, primary plane phy id: 3
[    5.547274] rockchip-vop2 fdd90000.vop: [drm:vop2_bind] vp2 assign plane mask: 0x140, primary plane phy id: 8
[    5.547281] rockchip-vop2 fdd90000.vop: [drm:vop2_bind] vp3 assign plane mask: 0x280, primary plane phy id: 9
[    5.547560] [drm] failed to init overlay plane Cluster0-win1
[    5.547587] [drm] failed to init overlay plane Cluster1-win1
[    5.547612] [drm] failed to init overlay plane Cluster2-win1
[    5.547637] [drm] failed to init overlay plane Cluster3-win1
[    5.557176] rockchip-drm display-subsystem: bound fdd90000.vop (ops 0xffffffc010e83958)
[    5.557738] dwhdmi-rockchip fde80000.hdmi: registered ddc I2C bus driver
[    5.558183] rockchip-drm display-subsystem: bound fde80000.hdmi (ops 0xffffffc010e8b6b8)
[    5.558718] dwhdmi-rockchip fdea0000.hdmi: registered ddc I2C bus driver
[    5.559148] rockchip-drm display-subsystem: bound fdea0000.hdmi (ops 0xffffffc010e8b6b8)
[    5.559171] dw-mipi-dsi2 fde30000.dsi: [drm:dw_mipi_dsi2_bind] *ERROR* Failed to find panel or bridge: -517
[    5.566012] rockchip-vop2 fdd90000.vop: [drm:vop2_bind] vp0 assign plane mask: 0x5, primary plane phy id: 2
[    5.566026] rockchip-vop2 fdd90000.vop: [drm:vop2_bind] vp1 assign plane mask: 0xa, primary plane phy id: 3
[    5.566041] rockchip-vop2 fdd90000.vop: [drm:vop2_bind] vp2 assign plane mask: 0x140, primary plane phy id: 8
[    5.566048] rockchip-vop2 fdd90000.vop: [drm:vop2_bind] vp3 assign plane mask: 0x280, primary plane phy id: 9
[    5.566309] [drm] failed to init overlay plane Cluster0-win1
[    5.566335] [drm] failed to init overlay plane Cluster1-win1
[    5.566360] [drm] failed to init overlay plane Cluster2-win1
[    5.566384] [drm] failed to init overlay plane Cluster3-win1
[    5.576308] rockchip-drm display-subsystem: bound fdd90000.vop (ops 0xffffffc010e83958)
[    5.576943] dwhdmi-rockchip fde80000.hdmi: registered ddc I2C bus driver
[    5.577407] rockchip-drm display-subsystem: bound fde80000.hdmi (ops 0xffffffc010e8b6b8)
[    5.577928] dwhdmi-rockchip fdea0000.hdmi: registered ddc I2C bus driver
[    5.578350] rockchip-drm display-subsystem: bound fdea0000.hdmi (ops 0xffffffc010e8b6b8)
[    5.578373] dw-mipi-dsi2 fde30000.dsi: [drm:dw_mipi_dsi2_bind] *ERROR* Failed to find panel or bridge: -517
[    5.585478] rockchip-vop2 fdd90000.vop: [drm:vop2_bind] vp0 assign plane mask: 0x5, primary plane phy id: 2
[    5.585492] rockchip-vop2 fdd90000.vop: [drm:vop2_bind] vp1 assign plane mask: 0xa, primary plane phy id: 3
[    5.585506] rockchip-vop2 fdd90000.vop: [drm:vop2_bind] vp2 assign plane mask: 0x140, primary plane phy id: 8
[    5.585513] rockchip-vop2 fdd90000.vop: [drm:vop2_bind] vp3 assign plane mask: 0x280, primary plane phy id: 9
[    5.585781] [drm] failed to init overlay plane Cluster0-win1
[    5.585808] [drm] failed to init overlay plane Cluster1-win1
[    5.585834] [drm] failed to init overlay plane Cluster2-win1
[    5.585858] [drm] failed to init overlay plane Cluster3-win1
[    5.595345] rockchip-drm display-subsystem: bound fdd90000.vop (ops 0xffffffc010e83958)
[    5.595925] dwhdmi-rockchip fde80000.hdmi: registered ddc I2C bus driver
[    5.596386] rockchip-drm display-subsystem: bound fde80000.hdmi (ops 0xffffffc010e8b6b8)
[    5.596973] dwhdmi-rockchip fdea0000.hdmi: registered ddc I2C bus driver
[    5.597424] rockchip-drm display-subsystem: bound fdea0000.hdmi (ops 0xffffffc010e8b6b8)
[    5.597447] dw-mipi-dsi2 fde30000.dsi: [drm:dw_mipi_dsi2_bind] *ERROR* Failed to find panel or bridge: -517
[    5.604570] rockchip-vop2 fdd90000.vop: [drm:vop2_bind] vp0 assign plane mask: 0x5, primary plane phy id: 2
[    5.604585] rockchip-vop2 fdd90000.vop: [drm:vop2_bind] vp1 assign plane mask: 0xa, primary plane phy id: 3
[    5.604599] rockchip-vop2 fdd90000.vop: [drm:vop2_bind] vp2 assign plane mask: 0x140, primary plane phy id: 8
[    5.604606] rockchip-vop2 fdd90000.vop: [drm:vop2_bind] vp3 assign plane mask: 0x280, primary plane phy id: 9
[    5.604873] [drm] failed to init overlay plane Cluster0-win1
[    5.604899] [drm] failed to init overlay plane Cluster1-win1
[    5.604924] [drm] failed to init overlay plane Cluster2-win1
[    5.604947] [drm] failed to init overlay plane Cluster3-win1
[    5.614452] rockchip-drm display-subsystem: bound fdd90000.vop (ops 0xffffffc010e83958)
[    5.615095] dwhdmi-rockchip fde80000.hdmi: registered ddc I2C bus driver
[    5.615568] rockchip-drm display-subsystem: bound fde80000.hdmi (ops 0xffffffc010e8b6b8)
[    5.616153] dwhdmi-rockchip fdea0000.hdmi: registered ddc I2C bus driver
[    5.616602] rockchip-drm display-subsystem: bound fdea0000.hdmi (ops 0xffffffc010e8b6b8)
[    5.616626] dw-mipi-dsi2 fde30000.dsi: [drm:dw_mipi_dsi2_bind] *ERROR* Failed to find panel or bridge: -517
[    5.623711] rockchip-vop2 fdd90000.vop: [drm:vop2_bind] vp0 assign plane mask: 0x5, primary plane phy id: 2
[    5.623727] rockchip-vop2 fdd90000.vop: [drm:vop2_bind] vp1 assign plane mask: 0xa, primary plane phy id: 3
[    5.623740] rockchip-vop2 fdd90000.vop: [drm:vop2_bind] vp2 assign plane mask: 0x140, primary plane phy id: 8
[    5.623748] rockchip-vop2 fdd90000.vop: [drm:vop2_bind] vp3 assign plane mask: 0x280, primary plane phy id: 9
[    5.624022] [drm] failed to init overlay plane Cluster0-win1
[    5.624050] [drm] failed to init overlay plane Cluster1-win1
[    5.624076] [drm] failed to init overlay plane Cluster2-win1
[    5.624101] [drm] failed to init overlay plane Cluster3-win1
[    5.633786] rockchip-drm display-subsystem: bound fdd90000.vop (ops 0xffffffc010e83958)
[    5.634473] dwhdmi-rockchip fde80000.hdmi: registered ddc I2C bus driver
[    5.634965] rockchip-drm display-subsystem: bound fde80000.hdmi (ops 0xffffffc010e8b6b8)
[    5.635549] dwhdmi-rockchip fdea0000.hdmi: registered ddc I2C bus driver
[    5.636031] rockchip-drm display-subsystem: bound fdea0000.hdmi (ops 0xffffffc010e8b6b8)
[    5.636052] dw-mipi-dsi2 fde30000.dsi: [drm:dw_mipi_dsi2_bind] *ERROR* Failed to find panel or bridge: -517
[    5.643052] rockchip-vop2 fdd90000.vop: [drm:vop2_bind] vp0 assign plane mask: 0x5, primary plane phy id: 2
[    5.643067] rockchip-vop2 fdd90000.vop: [drm:vop2_bind] vp1 assign plane mask: 0xa, primary plane phy id: 3
[    5.643079] rockchip-vop2 fdd90000.vop: [drm:vop2_bind] vp2 assign plane mask: 0x140, primary plane phy id: 8
[    5.643086] rockchip-vop2 fdd90000.vop: [drm:vop2_bind] vp3 assign plane mask: 0x280, primary plane phy id: 9
[    5.643338] [drm] failed to init overlay plane Cluster0-win1
[    5.643364] [drm] failed to init overlay plane Cluster1-win1
[    5.643389] [drm] failed to init overlay plane Cluster2-win1
[    5.643413] [drm] failed to init overlay plane Cluster3-win1
[    5.653008] rockchip-drm display-subsystem: bound fdd90000.vop (ops 0xffffffc010e83958)
[    5.653636] dwhdmi-rockchip fde80000.hdmi: registered ddc I2C bus driver
[    5.654381] rockchip-drm display-subsystem: bound fde80000.hdmi (ops 0xffffffc010e8b6b8)
[    5.654904] dwhdmi-rockchip fdea0000.hdmi: registered ddc I2C bus driver
[    5.655303] rockchip-drm display-subsystem: bound fdea0000.hdmi (ops 0xffffffc010e8b6b8)
[    5.655324] dw-mipi-dsi2 fde30000.dsi: [drm:dw_mipi_dsi2_bind] *ERROR* Failed to find panel or bridge: -517
[    5.662151] rockchip-vop2 fdd90000.vop: [drm:vop2_bind] vp0 assign plane mask: 0x5, primary plane phy id: 2
[    5.662168] rockchip-vop2 fdd90000.vop: [drm:vop2_bind] vp1 assign plane mask: 0xa, primary plane phy id: 3
[    5.662182] rockchip-vop2 fdd90000.vop: [drm:vop2_bind] vp2 assign plane mask: 0x140, primary plane phy id: 8
[    5.662189] rockchip-vop2 fdd90000.vop: [drm:vop2_bind] vp3 assign plane mask: 0x280, primary plane phy id: 9
[    5.662443] [drm] failed to init overlay plane Cluster0-win1
[    5.662470] [drm] failed to init overlay plane Cluster1-win1
[    5.662495] [drm] failed to init overlay plane Cluster2-win1
[    5.662520] [drm] failed to init overlay plane Cluster3-win1
[    5.672374] rockchip-drm display-subsystem: bound fdd90000.vop (ops 0xffffffc010e83958)
[    5.672957] dwhdmi-rockchip fde80000.hdmi: registered ddc I2C bus driver
[    5.673393] rockchip-drm display-subsystem: bound fde80000.hdmi (ops 0xffffffc010e8b6b8)
[    5.673874] dwhdmi-rockchip fdea0000.hdmi: registered ddc I2C bus driver
[    5.674284] rockchip-drm display-subsystem: bound fdea0000.hdmi (ops 0xffffffc010e8b6b8)
[    5.674306] dw-mipi-dsi2 fde30000.dsi: [drm:dw_mipi_dsi2_bind] *ERROR* Failed to find panel or bridge: -517
[    5.681163] rockchip-vop2 fdd90000.vop: [drm:vop2_bind] vp0 assign plane mask: 0x5, primary plane phy id: 2
[    5.681177] rockchip-vop2 fdd90000.vop: [drm:vop2_bind] vp1 assign plane mask: 0xa, primary plane phy id: 3
[    5.681191] rockchip-vop2 fdd90000.vop: [drm:vop2_bind] vp2 assign plane mask: 0x140, primary plane phy id: 8
[    5.681198] rockchip-vop2 fdd90000.vop: [drm:vop2_bind] vp3 assign plane mask: 0x280, primary plane phy id: 9
[    5.681451] [drm] failed to init overlay plane Cluster0-win1
[    5.681478] [drm] failed to init overlay plane Cluster1-win1
[    5.681504] [drm] failed to init overlay plane Cluster2-win1
[    5.681528] [drm] failed to init overlay plane Cluster3-win1
[    5.691430] rockchip-drm display-subsystem: bound fdd90000.vop (ops 0xffffffc010e83958)
[    5.692023] dwhdmi-rockchip fde80000.hdmi: registered ddc I2C bus driver
[    5.692450] rockchip-drm display-subsystem: bound fde80000.hdmi (ops 0xffffffc010e8b6b8)
[    5.692953] dwhdmi-rockchip fdea0000.hdmi: registered ddc I2C bus driver
[    5.693331] rockchip-drm display-subsystem: bound fdea0000.hdmi (ops 0xffffffc010e8b6b8)
[    5.693352] dw-mipi-dsi2 fde30000.dsi: [drm:dw_mipi_dsi2_bind] *ERROR* Failed to find panel or bridge: -517
[    5.700241] rockchip-vop2 fdd90000.vop: [drm:vop2_bind] vp0 assign plane mask: 0x5, primary plane phy id: 2
[    5.700255] rockchip-vop2 fdd90000.vop: [drm:vop2_bind] vp1 assign plane mask: 0xa, primary plane phy id: 3
[    5.700268] rockchip-vop2 fdd90000.vop: [drm:vop2_bind] vp2 assign plane mask: 0x140, primary plane phy id: 8
[    5.700275] rockchip-vop2 fdd90000.vop: [drm:vop2_bind] vp3 assign plane mask: 0x280, primary plane phy id: 9
[    5.700536] [drm] failed to init overlay plane Cluster0-win1
[    5.700574] [drm] failed to init overlay plane Cluster1-win1
[    5.700601] [drm] failed to init overlay plane Cluster2-win1
[    5.700626] [drm] failed to init overlay plane Cluster3-win1
[    5.707257] rk-pcie fe150000.pcie: PCIe Link Fail
[    5.707287] rk-pcie fe150000.pcie: failed to initialize host
[    5.710145] rockchip-drm display-subsystem: bound fdd90000.vop (ops 0xffffffc010e83958)
[    5.710997] dwhdmi-rockchip fde80000.hdmi: registered ddc I2C bus driver
[    5.711523] rockchip-drm display-subsystem: bound fde80000.hdmi (ops 0xffffffc010e8b6b8)
[    5.712238] dwhdmi-rockchip fdea0000.hdmi: registered ddc I2C bus driver
[    5.712738] rockchip-drm display-subsystem: bound fdea0000.hdmi (ops 0xffffffc010e8b6b8)
[    5.712760] dw-mipi-dsi2 fde30000.dsi: [drm:dw_mipi_dsi2_bind] *ERROR* Failed to find panel or bridge: -517
[    5.719579] rockchip-vop2 fdd90000.vop: [drm:vop2_bind] vp0 assign plane mask: 0x5, primary plane phy id: 2
[    5.719595] rockchip-vop2 fdd90000.vop: [drm:vop2_bind] vp1 assign plane mask: 0xa, primary plane phy id: 3
[    5.719608] rockchip-vop2 fdd90000.vop: [drm:vop2_bind] vp2 assign plane mask: 0x140, primary plane phy id: 8
[    5.719615] rockchip-vop2 fdd90000.vop: [drm:vop2_bind] vp3 assign plane mask: 0x280, primary plane phy id: 9
[    5.719875] [drm] failed to init overlay plane Cluster0-win1
[    5.719902] [drm] failed to init overlay plane Cluster1-win1
[    5.719927] [drm] failed to init overlay plane Cluster2-win1
[    5.719951] [drm] failed to init overlay plane Cluster3-win1
[    5.729517] rockchip-drm display-subsystem: bound fdd90000.vop (ops 0xffffffc010e83958)
[    5.730352] dwhdmi-rockchip fde80000.hdmi: registered ddc I2C bus driver
[    5.731191] rockchip-drm display-subsystem: bound fde80000.hdmi (ops 0xffffffc010e8b6b8)
[    5.731930] dwhdmi-rockchip fdea0000.hdmi: registered ddc I2C bus driver
[    5.732438] rockchip-drm display-subsystem: bound fdea0000.hdmi (ops 0xffffffc010e8b6b8)
[    5.732460] dw-mipi-dsi2 fde30000.dsi: [drm:dw_mipi_dsi2_bind] *ERROR* Failed to find panel or bridge: -517
[    5.739258] rockchip-vop2 fdd90000.vop: [drm:vop2_bind] vp0 assign plane mask: 0x5, primary plane phy id: 2
[    5.739272] rockchip-vop2 fdd90000.vop: [drm:vop2_bind] vp1 assign plane mask: 0xa, primary plane phy id: 3
[    5.739286] rockchip-vop2 fdd90000.vop: [drm:vop2_bind] vp2 assign plane mask: 0x140, primary plane phy id: 8
[    5.739293] rockchip-vop2 fdd90000.vop: [drm:vop2_bind] vp3 assign plane mask: 0x280, primary plane phy id: 9
[    5.739558] [drm] failed to init overlay plane Cluster0-win1
[    5.739584] [drm] failed to init overlay plane Cluster1-win1
[    5.739609] [drm] failed to init overlay plane Cluster2-win1
[    5.739633] [drm] failed to init overlay plane Cluster3-win1
[    5.749175] rockchip-drm display-subsystem: bound fdd90000.vop (ops 0xffffffc010e83958)
[    5.749978] dwhdmi-rockchip fde80000.hdmi: registered ddc I2C bus driver
[    5.750519] rockchip-drm display-subsystem: bound fde80000.hdmi (ops 0xffffffc010e8b6b8)
[    5.751280] dwhdmi-rockchip fdea0000.hdmi: registered ddc I2C bus driver
[    5.751823] rockchip-drm display-subsystem: bound fdea0000.hdmi (ops 0xffffffc010e8b6b8)
[    5.751845] dw-mipi-dsi2 fde30000.dsi: [drm:dw_mipi_dsi2_bind] *ERROR* Failed to find panel or bridge: -517
[    5.759020] rockchip-vop2 fdd90000.vop: [drm:vop2_bind] vp0 assign plane mask: 0x5, primary plane phy id: 2
[    5.759034] rockchip-vop2 fdd90000.vop: [drm:vop2_bind] vp1 assign plane mask: 0xa, primary plane phy id: 3
[    5.759047] rockchip-vop2 fdd90000.vop: [drm:vop2_bind] vp2 assign plane mask: 0x140, primary plane phy id: 8
[    5.759054] rockchip-vop2 fdd90000.vop: [drm:vop2_bind] vp3 assign plane mask: 0x280, primary plane phy id: 9
[    5.759314] [drm] failed to init overlay plane Cluster0-win1
[    5.759341] [drm] failed to init overlay plane Cluster1-win1
[    5.759366] [drm] failed to init overlay plane Cluster2-win1
[    5.759390] [drm] failed to init overlay plane Cluster3-win1
[    5.768912] rockchip-drm display-subsystem: bound fdd90000.vop (ops 0xffffffc010e83958)
[    5.769729] dwhdmi-rockchip fde80000.hdmi: registered ddc I2C bus driver
[    5.770264] rockchip-drm display-subsystem: bound fde80000.hdmi (ops 0xffffffc010e8b6b8)
[    5.771078] dwhdmi-rockchip fdea0000.hdmi: registered ddc I2C bus driver
[    5.771604] rockchip-drm display-subsystem: bound fdea0000.hdmi (ops 0xffffffc010e8b6b8)
[    5.771626] dw-mipi-dsi2 fde30000.dsi: [drm:dw_mipi_dsi2_bind] *ERROR* Failed to find panel or bridge: -517
[    5.778566] rockchip-vop2 fdd90000.vop: [drm:vop2_bind] vp0 assign plane mask: 0x5, primary plane phy id: 2
[    5.778582] rockchip-vop2 fdd90000.vop: [drm:vop2_bind] vp1 assign plane mask: 0xa, primary plane phy id: 3
[    5.778595] rockchip-vop2 fdd90000.vop: [drm:vop2_bind] vp2 assign plane mask: 0x140, primary plane phy id: 8
[    5.778603] rockchip-vop2 fdd90000.vop: [drm:vop2_bind] vp3 assign plane mask: 0x280, primary plane phy id: 9
[    5.778867] [drm] failed to init overlay plane Cluster0-win1
[    5.778894] [drm] failed to init overlay plane Cluster1-win1
[    5.778919] [drm] failed to init overlay plane Cluster2-win1
[    5.778944] [drm] failed to init overlay plane Cluster3-win1
[    5.788533] rockchip-drm display-subsystem: bound fdd90000.vop (ops 0xffffffc010e83958)
[    5.789338] dwhdmi-rockchip fde80000.hdmi: registered ddc I2C bus driver
[    5.789873] rockchip-drm display-subsystem: bound fde80000.hdmi (ops 0xffffffc010e8b6b8)
[    5.790601] dwhdmi-rockchip fdea0000.hdmi: registered ddc I2C bus driver
[    5.791159] rockchip-drm display-subsystem: bound fdea0000.hdmi (ops 0xffffffc010e8b6b8)
[    5.791180] dw-mipi-dsi2 fde30000.dsi: [drm:dw_mipi_dsi2_bind] *ERROR* Failed to find panel or bridge: -517
[    5.798182] rockchip-vop2 fdd90000.vop: [drm:vop2_bind] vp0 assign plane mask: 0x5, primary plane phy id: 2
[    5.798197] rockchip-vop2 fdd90000.vop: [drm:vop2_bind] vp1 assign plane mask: 0xa, primary plane phy id: 3
[    5.798210] rockchip-vop2 fdd90000.vop: [drm:vop2_bind] vp2 assign plane mask: 0x140, primary plane phy id: 8
[    5.798217] rockchip-vop2 fdd90000.vop: [drm:vop2_bind] vp3 assign plane mask: 0x280, primary plane phy id: 9
[    5.798476] [drm] failed to init overlay plane Cluster0-win1
[    5.798503] [drm] failed to init overlay plane Cluster1-win1
[    5.798529] [drm] failed to init overlay plane Cluster2-win1
[    5.798554] [drm] failed to init overlay plane Cluster3-win1
[    5.808150] rockchip-drm display-subsystem: bound fdd90000.vop (ops 0xffffffc010e83958)
[    5.808997] dwhdmi-rockchip fde80000.hdmi: registered ddc I2C bus driver
[    5.809559] rockchip-drm display-subsystem: bound fde80000.hdmi (ops 0xffffffc010e8b6b8)
[    5.810341] dwhdmi-rockchip fdea0000.hdmi: registered ddc I2C bus driver
[    5.810924] rockchip-drm display-subsystem: bound fdea0000.hdmi (ops 0xffffffc010e8b6b8)
[    5.810948] dw-mipi-dsi2 fde30000.dsi: [drm:dw_mipi_dsi2_bind] *ERROR* Failed to find panel or bridge: -517
[    5.818207] rockchip-vop2 fdd90000.vop: [drm:vop2_bind] vp0 assign plane mask: 0x5, primary plane phy id: 2
[    5.818220] rockchip-vop2 fdd90000.vop: [drm:vop2_bind] vp1 assign plane mask: 0xa, primary plane phy id: 3
[    5.818232] rockchip-vop2 fdd90000.vop: [drm:vop2_bind] vp2 assign plane mask: 0x140, primary plane phy id: 8
[    5.818239] rockchip-vop2 fdd90000.vop: [drm:vop2_bind] vp3 assign plane mask: 0x280, primary plane phy id: 9
[    5.818509] [drm] failed to init overlay plane Cluster0-win1
[    5.818536] [drm] failed to init overlay plane Cluster1-win1
[    5.818562] [drm] failed to init overlay plane Cluster2-win1
[    5.818587] [drm] failed to init overlay plane Cluster3-win1
[    5.828098] rockchip-drm display-subsystem: bound fdd90000.vop (ops 0xffffffc010e83958)
[    5.828917] dwhdmi-rockchip fde80000.hdmi: registered ddc I2C bus driver
[    5.829561] rockchip-drm display-subsystem: bound fde80000.hdmi (ops 0xffffffc010e8b6b8)
[    5.830321] dwhdmi-rockchip fdea0000.hdmi: registered ddc I2C bus driver
[    5.830884] rockchip-drm display-subsystem: bound fdea0000.hdmi (ops 0xffffffc010e8b6b8)
[    5.830907] dw-mipi-dsi2 fde30000.dsi: [drm:dw_mipi_dsi2_bind] *ERROR* Failed to find panel or bridge: -517
[    5.837849] rockchip-vop2 fdd90000.vop: [drm:vop2_bind] vp0 assign plane mask: 0x5, primary plane phy id: 2
[    5.837863] rockchip-vop2 fdd90000.vop: [drm:vop2_bind] vp1 assign plane mask: 0xa, primary plane phy id: 3
[    5.837875] rockchip-vop2 fdd90000.vop: [drm:vop2_bind] vp2 assign plane mask: 0x140, primary plane phy id: 8
[    5.837882] rockchip-vop2 fdd90000.vop: [drm:vop2_bind] vp3 assign plane mask: 0x280, primary plane phy id: 9
[    5.838148] [drm] failed to init overlay plane Cluster0-win1
[    5.838175] [drm] failed to init overlay plane Cluster1-win1
[    5.838199] [drm] failed to init overlay plane Cluster2-win1
[    5.838224] [drm] failed to init overlay plane Cluster3-win1
[    5.847813] rockchip-drm display-subsystem: bound fdd90000.vop (ops 0xffffffc010e83958)
[    5.848626] dwhdmi-rockchip fde80000.hdmi: registered ddc I2C bus driver
[    5.849188] rockchip-drm display-subsystem: bound fde80000.hdmi (ops 0xffffffc010e8b6b8)
[    5.849965] dwhdmi-rockchip fdea0000.hdmi: registered ddc I2C bus driver
[    5.850491] rockchip-drm display-subsystem: bound fdea0000.hdmi (ops 0xffffffc010e8b6b8)
[    5.850514] dw-mipi-dsi2 fde30000.dsi: [drm:dw_mipi_dsi2_bind] *ERROR* Failed to find panel or bridge: -517
[    5.857660] rockchip-vop2 fdd90000.vop: [drm:vop2_bind] vp0 assign plane mask: 0x5, primary plane phy id: 2
[    5.857674] rockchip-vop2 fdd90000.vop: [drm:vop2_bind] vp1 assign plane mask: 0xa, primary plane phy id: 3
[    5.857687] rockchip-vop2 fdd90000.vop: [drm:vop2_bind] vp2 assign plane mask: 0x140, primary plane phy id: 8
[    5.857695] rockchip-vop2 fdd90000.vop: [drm:vop2_bind] vp3 assign plane mask: 0x280, primary plane phy id: 9
[    5.857946] [drm] failed to init overlay plane Cluster0-win1
[    5.857973] [drm] failed to init overlay plane Cluster1-win1
[    5.857998] [drm] failed to init overlay plane Cluster2-win1
[    5.858022] [drm] failed to init overlay plane Cluster3-win1
[    5.867562] rockchip-drm display-subsystem: bound fdd90000.vop (ops 0xffffffc010e83958)
[    5.868392] dwhdmi-rockchip fde80000.hdmi: registered ddc I2C bus driver
[    5.868959] rockchip-drm display-subsystem: bound fde80000.hdmi (ops 0xffffffc010e8b6b8)
[    5.869715] dwhdmi-rockchip fdea0000.hdmi: registered ddc I2C bus driver
[    5.870273] rockchip-drm display-subsystem: bound fdea0000.hdmi (ops 0xffffffc010e8b6b8)
[    5.870296] dw-mipi-dsi2 fde30000.dsi: [drm:dw_mipi_dsi2_bind] *ERROR* Failed to find panel or bridge: -517
[    5.877264] rockchip-vop2 fdd90000.vop: [drm:vop2_bind] vp0 assign plane mask: 0x5, primary plane phy id: 2
[    5.877278] rockchip-vop2 fdd90000.vop: [drm:vop2_bind] vp1 assign plane mask: 0xa, primary plane phy id: 3
[    5.877291] rockchip-vop2 fdd90000.vop: [drm:vop2_bind] vp2 assign plane mask: 0x140, primary plane phy id: 8
[    5.877298] rockchip-vop2 fdd90000.vop: [drm:vop2_bind] vp3 assign plane mask: 0x280, primary plane phy id: 9
[    5.877560] [drm] failed to init overlay plane Cluster0-win1
[    5.877587] [drm] failed to init overlay plane Cluster1-win1
[    5.877613] [drm] failed to init overlay plane Cluster2-win1
[    5.877638] [drm] failed to init overlay plane Cluster3-win1
[    5.887326] rockchip-drm display-subsystem: bound fdd90000.vop (ops 0xffffffc010e83958)
[    5.888169] dwhdmi-rockchip fde80000.hdmi: registered ddc I2C bus driver
[    5.888734] rockchip-drm display-subsystem: bound fde80000.hdmi (ops 0xffffffc010e8b6b8)
[    5.889496] dwhdmi-rockchip fdea0000.hdmi: registered ddc I2C bus driver
[    5.890075] rockchip-drm display-subsystem: bound fdea0000.hdmi (ops 0xffffffc010e8b6b8)
[    5.890096] dw-mipi-dsi2 fde30000.dsi: [drm:dw_mipi_dsi2_bind] *ERROR* Failed to find panel or bridge: -517
[    5.897064] rockchip-vop2 fdd90000.vop: [drm:vop2_bind] vp0 assign plane mask: 0x5, primary plane phy id: 2
[    5.897079] rockchip-vop2 fdd90000.vop: [drm:vop2_bind] vp1 assign plane mask: 0xa, primary plane phy id: 3
[    5.897092] rockchip-vop2 fdd90000.vop: [drm:vop2_bind] vp2 assign plane mask: 0x140, primary plane phy id: 8
[    5.897099] rockchip-vop2 fdd90000.vop: [drm:vop2_bind] vp3 assign plane mask: 0x280, primary plane phy id: 9
[    5.897395] [drm] failed to init overlay plane Cluster0-win1
[    5.897422] [drm] failed to init overlay plane Cluster1-win1
[    5.897447] [drm] failed to init overlay plane Cluster2-win1
[    5.897472] [drm] failed to init overlay plane Cluster3-win1
[    5.907038] rockchip-drm display-subsystem: bound fdd90000.vop (ops 0xffffffc010e83958)
[    5.907785] dwhdmi-rockchip fde80000.hdmi: registered ddc I2C bus driver
[    5.908245] rockchip-drm display-subsystem: bound fde80000.hdmi (ops 0xffffffc010e8b6b8)
[    5.908801] dwhdmi-rockchip fdea0000.hdmi: registered ddc I2C bus driver
[    5.909233] rockchip-drm display-subsystem: bound fdea0000.hdmi (ops 0xffffffc010e8b6b8)
[    5.909254] dw-mipi-dsi2 fde30000.dsi: [drm:dw_mipi_dsi2_bind] *ERROR* Failed to find panel or bridge: -517
[    5.916157] rockchip-vop2 fdd90000.vop: [drm:vop2_bind] vp0 assign plane mask: 0x5, primary plane phy id: 2
[    5.916171] rockchip-vop2 fdd90000.vop: [drm:vop2_bind] vp1 assign plane mask: 0xa, primary plane phy id: 3
[    5.916184] rockchip-vop2 fdd90000.vop: [drm:vop2_bind] vp2 assign plane mask: 0x140, primary plane phy id: 8
[    5.916192] rockchip-vop2 fdd90000.vop: [drm:vop2_bind] vp3 assign plane mask: 0x280, primary plane phy id: 9
[    5.916454] [drm] failed to init overlay plane Cluster0-win1
[    5.916482] [drm] failed to init overlay plane Cluster1-win1
[    5.916507] [drm] failed to init overlay plane Cluster2-win1
[    5.916531] [drm] failed to init overlay plane Cluster3-win1
[    5.926408] rockchip-drm display-subsystem: bound fdd90000.vop (ops 0xffffffc010e83958)
[    5.927027] dwhdmi-rockchip fde80000.hdmi: registered ddc I2C bus driver
[    5.927569] rockchip-drm display-subsystem: bound fde80000.hdmi (ops 0xffffffc010e8b6b8)
[    5.928111] dwhdmi-rockchip fdea0000.hdmi: registered ddc I2C bus driver
[    5.928550] rockchip-drm display-subsystem: bound fdea0000.hdmi (ops 0xffffffc010e8b6b8)
[    5.928572] dw-mipi-dsi2 fde30000.dsi: [drm:dw_mipi_dsi2_bind] *ERROR* Failed to find panel or bridge: -517
[    5.935545] rockchip-vop2 fdd90000.vop: [drm:vop2_bind] vp0 assign plane mask: 0x5, primary plane phy id: 2
[    5.935559] rockchip-vop2 fdd90000.vop: [drm:vop2_bind] vp1 assign plane mask: 0xa, primary plane phy id: 3
[    5.935571] rockchip-vop2 fdd90000.vop: [drm:vop2_bind] vp2 assign plane mask: 0x140, primary plane phy id: 8
[    5.935578] rockchip-vop2 fdd90000.vop: [drm:vop2_bind] vp3 assign plane mask: 0x280, primary plane phy id: 9
[    5.935838] [drm] failed to init overlay plane Cluster0-win1
[    5.935865] [drm] failed to init overlay plane Cluster1-win1
[    5.935890] [drm] failed to init overlay plane Cluster2-win1
[    5.935914] [drm] failed to init overlay plane Cluster3-win1
[    5.945500] rockchip-drm display-subsystem: bound fdd90000.vop (ops 0xffffffc010e83958)
[    5.946109] dwhdmi-rockchip fde80000.hdmi: registered ddc I2C bus driver
[    5.946569] rockchip-drm display-subsystem: bound fde80000.hdmi (ops 0xffffffc010e8b6b8)
[    5.947171] dwhdmi-rockchip fdea0000.hdmi: registered ddc I2C bus driver
[    5.947621] rockchip-drm display-subsystem: bound fdea0000.hdmi (ops 0xffffffc010e8b6b8)
[    5.947643] dw-mipi-dsi2 fde30000.dsi: [drm:dw_mipi_dsi2_bind] *ERROR* Failed to find panel or bridge: -517
[    5.954900] rockchip-vop2 fdd90000.vop: [drm:vop2_bind] vp0 assign plane mask: 0x5, primary plane phy id: 2
[    5.954914] rockchip-vop2 fdd90000.vop: [drm:vop2_bind] vp1 assign plane mask: 0xa, primary plane phy id: 3
[    5.954928] rockchip-vop2 fdd90000.vop: [drm:vop2_bind] vp2 assign plane mask: 0x140, primary plane phy id: 8
[    5.954936] rockchip-vop2 fdd90000.vop: [drm:vop2_bind] vp3 assign plane mask: 0x280, primary plane phy id: 9
[    5.955198] [drm] failed to init overlay plane Cluster0-win1
[    5.955224] [drm] failed to init overlay plane Cluster1-win1
[    5.955250] [drm] failed to init overlay plane Cluster2-win1
[    5.955275] [drm] failed to init overlay plane Cluster3-win1
[    5.964791] rockchip-drm display-subsystem: bound fdd90000.vop (ops 0xffffffc010e83958)
[    5.965451] dwhdmi-rockchip fde80000.hdmi: registered ddc I2C bus driver
[    5.965907] rockchip-drm display-subsystem: bound fde80000.hdmi (ops 0xffffffc010e8b6b8)
[    5.966516] dwhdmi-rockchip fdea0000.hdmi: registered ddc I2C bus driver
[    5.966966] rockchip-drm display-subsystem: bound fdea0000.hdmi (ops 0xffffffc010e8b6b8)
[    5.966989] dw-mipi-dsi2 fde30000.dsi: [drm:dw_mipi_dsi2_bind] *ERROR* Failed to find panel or bridge: -517
[    5.974199] rockchip-vop2 fdd90000.vop: [drm:vop2_bind] vp0 assign plane mask: 0x5, primary plane phy id: 2
[    5.974214] rockchip-vop2 fdd90000.vop: [drm:vop2_bind] vp1 assign plane mask: 0xa, primary plane phy id: 3
[    5.974227] rockchip-vop2 fdd90000.vop: [drm:vop2_bind] vp2 assign plane mask: 0x140, primary plane phy id: 8
[    5.974234] rockchip-vop2 fdd90000.vop: [drm:vop2_bind] vp3 assign plane mask: 0x280, primary plane phy id: 9
[    5.974496] [drm] failed to init overlay plane Cluster0-win1
[    5.974523] [drm] failed to init overlay plane Cluster1-win1
[    5.974549] [drm] failed to init overlay plane Cluster2-win1
[    5.974573] [drm] failed to init overlay plane Cluster3-win1
[    5.984148] rockchip-drm display-subsystem: bound fdd90000.vop (ops 0xffffffc010e83958)
[    5.984968] dwhdmi-rockchip fde80000.hdmi: registered ddc I2C bus driver
[    5.985548] rockchip-drm display-subsystem: bound fde80000.hdmi (ops 0xffffffc010e8b6b8)
[    5.986314] dwhdmi-rockchip fdea0000.hdmi: registered ddc I2C bus driver
[    5.986853] rockchip-drm display-subsystem: bound fdea0000.hdmi (ops 0xffffffc010e8b6b8)
[    5.986876] dw-mipi-dsi2 fde30000.dsi: [drm:dw_mipi_dsi2_bind] *ERROR* Failed to find panel or bridge: -517
[    5.993929] rockchip-vop2 fdd90000.vop: [drm:vop2_bind] vp0 assign plane mask: 0x5, primary plane phy id: 2
[    5.993944] rockchip-vop2 fdd90000.vop: [drm:vop2_bind] vp1 assign plane mask: 0xa, primary plane phy id: 3
[    5.993957] rockchip-vop2 fdd90000.vop: [drm:vop2_bind] vp2 assign plane mask: 0x140, primary plane phy id: 8
[    5.993964] rockchip-vop2 fdd90000.vop: [drm:vop2_bind] vp3 assign plane mask: 0x280, primary plane phy id: 9
[    5.994227] [drm] failed to init overlay plane Cluster0-win1
[    5.994253] [drm] failed to init overlay plane Cluster1-win1
[    5.994279] [drm] failed to init overlay plane Cluster2-win1
[    5.994303] [drm] failed to init overlay plane Cluster3-win1
[    6.003893] rockchip-drm display-subsystem: bound fdd90000.vop (ops 0xffffffc010e83958)
[    6.004697] dwhdmi-rockchip fde80000.hdmi: registered ddc I2C bus driver
[    6.005256] rockchip-drm display-subsystem: bound fde80000.hdmi (ops 0xffffffc010e8b6b8)
[    6.005996] dwhdmi-rockchip fdea0000.hdmi: registered ddc I2C bus driver
[    6.006527] rockchip-drm display-subsystem: bound fdea0000.hdmi (ops 0xffffffc010e8b6b8)
[    6.006549] dw-mipi-dsi2 fde30000.dsi: [drm:dw_mipi_dsi2_bind] *ERROR* Failed to find panel or bridge: -517
